
*** Running vivado
    with args -log au_top_0.vdi -applog -m64 -product Vivado -messageDb vivado.pb -mode batch -source au_top_0.tcl -notrace



****** Vivado v2020.2 (64-bit)
  **** SW Build 3064766 on Wed Nov 18 09:12:45 MST 2020
  **** IP Build 3064653 on Wed Nov 18 14:17:31 MST 2020
    ** Copyright 1986-2020 Xilinx, Inc. All Rights Reserved.

source au_top_0.tcl -notrace
Command: link_design -top au_top_0 -part xc7a35tftg256-1
Design is defaulting to srcset: sources_1
Design is defaulting to constrset: constrs_1
INFO: [Device 21-403] Loading part xc7a35tftg256-1
Netlist sorting complete. Time (s): cpu = 00:00:00 ; elapsed = 00:00:00.013 . Memory (MB): peak = 999.227 ; gain = 0.000
INFO: [Netlist 29-17] Analyzing 100 Unisim elements for replacement
INFO: [Netlist 29-28] Unisim Transformation completed in 0 CPU seconds
INFO: [Project 1-479] Netlist was created with Vivado 2020.2
INFO: [Project 1-570] Preparing netlist for logic optimization
Parsing XDC File [C:/Users/Siyang/OneDrive/Documents/Alchitry/GettingStartedWithFPGA/work/constraint/custom.xdc]
Finished Parsing XDC File [C:/Users/Siyang/OneDrive/Documents/Alchitry/GettingStartedWithFPGA/work/constraint/custom.xdc]
Parsing XDC File [C:/Users/Siyang/OneDrive/Documents/Alchitry/GettingStartedWithFPGA/constraint/newAu.xdc]
Finished Parsing XDC File [C:/Users/Siyang/OneDrive/Documents/Alchitry/GettingStartedWithFPGA/constraint/newAu.xdc]
INFO: [Opt 31-138] Pushed 0 inverter(s) to 0 load pin(s).
Netlist sorting complete. Time (s): cpu = 00:00:00 ; elapsed = 00:00:00.001 . Memory (MB): peak = 999.227 ; gain = 0.000
INFO: [Project 1-111] Unisim Transformation Summary:
No Unisim elements were transformed.

7 Infos, 0 Warnings, 0 Critical Warnings and 0 Errors encountered.
link_design completed successfully
link_design: Time (s): cpu = 00:00:10 ; elapsed = 00:00:13 . Memory (MB): peak = 999.227 ; gain = 0.000
Command: opt_design
Attempting to get a license for feature 'Implementation' and/or device 'xc7a35t'
INFO: [Common 17-349] Got license for feature 'Implementation' and/or device 'xc7a35t'
Running DRC as a precondition to command opt_design

Starting DRC Task
INFO: [DRC 23-27] Running DRC with 2 threads
INFO: [Project 1-461] DRC finished with 0 Errors
INFO: [Project 1-462] Please refer to the DRC report (report_drc) for more information.

Time (s): cpu = 00:00:03 ; elapsed = 00:00:02 . Memory (MB): peak = 999.227 ; gain = 0.000

Starting Cache Timing Information Task
INFO: [Timing 38-35] Done setting XDC timing constraints.
Ending Cache Timing Information Task | Checksum: caa181ac

Time (s): cpu = 00:00:14 ; elapsed = 00:00:14 . Memory (MB): peak = 1242.664 ; gain = 243.438

Starting Logic Optimization Task

Phase 1 Retarget
INFO: [Opt 31-138] Pushed 0 inverter(s) to 0 load pin(s).
INFO: [Opt 31-49] Retargeted 0 cell(s).
Phase 1 Retarget | Checksum: caa181ac

Time (s): cpu = 00:00:00 ; elapsed = 00:00:00.110 . Memory (MB): peak = 1439.160 ; gain = 0.000
INFO: [Opt 31-389] Phase Retarget created 0 cells and removed 0 cells

Phase 2 Constant propagation
INFO: [Opt 31-138] Pushed 0 inverter(s) to 0 load pin(s).
Phase 2 Constant propagation | Checksum: caa181ac

Time (s): cpu = 00:00:00 ; elapsed = 00:00:00.129 . Memory (MB): peak = 1439.160 ; gain = 0.000
INFO: [Opt 31-389] Phase Constant propagation created 0 cells and removed 0 cells

Phase 3 Sweep
Phase 3 Sweep | Checksum: e837697e

Time (s): cpu = 00:00:00 ; elapsed = 00:00:00.214 . Memory (MB): peak = 1439.160 ; gain = 0.000
INFO: [Opt 31-389] Phase Sweep created 45 cells and removed 0 cells

Phase 4 BUFG optimization
Phase 4 BUFG optimization | Checksum: e837697e

Time (s): cpu = 00:00:00 ; elapsed = 00:00:00.247 . Memory (MB): peak = 1439.160 ; gain = 0.000
INFO: [Opt 31-662] Phase BUFG optimization created 0 cells of which 0 are BUFGs and removed 0 cells.

Phase 5 Shift Register Optimization
INFO: [Opt 31-1064] SRL Remap converted 0 SRLs to 0 registers and converted 0 registers of register chains to 0 SRLs
Phase 5 Shift Register Optimization | Checksum: e837697e

Time (s): cpu = 00:00:00 ; elapsed = 00:00:00.254 . Memory (MB): peak = 1439.160 ; gain = 0.000
INFO: [Opt 31-389] Phase Shift Register Optimization created 0 cells and removed 0 cells

Phase 6 Post Processing Netlist
Phase 6 Post Processing Netlist | Checksum: 83dd00f9

Time (s): cpu = 00:00:00 ; elapsed = 00:00:00.274 . Memory (MB): peak = 1439.160 ; gain = 0.000
INFO: [Opt 31-389] Phase Post Processing Netlist created 0 cells and removed 0 cells
Opt_design Change Summary
=========================


-------------------------------------------------------------------------------------------------------------------------
|  Phase                        |  #Cells created  |  #Cells Removed  |  #Constrained objects preventing optimizations  |
-------------------------------------------------------------------------------------------------------------------------
|  Retarget                     |               0  |               0  |                                              0  |
|  Constant propagation         |               0  |               0  |                                              0  |
|  Sweep                        |              45  |               0  |                                              0  |
|  BUFG optimization            |               0  |               0  |                                              0  |
|  Shift Register Optimization  |               0  |               0  |                                              0  |
|  Post Processing Netlist      |               0  |               0  |                                              0  |
-------------------------------------------------------------------------------------------------------------------------



Starting Connectivity Check Task

Time (s): cpu = 00:00:00 ; elapsed = 00:00:00.003 . Memory (MB): peak = 1439.160 ; gain = 0.000
Ending Logic Optimization Task | Checksum: 306d3432

Time (s): cpu = 00:00:00 ; elapsed = 00:00:00.435 . Memory (MB): peak = 1439.160 ; gain = 0.000

Starting Power Optimization Task
INFO: [Pwropt 34-132] Skipping clock gating for clocks with a period < 2.00 ns.
Ending Power Optimization Task | Checksum: 306d3432

Time (s): cpu = 00:00:00 ; elapsed = 00:00:00.027 . Memory (MB): peak = 1439.160 ; gain = 0.000

Starting Final Cleanup Task
Ending Final Cleanup Task | Checksum: 306d3432

Time (s): cpu = 00:00:00 ; elapsed = 00:00:00.001 . Memory (MB): peak = 1439.160 ; gain = 0.000

Starting Netlist Obfuscation Task
Netlist sorting complete. Time (s): cpu = 00:00:00 ; elapsed = 00:00:00.001 . Memory (MB): peak = 1439.160 ; gain = 0.000
Ending Netlist Obfuscation Task | Checksum: 306d3432

Time (s): cpu = 00:00:00 ; elapsed = 00:00:00.001 . Memory (MB): peak = 1439.160 ; gain = 0.000
INFO: [Common 17-83] Releasing license: Implementation
24 Infos, 0 Warnings, 0 Critical Warnings and 0 Errors encountered.
opt_design completed successfully
opt_design: Time (s): cpu = 00:00:22 ; elapsed = 00:00:21 . Memory (MB): peak = 1439.160 ; gain = 439.934
INFO: [Timing 38-480] Writing timing data to binary archive.
Writing placer database...
Writing XDEF routing.
Writing XDEF routing logical nets.
Writing XDEF routing special nets.
Write XDEF Complete: Time (s): cpu = 00:00:01 ; elapsed = 00:00:00.157 . Memory (MB): peak = 1439.160 ; gain = 0.000
INFO: [Common 17-1381] The checkpoint 'C:/Users/Siyang/OneDrive/Documents/Alchitry/GettingStartedWithFPGA/work/vivado/GettingStartedWithFPGA/GettingStartedWithFPGA.runs/impl_1/au_top_0_opt.dcp' has been generated.
INFO: [runtcl-4] Executing : report_drc -file au_top_0_drc_opted.rpt -pb au_top_0_drc_opted.pb -rpx au_top_0_drc_opted.rpx
Command: report_drc -file au_top_0_drc_opted.rpt -pb au_top_0_drc_opted.pb -rpx au_top_0_drc_opted.rpx
INFO: [IP_Flow 19-234] Refreshing IP repositories
INFO: [IP_Flow 19-1704] No user IP repositories specified
INFO: [IP_Flow 19-2313] Loaded Vivado IP repository 'C:/Xilinx/Vivado/2020.2/data/ip'.
INFO: [Timing 38-35] Done setting XDC timing constraints.
INFO: [DRC 23-27] Running DRC with 2 threads
INFO: [Coretcl 2-168] The results of DRC are in file C:/Users/Siyang/OneDrive/Documents/Alchitry/GettingStartedWithFPGA/work/vivado/GettingStartedWithFPGA/GettingStartedWithFPGA.runs/impl_1/au_top_0_drc_opted.rpt.
report_drc completed successfully
report_drc: Time (s): cpu = 00:00:06 ; elapsed = 00:00:05 . Memory (MB): peak = 1490.676 ; gain = 51.516
Command: place_design
Attempting to get a license for feature 'Implementation' and/or device 'xc7a35t'
INFO: [Common 17-349] Got license for feature 'Implementation' and/or device 'xc7a35t'
INFO: [DRC 23-27] Running DRC with 2 threads
INFO: [Vivado_Tcl 4-198] DRC finished with 0 Errors
INFO: [Vivado_Tcl 4-199] Please refer to the DRC report (report_drc) for more information.
Running DRC as a precondition to command place_design
INFO: [DRC 23-27] Running DRC with 2 threads
INFO: [Vivado_Tcl 4-198] DRC finished with 0 Errors
INFO: [Vivado_Tcl 4-199] Please refer to the DRC report (report_drc) for more information.

Starting Placer Task
INFO: [Place 30-611] Multithreading enabled for place_design using a maximum of 2 CPUs

Phase 1 Placer Initialization

Phase 1.1 Placer Initialization Netlist Sorting
Netlist sorting complete. Time (s): cpu = 00:00:00 ; elapsed = 00:00:00.001 . Memory (MB): peak = 1490.676 ; gain = 0.000
Phase 1.1 Placer Initialization Netlist Sorting | Checksum: 2ca30769

Time (s): cpu = 00:00:00 ; elapsed = 00:00:00.019 . Memory (MB): peak = 1490.676 ; gain = 0.000
Netlist sorting complete. Time (s): cpu = 00:00:00 ; elapsed = 00:00:00 . Memory (MB): peak = 1490.676 ; gain = 0.000

Phase 1.2 IO Placement/ Clock Placement/ Build Placer Device
WARNING: [Place 30-87] Partially locked IO Bus is found. Following components of the IO Bus io_button are not locked:  'io_button[4]'  'io_button[3]' 
Phase 1.2 IO Placement/ Clock Placement/ Build Placer Device | Checksum: 912fd19d

Time (s): cpu = 00:00:01 ; elapsed = 00:00:01 . Memory (MB): peak = 1490.676 ; gain = 0.000

Phase 1.3 Build Placer Netlist Model
Phase 1.3 Build Placer Netlist Model | Checksum: 9e1cccf6

Time (s): cpu = 00:00:02 ; elapsed = 00:00:02 . Memory (MB): peak = 1490.676 ; gain = 0.000

Phase 1.4 Constrain Clocks/Macros
Phase 1.4 Constrain Clocks/Macros | Checksum: 9e1cccf6

Time (s): cpu = 00:00:02 ; elapsed = 00:00:02 . Memory (MB): peak = 1490.676 ; gain = 0.000
Phase 1 Placer Initialization | Checksum: 9e1cccf6

Time (s): cpu = 00:00:02 ; elapsed = 00:00:02 . Memory (MB): peak = 1490.676 ; gain = 0.000

Phase 2 Global Placement

Phase 2.1 Floorplanning
Phase 2.1 Floorplanning | Checksum: 18f103521

Time (s): cpu = 00:00:03 ; elapsed = 00:00:02 . Memory (MB): peak = 1490.676 ; gain = 0.000

Phase 2.2 Update Timing before SLR Path Opt
Phase 2.2 Update Timing before SLR Path Opt | Checksum: d9ed59ba

Time (s): cpu = 00:00:03 ; elapsed = 00:00:02 . Memory (MB): peak = 1490.676 ; gain = 0.000

Phase 2.3 Global Placement Core

Phase 2.3.1 Physical Synthesis In Placer
INFO: [Physopt 32-1035] Found 0 LUTNM shape to break, 14 LUT instances to create LUTNM shape
INFO: [Physopt 32-1044] Break lutnm for timing: one critical 0, two critical 0, total 0, new lutff created 0
INFO: [Physopt 32-775] End 1 Pass. Optimized 6 nets or cells. Created 0 new cell, deleted 6 existing cells and moved 0 existing cell
INFO: [Physopt 32-65] No nets found for high-fanout optimization.
INFO: [Physopt 32-232] Optimized 0 net. Created 0 new instance.
INFO: [Physopt 32-775] End 1 Pass. Optimized 0 net or cell. Created 0 new cell, deleted 0 existing cell and moved 0 existing cell
INFO: [Physopt 32-670] No setup violation found.  DSP Register Optimization was not performed.
INFO: [Physopt 32-670] No setup violation found.  Shift Register to Pipeline Optimization was not performed.
INFO: [Physopt 32-670] No setup violation found.  Shift Register Optimization was not performed.
INFO: [Physopt 32-670] No setup violation found.  BRAM Register Optimization was not performed.
INFO: [Physopt 32-670] No setup violation found.  URAM Register Optimization was not performed.
INFO: [Physopt 32-949] No candidate nets found for dynamic/static region interface net replication
INFO: [Physopt 32-775] End 1 Pass. Optimized 0 net or cell. Created 0 new cell, deleted 0 existing cell and moved 0 existing cell
Netlist sorting complete. Time (s): cpu = 00:00:00 ; elapsed = 00:00:00.002 . Memory (MB): peak = 1490.676 ; gain = 0.000

Summary of Physical Synthesis Optimizations
============================================


-----------------------------------------------------------------------------------------------------------------------------------------------------------
|  Optimization                                     |  Added Cells  |  Removed Cells  |  Optimized Cells/Nets  |  Dont Touch  |  Iterations  |  Elapsed   |
-----------------------------------------------------------------------------------------------------------------------------------------------------------
|  LUT Combining                                    |            0  |              6  |                     6  |           0  |           1  |  00:00:00  |
|  Very High Fanout                                 |            0  |              0  |                     0  |           0  |           1  |  00:00:00  |
|  DSP Register                                     |            0  |              0  |                     0  |           0  |           0  |  00:00:00  |
|  Shift Register to Pipeline                       |            0  |              0  |                     0  |           0  |           0  |  00:00:00  |
|  Shift Register                                   |            0  |              0  |                     0  |           0  |           0  |  00:00:00  |
|  BRAM Register                                    |            0  |              0  |                     0  |           0  |           0  |  00:00:00  |
|  URAM Register                                    |            0  |              0  |                     0  |           0  |           0  |  00:00:00  |
|  Dynamic/Static Region Interface Net Replication  |            0  |              0  |                     0  |           0  |           1  |  00:00:00  |
|  Total                                            |            0  |              6  |                     6  |           0  |           3  |  00:00:00  |
-----------------------------------------------------------------------------------------------------------------------------------------------------------


Phase 2.3.1 Physical Synthesis In Placer | Checksum: e2f746a4

Time (s): cpu = 00:00:09 ; elapsed = 00:00:07 . Memory (MB): peak = 1490.676 ; gain = 0.000
Phase 2.3 Global Placement Core | Checksum: 115e6ad8c

Time (s): cpu = 00:00:09 ; elapsed = 00:00:07 . Memory (MB): peak = 1490.676 ; gain = 0.000
Phase 2 Global Placement | Checksum: 115e6ad8c

Time (s): cpu = 00:00:09 ; elapsed = 00:00:07 . Memory (MB): peak = 1490.676 ; gain = 0.000

Phase 3 Detail Placement

Phase 3.1 Commit Multi Column Macros
Phase 3.1 Commit Multi Column Macros | Checksum: 15cac68b9

Time (s): cpu = 00:00:10 ; elapsed = 00:00:07 . Memory (MB): peak = 1490.676 ; gain = 0.000

Phase 3.2 Commit Most Macros & LUTRAMs
Phase 3.2 Commit Most Macros & LUTRAMs | Checksum: c9fd4b4e

Time (s): cpu = 00:00:10 ; elapsed = 00:00:07 . Memory (MB): peak = 1490.676 ; gain = 0.000

Phase 3.3 Area Swap Optimization
Phase 3.3 Area Swap Optimization | Checksum: 195f6fe7c

Time (s): cpu = 00:00:10 ; elapsed = 00:00:07 . Memory (MB): peak = 1490.676 ; gain = 0.000

Phase 3.4 Pipeline Register Optimization
Phase 3.4 Pipeline Register Optimization | Checksum: bf985316

Time (s): cpu = 00:00:10 ; elapsed = 00:00:07 . Memory (MB): peak = 1490.676 ; gain = 0.000

Phase 3.5 Small Shape Detail Placement
Phase 3.5 Small Shape Detail Placement | Checksum: 11639e076

Time (s): cpu = 00:00:11 ; elapsed = 00:00:08 . Memory (MB): peak = 1490.676 ; gain = 0.000

Phase 3.6 Re-assign LUT pins
Phase 3.6 Re-assign LUT pins | Checksum: 1edcc710a

Time (s): cpu = 00:00:11 ; elapsed = 00:00:08 . Memory (MB): peak = 1490.676 ; gain = 0.000

Phase 3.7 Pipeline Register Optimization
Phase 3.7 Pipeline Register Optimization | Checksum: 12429a48c

Time (s): cpu = 00:00:11 ; elapsed = 00:00:08 . Memory (MB): peak = 1490.676 ; gain = 0.000
Phase 3 Detail Placement | Checksum: 12429a48c

Time (s): cpu = 00:00:11 ; elapsed = 00:00:08 . Memory (MB): peak = 1490.676 ; gain = 0.000

Phase 4 Post Placement Optimization and Clean-Up

Phase 4.1 Post Commit Optimization
INFO: [Timing 38-35] Done setting XDC timing constraints.

Phase 4.1.1 Post Placement Optimization
Post Placement Optimization Initialization | Checksum: 16974a8bd

Phase 4.1.1.1 BUFG Insertion

Starting Physical Synthesis Task

Phase 1 Physical Synthesis Initialization
INFO: [Physopt 32-721] Multithreading enabled for phys_opt_design using a maximum of 2 CPUs
INFO: [Physopt 32-619] Estimated Timing Summary | WNS=2.431 | TNS=0.000 |
Phase 1 Physical Synthesis Initialization | Checksum: 848540b6

Time (s): cpu = 00:00:00 ; elapsed = 00:00:00.082 . Memory (MB): peak = 1490.676 ; gain = 0.000
INFO: [Place 46-56] BUFG insertion identified 0 candidate nets. Inserted BUFG: 0, Replicated BUFG Driver: 0, Skipped due to Placement/Routing Conflicts: 0, Skipped due to Timing Degradation: 0, Skipped due to Illegal Netlist: 0.
Ending Physical Synthesis Task | Checksum: 11fc7a8ec

Time (s): cpu = 00:00:00 ; elapsed = 00:00:00.091 . Memory (MB): peak = 1490.676 ; gain = 0.000
Phase 4.1.1.1 BUFG Insertion | Checksum: 16974a8bd

Time (s): cpu = 00:00:11 ; elapsed = 00:00:08 . Memory (MB): peak = 1490.676 ; gain = 0.000
INFO: [Place 30-746] Post Placement Timing Summary WNS=2.431. For the most accurate timing information please run report_timing.

Time (s): cpu = 00:00:11 ; elapsed = 00:00:08 . Memory (MB): peak = 1490.676 ; gain = 0.000
Phase 4.1 Post Commit Optimization | Checksum: 1919bc77c

Time (s): cpu = 00:00:11 ; elapsed = 00:00:08 . Memory (MB): peak = 1490.676 ; gain = 0.000

Phase 4.2 Post Placement Cleanup
Phase 4.2 Post Placement Cleanup | Checksum: 1919bc77c

Time (s): cpu = 00:00:11 ; elapsed = 00:00:08 . Memory (MB): peak = 1490.676 ; gain = 0.000

Phase 4.3 Placer Reporting

Phase 4.3.1 Print Estimated Congestion
INFO: [Place 30-612] Post-Placement Estimated Congestion 
 ____________________________________________________
|           | Global Congestion | Short Congestion  |
| Direction | Region Size       | Region Size       |
|___________|___________________|___________________|
|      North|                1x1|                1x1|
|___________|___________________|___________________|
|      South|                1x1|                1x1|
|___________|___________________|___________________|
|       East|                1x1|                1x1|
|___________|___________________|___________________|
|       West|                1x1|                1x1|
|___________|___________________|___________________|

Phase 4.3.1 Print Estimated Congestion | Checksum: 1919bc77c

Time (s): cpu = 00:00:11 ; elapsed = 00:00:08 . Memory (MB): peak = 1490.676 ; gain = 0.000
Phase 4.3 Placer Reporting | Checksum: 1919bc77c

Time (s): cpu = 00:00:11 ; elapsed = 00:00:08 . Memory (MB): peak = 1490.676 ; gain = 0.000

Phase 4.4 Final Placement Cleanup
Netlist sorting complete. Time (s): cpu = 00:00:00 ; elapsed = 00:00:00.002 . Memory (MB): peak = 1490.676 ; gain = 0.000

Time (s): cpu = 00:00:11 ; elapsed = 00:00:08 . Memory (MB): peak = 1490.676 ; gain = 0.000
Phase 4 Post Placement Optimization and Clean-Up | Checksum: 1a32ed6e9

Time (s): cpu = 00:00:12 ; elapsed = 00:00:08 . Memory (MB): peak = 1490.676 ; gain = 0.000
Ending Placer Task | Checksum: 12d908b90

Time (s): cpu = 00:00:12 ; elapsed = 00:00:08 . Memory (MB): peak = 1490.676 ; gain = 0.000
INFO: [Common 17-83] Releasing license: Implementation
61 Infos, 1 Warnings, 0 Critical Warnings and 0 Errors encountered.
place_design completed successfully
place_design: Time (s): cpu = 00:00:15 ; elapsed = 00:00:10 . Memory (MB): peak = 1490.676 ; gain = 0.000
INFO: [Timing 38-480] Writing timing data to binary archive.
Writing placer database...
Writing XDEF routing.
Writing XDEF routing logical nets.
Writing XDEF routing special nets.
Write XDEF Complete: Time (s): cpu = 00:00:01 ; elapsed = 00:00:00.454 . Memory (MB): peak = 1490.676 ; gain = 0.000
INFO: [Common 17-1381] The checkpoint 'C:/Users/Siyang/OneDrive/Documents/Alchitry/GettingStartedWithFPGA/work/vivado/GettingStartedWithFPGA/GettingStartedWithFPGA.runs/impl_1/au_top_0_placed.dcp' has been generated.
INFO: [runtcl-4] Executing : report_io -file au_top_0_io_placed.rpt
report_io: Time (s): cpu = 00:00:00 ; elapsed = 00:00:00.212 . Memory (MB): peak = 1490.676 ; gain = 0.000
INFO: [runtcl-4] Executing : report_utilization -file au_top_0_utilization_placed.rpt -pb au_top_0_utilization_placed.pb
INFO: [runtcl-4] Executing : report_control_sets -verbose -file au_top_0_control_sets_placed.rpt
report_control_sets: Time (s): cpu = 00:00:00 ; elapsed = 00:00:00.010 . Memory (MB): peak = 1490.676 ; gain = 0.000
Command: phys_opt_design
Attempting to get a license for feature 'Implementation' and/or device 'xc7a35t'
INFO: [Common 17-349] Got license for feature 'Implementation' and/or device 'xc7a35t'
INFO: [Vivado_Tcl 4-383] Design worst setup slack (WNS) is greater than or equal to 0.000 ns. Skipping all physical synthesis optimizations.
INFO: [Vivado_Tcl 4-232] No setup violation found. The netlist was not modified.
INFO: [Common 17-83] Releasing license: Implementation
70 Infos, 1 Warnings, 0 Critical Warnings and 0 Errors encountered.
phys_opt_design completed successfully
INFO: [Timing 38-480] Writing timing data to binary archive.
Writing placer database...
Writing XDEF routing.
Writing XDEF routing logical nets.
Writing XDEF routing special nets.
Write XDEF Complete: Time (s): cpu = 00:00:01 ; elapsed = 00:00:00.385 . Memory (MB): peak = 1490.676 ; gain = 0.000
INFO: [Common 17-1381] The checkpoint 'C:/Users/Siyang/OneDrive/Documents/Alchitry/GettingStartedWithFPGA/work/vivado/GettingStartedWithFPGA/GettingStartedWithFPGA.runs/impl_1/au_top_0_physopt.dcp' has been generated.
Command: route_design
Attempting to get a license for feature 'Implementation' and/or device 'xc7a35t'
INFO: [Common 17-349] Got license for feature 'Implementation' and/or device 'xc7a35t'
Running DRC as a precondition to command route_design
INFO: [DRC 23-27] Running DRC with 2 threads
WARNING: [DRC PLIO-3] Placement Constraints Check for IO constraints: Partially locked IO Bus is found. Following components of the IO Bus io_button[4:0] are not locked:  io_button[4] io_button[3]
INFO: [Vivado_Tcl 4-198] DRC finished with 0 Errors, 1 Warnings
INFO: [Vivado_Tcl 4-199] Please refer to the DRC report (report_drc) for more information.


Starting Routing Task
INFO: [Route 35-254] Multithreading enabled for route_design using a maximum of 2 CPUs
Checksum: PlaceDB: e8b994d0 ConstDB: 0 ShapeSum: 44d6f6c0 RouteDB: 0

Phase 1 Build RT Design
Phase 1 Build RT Design | Checksum: 132f2c7a4

Time (s): cpu = 00:00:31 ; elapsed = 00:00:27 . Memory (MB): peak = 1588.613 ; gain = 88.945
Post Restoration Checksum: NetGraph: bd68c134 NumContArr: 758a0670 Constraints: 0 Timing: 0

Phase 2 Router Initialization

Phase 2.1 Create Timer
Phase 2.1 Create Timer | Checksum: 132f2c7a4

Time (s): cpu = 00:00:31 ; elapsed = 00:00:27 . Memory (MB): peak = 1588.613 ; gain = 88.945

Phase 2.2 Fix Topology Constraints
Phase 2.2 Fix Topology Constraints | Checksum: 132f2c7a4

Time (s): cpu = 00:00:31 ; elapsed = 00:00:27 . Memory (MB): peak = 1594.637 ; gain = 94.969

Phase 2.3 Pre Route Cleanup
Phase 2.3 Pre Route Cleanup | Checksum: 132f2c7a4

Time (s): cpu = 00:00:31 ; elapsed = 00:00:27 . Memory (MB): peak = 1594.637 ; gain = 94.969
 Number of Nodes with overlaps = 0

Phase 2.4 Update Timing
Phase 2.4 Update Timing | Checksum: 7b1952ff

Time (s): cpu = 00:00:31 ; elapsed = 00:00:28 . Memory (MB): peak = 1602.270 ; gain = 102.602
INFO: [Route 35-416] Intermediate Timing Summary | WNS=2.467  | TNS=0.000  | WHS=-0.092 | THS=-1.928 |

Phase 2 Router Initialization | Checksum: c4792e34

Time (s): cpu = 00:00:32 ; elapsed = 00:00:28 . Memory (MB): peak = 1602.270 ; gain = 102.602

Router Utilization Summary
  Global Vertical Routing Utilization    = 0 %
  Global Horizontal Routing Utilization  = 0 %
  Routable Net Status*
  *Does not include unroutable nets such as driverless and loadless.
  Run report_route_status for detailed report.
  Number of Failed Nets               = 800
    (Failed Nets is the sum of unrouted and partially routed nets)
  Number of Unrouted Nets             = 800
  Number of Partially Routed Nets     = 0
  Number of Node Overlaps             = 0


Phase 3 Initial Routing

Phase 3.1 Global Routing
Phase 3.1 Global Routing | Checksum: c4792e34

Time (s): cpu = 00:00:32 ; elapsed = 00:00:28 . Memory (MB): peak = 1603.457 ; gain = 103.789
Phase 3 Initial Routing | Checksum: 226098d84

Time (s): cpu = 00:00:32 ; elapsed = 00:00:29 . Memory (MB): peak = 1603.457 ; gain = 103.789

Phase 4 Rip-up And Reroute

Phase 4.1 Global Iteration 0
 Number of Nodes with overlaps = 60
 Number of Nodes with overlaps = 13
 Number of Nodes with overlaps = 6
 Number of Nodes with overlaps = 4
 Number of Nodes with overlaps = 2
 Number of Nodes with overlaps = 2
 Number of Nodes with overlaps = 0
INFO: [Route 35-416] Intermediate Timing Summary | WNS=2.799  | TNS=0.000  | WHS=N/A    | THS=N/A    |

Phase 4.1 Global Iteration 0 | Checksum: 128ebfe6e

Time (s): cpu = 00:00:33 ; elapsed = 00:00:29 . Memory (MB): peak = 1603.457 ; gain = 103.789
Phase 4 Rip-up And Reroute | Checksum: 128ebfe6e

Time (s): cpu = 00:00:33 ; elapsed = 00:00:29 . Memory (MB): peak = 1603.457 ; gain = 103.789

Phase 5 Delay and Skew Optimization

Phase 5.1 Delay CleanUp
Phase 5.1 Delay CleanUp | Checksum: 128ebfe6e

Time (s): cpu = 00:00:33 ; elapsed = 00:00:29 . Memory (MB): peak = 1603.457 ; gain = 103.789

Phase 5.2 Clock Skew Optimization
Phase 5.2 Clock Skew Optimization | Checksum: 128ebfe6e

Time (s): cpu = 00:00:33 ; elapsed = 00:00:29 . Memory (MB): peak = 1603.457 ; gain = 103.789
Phase 5 Delay and Skew Optimization | Checksum: 128ebfe6e

Time (s): cpu = 00:00:33 ; elapsed = 00:00:29 . Memory (MB): peak = 1603.457 ; gain = 103.789

Phase 6 Post Hold Fix

Phase 6.1 Hold Fix Iter

Phase 6.1.1 Update Timing
Phase 6.1.1 Update Timing | Checksum: 18ea0648a

Time (s): cpu = 00:00:33 ; elapsed = 00:00:29 . Memory (MB): peak = 1603.457 ; gain = 103.789
INFO: [Route 35-416] Intermediate Timing Summary | WNS=2.879  | TNS=0.000  | WHS=0.176  | THS=0.000  |

Phase 6.1 Hold Fix Iter | Checksum: 18ea0648a

Time (s): cpu = 00:00:33 ; elapsed = 00:00:29 . Memory (MB): peak = 1603.457 ; gain = 103.789
Phase 6 Post Hold Fix | Checksum: 18ea0648a

Time (s): cpu = 00:00:33 ; elapsed = 00:00:29 . Memory (MB): peak = 1603.457 ; gain = 103.789

Phase 7 Route finalize

Router Utilization Summary
  Global Vertical Routing Utilization    = 0.211592 %
  Global Horizontal Routing Utilization  = 0.227746 %
  Routable Net Status*
  *Does not include unroutable nets such as driverless and loadless.
  Run report_route_status for detailed report.
  Number of Failed Nets               = 0
    (Failed Nets is the sum of unrouted and partially routed nets)
  Number of Unrouted Nets             = 0
  Number of Partially Routed Nets     = 0
  Number of Node Overlaps             = 0

Phase 7 Route finalize | Checksum: 15732fdc8

Time (s): cpu = 00:00:33 ; elapsed = 00:00:29 . Memory (MB): peak = 1603.457 ; gain = 103.789

Phase 8 Verifying routed nets

 Verification completed successfully
Phase 8 Verifying routed nets | Checksum: 15732fdc8

Time (s): cpu = 00:00:33 ; elapsed = 00:00:29 . Memory (MB): peak = 1604.098 ; gain = 104.430

Phase 9 Depositing Routes
Phase 9 Depositing Routes | Checksum: 1e0a7c921

Time (s): cpu = 00:00:34 ; elapsed = 00:00:30 . Memory (MB): peak = 1604.098 ; gain = 104.430

Phase 10 Post Router Timing
INFO: [Route 35-57] Estimated Timing Summary | WNS=2.879  | TNS=0.000  | WHS=0.176  | THS=0.000  |

INFO: [Route 35-327] The final timing numbers are based on the router estimated timing analysis. For a complete and accurate timing signoff, please run report_timing_summary.
Phase 10 Post Router Timing | Checksum: 1e0a7c921

Time (s): cpu = 00:00:34 ; elapsed = 00:00:30 . Memory (MB): peak = 1604.098 ; gain = 104.430
INFO: [Route 35-16] Router Completed Successfully

Time (s): cpu = 00:00:34 ; elapsed = 00:00:30 . Memory (MB): peak = 1604.098 ; gain = 104.430

Routing Is Done.
INFO: [Common 17-83] Releasing license: Implementation
84 Infos, 2 Warnings, 0 Critical Warnings and 0 Errors encountered.
route_design completed successfully
route_design: Time (s): cpu = 00:00:38 ; elapsed = 00:00:32 . Memory (MB): peak = 1604.098 ; gain = 113.422
INFO: [Timing 38-480] Writing timing data to binary archive.
Writing placer database...
Writing XDEF routing.
Writing XDEF routing logical nets.
Writing XDEF routing special nets.
Write XDEF Complete: Time (s): cpu = 00:00:01 ; elapsed = 00:00:00.380 . Memory (MB): peak = 1613.988 ; gain = 9.891
INFO: [Common 17-1381] The checkpoint 'C:/Users/Siyang/OneDrive/Documents/Alchitry/GettingStartedWithFPGA/work/vivado/GettingStartedWithFPGA/GettingStartedWithFPGA.runs/impl_1/au_top_0_routed.dcp' has been generated.
INFO: [runtcl-4] Executing : report_drc -file au_top_0_drc_routed.rpt -pb au_top_0_drc_routed.pb -rpx au_top_0_drc_routed.rpx
Command: report_drc -file au_top_0_drc_routed.rpt -pb au_top_0_drc_routed.pb -rpx au_top_0_drc_routed.rpx
INFO: [IP_Flow 19-1839] IP Catalog is up to date.
INFO: [DRC 23-27] Running DRC with 2 threads
INFO: [Coretcl 2-168] The results of DRC are in file C:/Users/Siyang/OneDrive/Documents/Alchitry/GettingStartedWithFPGA/work/vivado/GettingStartedWithFPGA/GettingStartedWithFPGA.runs/impl_1/au_top_0_drc_routed.rpt.
report_drc completed successfully
INFO: [runtcl-4] Executing : report_methodology -file au_top_0_methodology_drc_routed.rpt -pb au_top_0_methodology_drc_routed.pb -rpx au_top_0_methodology_drc_routed.rpx
Command: report_methodology -file au_top_0_methodology_drc_routed.rpt -pb au_top_0_methodology_drc_routed.pb -rpx au_top_0_methodology_drc_routed.rpx
INFO: [Timing 38-35] Done setting XDC timing constraints.
INFO: [DRC 23-133] Running Methodology with 2 threads
INFO: [Coretcl 2-1520] The results of Report Methodology are in file C:/Users/Siyang/OneDrive/Documents/Alchitry/GettingStartedWithFPGA/work/vivado/GettingStartedWithFPGA/GettingStartedWithFPGA.runs/impl_1/au_top_0_methodology_drc_routed.rpt.
report_methodology completed successfully
INFO: [runtcl-4] Executing : report_power -file au_top_0_power_routed.rpt -pb au_top_0_power_summary_routed.pb -rpx au_top_0_power_routed.rpx
Command: report_power -file au_top_0_power_routed.rpt -pb au_top_0_power_summary_routed.pb -rpx au_top_0_power_routed.rpx
INFO: [Timing 38-35] Done setting XDC timing constraints.
Running Vector-less Activity Propagation...

Finished Running Vector-less Activity Propagation
96 Infos, 2 Warnings, 0 Critical Warnings and 0 Errors encountered.
report_power completed successfully
INFO: [runtcl-4] Executing : report_route_status -file au_top_0_route_status.rpt -pb au_top_0_route_status.pb
INFO: [runtcl-4] Executing : report_timing_summary -max_paths 10 -file au_top_0_timing_summary_routed.rpt -pb au_top_0_timing_summary_routed.pb -rpx au_top_0_timing_summary_routed.rpx -warn_on_violation 
INFO: [Timing 38-91] UpdateTimingParams: Speed grade: -1, Delay Type: min_max.
INFO: [Timing 38-191] Multithreading enabled for timing update using a maximum of 2 CPUs
INFO: [runtcl-4] Executing : report_incremental_reuse -file au_top_0_incremental_reuse_routed.rpt
INFO: [Vivado_Tcl 4-1062] Incremental flow is disabled. No incremental reuse Info to report.
INFO: [runtcl-4] Executing : report_clock_utilization -file au_top_0_clock_utilization_routed.rpt
INFO: [runtcl-4] Executing : report_bus_skew -warn_on_violation -file au_top_0_bus_skew_routed.rpt -pb au_top_0_bus_skew_routed.pb -rpx au_top_0_bus_skew_routed.rpx
INFO: [Timing 38-91] UpdateTimingParams: Speed grade: -1, Delay Type: min_max.
INFO: [Timing 38-191] Multithreading enabled for timing update using a maximum of 2 CPUs
Command: write_bitstream -force au_top_0.bit -bin_file
Attempting to get a license for feature 'Implementation' and/or device 'xc7a35t'
INFO: [Common 17-349] Got license for feature 'Implementation' and/or device 'xc7a35t'
Running DRC as a precondition to command write_bitstream
INFO: [IP_Flow 19-1839] IP Catalog is up to date.
INFO: [DRC 23-27] Running DRC with 2 threads
WARNING: [DRC NSTD-1] Unspecified I/O Standard: 37 out of 120 logical ports use I/O standard (IOSTANDARD) value 'DEFAULT', instead of a user assigned specific value. This may cause I/O contention or incompatibility with the board power or connectivity affecting performance, signal integrity or in extreme cases cause damage to the device or the components to which it is connected. To correct this violation, specify all I/O standards. This design will fail to generate a bitstream unless all logical ports have a user specified I/O standard value defined. To allow bitstream creation with unspecified I/O standard values (not recommended), use this command: set_property SEVERITY {Warning} [get_drc_checks NSTD-1].  NOTE: When using the Vivado Runs infrastructure (e.g. launch_runs Tcl command), add this command to a .tcl file and add that file as a pre-hook for write_bitstream step for the implementation run. Problem ports: io_led[23:0], io_seg[7:0], io_sel[3:0], and ex_button.
WARNING: [DRC UCIO-1] Unconstrained Logical Port: 37 out of 120 logical ports have no user assigned specific location constraint (LOC). This may cause I/O contention or incompatibility with the board power or connectivity affecting performance, signal integrity or in extreme cases cause damage to the device or the components to which it is connected. To correct this violation, specify all pin locations. This design will fail to generate a bitstream unless all logical ports have a user specified site LOC constraint defined.  To allow bitstream creation with unspecified pin locations (not recommended), use this command: set_property SEVERITY {Warning} [get_drc_checks UCIO-1].  NOTE: When using the Vivado Runs infrastructure (e.g. launch_runs Tcl command), add this command to a .tcl file and add that file as a pre-hook for write_bitstream step for the implementation run.  Problem ports: io_led[23:0], io_seg[7:0], io_sel[3:0], and ex_button.
INFO: [Vivado 12-3199] DRC finished with 0 Errors, 2 Warnings
INFO: [Vivado 12-3200] Please refer to the DRC report (report_drc) for more information.
INFO: [Designutils 20-2272] Running write_bitstream with 2 threads.
Loading data files...
Loading site data...
Loading route data...
Processing options...
Creating bitmap...
Creating bitstream...
Bitstream compression saved 13487776 bits.
Writing bitstream ./au_top_0.bit...
Writing bitstream ./au_top_0.bin...
INFO: [Vivado 12-1842] Bitgen Completed Successfully.
INFO: [Project 1-120] WebTalk data collection is mandatory when using a WebPACK part without a full Vivado license. To see the specific WebTalk data collected for your design, open the usage_statistics_webtalk.html or usage_statistics_webtalk.xml file in the implementation directory.
INFO: [Common 17-186] 'C:/Users/Siyang/OneDrive/Documents/Alchitry/GettingStartedWithFPGA/work/vivado/GettingStartedWithFPGA/GettingStartedWithFPGA.runs/impl_1/usage_statistics_webtalk.xml' has been successfully sent to Xilinx on Wed Apr 13 12:30:45 2022. For additional details about this file, please refer to the WebTalk help file at C:/Xilinx/Vivado/2020.2/doc/webtalk_introduction.html.
INFO: [Common 17-83] Releasing license: Implementation
13 Infos, 2 Warnings, 0 Critical Warnings and 0 Errors encountered.
write_bitstream completed successfully
write_bitstream: Time (s): cpu = 00:00:25 ; elapsed = 00:00:27 . Memory (MB): peak = 2078.512 ; gain = 430.438
INFO: [Common 17-206] Exiting Vivado at Wed Apr 13 12:30:45 2022...
