Copyright 1986-2019 Xilinx, Inc. All Rights Reserved.
-------------------------------------------------------------------------------------------------
| Tool Version              : Vivado v.2019.1 (win64) Build 2552052 Fri May 24 14:49:42 MDT 2019
| Date                      : Mon Apr 18 11:54:51 2022
| Host                      : ALEX-LAPTOP running 64-bit major release  (build 9200)
| Command                   : report_io -file au_top_0_io_placed.rpt
| Design                    : au_top_0
| Device                    : xc7a35t
| Speed File                : -1
| Package                   : ftg256
| Package Version           : FINAL 2013-12-20
| Package Pin Delay Version : VERS. 2.0 2013-12-20
-------------------------------------------------------------------------------------------------

IO Information

Table of Contents
-----------------
1. Summary
2. IO Assignments by Package Pin

1. Summary
----------

+---------------+
| Total User IO |
+---------------+
|            80 |
+---------------+


2. IO Assignments by Package Pin
--------------------------------

+------------+------------------+------------+------------------------------+-------------+-------------+---------+------------+------+---------------------+----------------------+---------+------------+-----------+----------+------+------------------+--------------+-------------------+--------------+
| Pin Number | Signal Name      | Bank Type  | Pin Name                     | Use         | IO Standard | IO Bank | Drive (mA) | Slew | On-Chip Termination | Off-Chip Termination | Voltage | Constraint | Pull Type | DQS Bias | Vref | Signal Integrity | Pre Emphasis | Lvds Pre Emphasis | Equalization |
+------------+------------------+------------+------------------------------+-------------+-------------+---------+------------+------+---------------------+----------------------+---------+------------+-----------+----------+------+------------------+--------------+-------------------+--------------+
| A1         |                  |            | GND                          | GND         |             |         |            |      |                     |                      |     0.0 |            |           |          |      |                  |              |                   |              |
| A2         |                  | High Range | IO_L8N_T1_AD14N_35           | User IO     |             |      35 |            |      |                     |                      |         |            |           |          |      |                  |              |                   |              |
| A3         |                  | High Range | IO_L4N_T0_35                 | User IO     |             |      35 |            |      |                     |                      |         |            |           |          |      |                  |              |                   |              |
| A4         |                  | High Range | IO_L3N_T0_DQS_AD5N_35        | User IO     |             |      35 |            |      |                     |                      |         |            |           |          |      |                  |              |                   |              |
| A5         | seven_segment[1] | High Range | IO_L3P_T0_DQS_AD5P_35        | OUTPUT      | LVCMOS33    |      35 |         12 | SLOW |                     |            FP_VTT_50 |         | FIXED      |           |          |      | NONE             |              |                   |              |
| A6         |                  | High Range | VCCO_35                      | VCCO        |             |      35 |            |      |                     |                      |    3.30 |            |           |          |      |                  |              |                   |              |
| A7         |                  | High Range | IO_L1N_T0_AD4N_35            | User IO     |             |      35 |            |      |                     |                      |         |            |           |          |      |                  |              |                   |              |
| A8         |                  | High Range | IO_L2P_T0_AD8P_15            | User IO     |             |      15 |            |      |                     |                      |         |            |           |          |      |                  |              |                   |              |
| A9         |                  | High Range | IO_L2N_T0_AD8N_15            | User IO     |             |      15 |            |      |                     |                      |         |            |           |          |      |                  |              |                   |              |
| A10        |                  | High Range | IO_L3N_T0_DQS_AD1N_15        | User IO     |             |      15 |            |      |                     |                      |         |            |           |          |      |                  |              |                   |              |
| A11        |                  |            | GND                          | GND         |             |         |            |      |                     |                      |     0.0 |            |           |          |      |                  |              |                   |              |
| A12        |                  | High Range | IO_L5N_T0_AD9N_15            | User IO     |             |      15 |            |      |                     |                      |         |            |           |          |      |                  |              |                   |              |
| A13        |                  | High Range | IO_L7P_T1_AD2P_15            | User IO     |             |      15 |            |      |                     |                      |         |            |           |          |      |                  |              |                   |              |
| A14        |                  | High Range | IO_L7N_T1_AD2N_15            | User IO     |             |      15 |            |      |                     |                      |         |            |           |          |      |                  |              |                   |              |
| A15        |                  | High Range | IO_L9N_T1_DQS_AD3N_15        | User IO     |             |      15 |            |      |                     |                      |         |            |           |          |      |                  |              |                   |              |
| A16        |                  | High Range | VCCO_15                      | VCCO        |             |      15 |            |      |                     |                      |   any** |            |           |          |      |                  |              |                   |              |
| B1         | button[15]       | High Range | IO_L9N_T1_DQS_AD7N_35        | INPUT       | LVCMOS33    |      35 |            |      |                     |                 NONE |         | FIXED      | PULLDOWN  |          |      | NONE             |              |                   |              |
| B2         |                  | High Range | IO_L8P_T1_AD14P_35           | User IO     |             |      35 |            |      |                     |                      |         |            |           |          |      |                  |              |                   |              |
| B3         |                  | High Range | VCCO_35                      | VCCO        |             |      35 |            |      |                     |                      |    3.30 |            |           |          |      |                  |              |                   |              |
| B4         | seven_segment[2] | High Range | IO_L4P_T0_35                 | OUTPUT      | LVCMOS33    |      35 |         12 | SLOW |                     |            FP_VTT_50 |         | FIXED      |           |          |      | NONE             |              |                   |              |
| B5         |                  | High Range | IO_L2N_T0_AD12N_35           | User IO     |             |      35 |            |      |                     |                      |         |            |           |          |      |                  |              |                   |              |
| B6         | seven_segment[0] | High Range | IO_L2P_T0_AD12P_35           | OUTPUT      | LVCMOS33    |      35 |         12 | SLOW |                     |            FP_VTT_50 |         | FIXED      |           |          |      | NONE             |              |                   |              |
| B7         | button[1]        | High Range | IO_L1P_T0_AD4P_35            | INPUT       | LVCMOS33    |      35 |            |      |                     |                 NONE |         | FIXED      | PULLDOWN  |          |      | NONE             |              |                   |              |
| B8         |                  |            | GND                          | GND         |             |         |            |      |                     |                      |     0.0 |            |           |          |      |                  |              |                   |              |
| B9         |                  | High Range | IO_L3P_T0_DQS_AD1P_15        | User IO     |             |      15 |            |      |                     |                      |         |            |           |          |      |                  |              |                   |              |
| B10        |                  | High Range | IO_L4P_T0_15                 | User IO     |             |      15 |            |      |                     |                      |         |            |           |          |      |                  |              |                   |              |
| B11        |                  | High Range | IO_L4N_T0_15                 | User IO     |             |      15 |            |      |                     |                      |         |            |           |          |      |                  |              |                   |              |
| B12        |                  | High Range | IO_L5P_T0_AD9P_15            | User IO     |             |      15 |            |      |                     |                      |         |            |           |          |      |                  |              |                   |              |
| B13        |                  | High Range | VCCO_15                      | VCCO        |             |      15 |            |      |                     |                      |   any** |            |           |          |      |                  |              |                   |              |
| B14        |                  | High Range | IO_L8N_T1_AD10N_15           | User IO     |             |      15 |            |      |                     |                      |         |            |           |          |      |                  |              |                   |              |
| B15        |                  | High Range | IO_L9P_T1_DQS_AD3P_15        | User IO     |             |      15 |            |      |                     |                      |         |            |           |          |      |                  |              |                   |              |
| B16        |                  | High Range | IO_L10N_T1_AD11N_15          | User IO     |             |      15 |            |      |                     |                      |         |            |           |          |      |                  |              |                   |              |
| C1         | button[7]        | High Range | IO_L9P_T1_DQS_AD7P_35        | INPUT       | LVCMOS33    |      35 |            |      |                     |                 NONE |         | FIXED      | PULLDOWN  |          |      | NONE             |              |                   |              |
| C2         | button[14]       | High Range | IO_L7N_T1_AD6N_35            | INPUT       | LVCMOS33    |      35 |            |      |                     |                 NONE |         | FIXED      | PULLDOWN  |          |      | NONE             |              |                   |              |
| C3         | button[6]        | High Range | IO_L7P_T1_AD6P_35            | INPUT       | LVCMOS33    |      35 |            |      |                     |                 NONE |         | FIXED      | PULLDOWN  |          |      | NONE             |              |                   |              |
| C4         | button[12]       | High Range | IO_L12N_T1_MRCC_35           | INPUT       | LVCMOS33    |      35 |            |      |                     |                 NONE |         | FIXED      | PULLDOWN  |          |      | NONE             |              |                   |              |
| C5         |                  |            | GND                          | GND         |             |         |            |      |                     |                      |     0.0 |            |           |          |      |                  |              |                   |              |
| C6         | button[8]        | High Range | IO_L5N_T0_AD13N_35           | INPUT       | LVCMOS33    |      35 |            |      |                     |                 NONE |         | FIXED      | PULLDOWN  |          |      | NONE             |              |                   |              |
| C7         | button[0]        | High Range | IO_L5P_T0_AD13P_35           | INPUT       | LVCMOS33    |      35 |            |      |                     |                 NONE |         | FIXED      | PULLDOWN  |          |      | NONE             |              |                   |              |
| C8         |                  | High Range | IO_L1P_T0_AD0P_15            | User IO     |             |      15 |            |      |                     |                      |         |            |           |          |      |                  |              |                   |              |
| C9         |                  | High Range | IO_L1N_T0_AD0N_15            | User IO     |             |      15 |            |      |                     |                      |         |            |           |          |      |                  |              |                   |              |
| C10        |                  | High Range | VCCO_15                      | VCCO        |             |      15 |            |      |                     |                      |   any** |            |           |          |      |                  |              |                   |              |
| C11        |                  | High Range | IO_L11P_T1_SRCC_15           | User IO     |             |      15 |            |      |                     |                      |         |            |           |          |      |                  |              |                   |              |
| C12        |                  | High Range | IO_L11N_T1_SRCC_15           | User IO     |             |      15 |            |      |                     |                      |         |            |           |          |      |                  |              |                   |              |
| C13        |                  | High Range | IO_L12N_T1_MRCC_15           | User IO     |             |      15 |            |      |                     |                      |         |            |           |          |      |                  |              |                   |              |
| C14        |                  | High Range | IO_L8P_T1_AD10P_15           | User IO     |             |      15 |            |      |                     |                      |         |            |           |          |      |                  |              |                   |              |
| C15        |                  |            | GND                          | GND         |             |         |            |      |                     |                      |     0.0 |            |           |          |      |                  |              |                   |              |
| C16        |                  | High Range | IO_L10P_T1_AD11P_15          | User IO     |             |      15 |            |      |                     |                      |         |            |           |          |      |                  |              |                   |              |
| D1         |                  | High Range | IO_L10N_T1_AD15N_35          | User IO     |             |      35 |            |      |                     |                      |         |            |           |          |      |                  |              |                   |              |
| D2         |                  |            | GND                          | GND         |             |         |            |      |                     |                      |     0.0 |            |           |          |      |                  |              |                   |              |
| D3         | button[13]       | High Range | IO_L11N_T1_SRCC_35           | INPUT       | LVCMOS33    |      35 |            |      |                     |                 NONE |         | FIXED      | PULLDOWN  |          |      | NONE             |              |                   |              |
| D4         | button[4]        | High Range | IO_L12P_T1_MRCC_35           | INPUT       | LVCMOS33    |      35 |            |      |                     |                 NONE |         | FIXED      | PULLDOWN  |          |      | NONE             |              |                   |              |
| D5         | button[9]        | High Range | IO_L6N_T0_VREF_35            | INPUT       | LVCMOS33    |      35 |            |      |                     |                 NONE |         | FIXED      | PULLDOWN  |          |      | NONE             |              |                   |              |
| D6         |                  | High Range | IO_L6P_T0_35                 | User IO     |             |      35 |            |      |                     |                      |         |            |           |          |      |                  |              |                   |              |
| D7         |                  | High Range | VCCO_35                      | VCCO        |             |      35 |            |      |                     |                      |    3.30 |            |           |          |      |                  |              |                   |              |
| D8         |                  | High Range | IO_L6P_T0_15                 | User IO     |             |      15 |            |      |                     |                      |         |            |           |          |      |                  |              |                   |              |
| D9         |                  | High Range | IO_L6N_T0_VREF_15            | User IO     |             |      15 |            |      |                     |                      |         |            |           |          |      |                  |              |                   |              |
| D10        |                  | High Range | IO_0_15                      | User IO     |             |      15 |            |      |                     |                      |         |            |           |          |      |                  |              |                   |              |
| D11        |                  | High Range | IO_L14N_T2_SRCC_15           | User IO     |             |      15 |            |      |                     |                      |         |            |           |          |      |                  |              |                   |              |
| D12        |                  |            | GND                          | GND         |             |         |            |      |                     |                      |     0.0 |            |           |          |      |                  |              |                   |              |
| D13        |                  | High Range | IO_L12P_T1_MRCC_15           | User IO     |             |      15 |            |      |                     |                      |         |            |           |          |      |                  |              |                   |              |
| D14        |                  | High Range | IO_L15P_T2_DQS_15            | User IO     |             |      15 |            |      |                     |                      |         |            |           |          |      |                  |              |                   |              |
| D15        |                  | High Range | IO_L15N_T2_DQS_ADV_B_15      | User IO     |             |      15 |            |      |                     |                      |         |            |           |          |      |                  |              |                   |              |
| D16        |                  | High Range | IO_L17N_T2_A25_15            | User IO     |             |      15 |            |      |                     |                      |         |            |           |          |      |                  |              |                   |              |
| E1         |                  | High Range | IO_L15N_T2_DQS_35            | User IO     |             |      35 |            |      |                     |                      |         |            |           |          |      |                  |              |                   |              |
| E2         |                  | High Range | IO_L10P_T1_AD15P_35          | User IO     |             |      35 |            |      |                     |                      |         |            |           |          |      |                  |              |                   |              |
| E3         | button[5]        | High Range | IO_L11P_T1_SRCC_35           | INPUT       | LVCMOS33    |      35 |            |      |                     |                 NONE |         | FIXED      | PULLDOWN  |          |      | NONE             |              |                   |              |
| E4         |                  | High Range | VCCO_35                      | VCCO        |             |      35 |            |      |                     |                      |    3.30 |            |           |          |      |                  |              |                   |              |
| E5         | button[10]       | High Range | IO_L13N_T2_MRCC_35           | INPUT       | LVCMOS33    |      35 |            |      |                     |                 NONE |         | FIXED      | PULLDOWN  |          |      | NONE             |              |                   |              |
| E6         | bank_io[32]      | High Range | IO_0_35                      | OUTPUT      | LVCMOS33    |      35 |         12 | SLOW |                     |            FP_VTT_50 |         | FIXED      |           |          |      | NONE             |              |                   |              |
| E7         |                  | Dedicated  | CFGBVS_0                     | Config      |             |       0 |            |      |                     |                      |    3.30 |            |           |          |      |                  |              |                   |              |
| E8         |                  | Dedicated  | CCLK_0                       | Config      |             |       0 |            |      |                     |                      |         |            |           |          |      |                  |              |                   |              |
| E9         |                  |            | GND                          | GND         |             |         |            |      |                     |                      |     0.0 |            |           |          |      |                  |              |                   |              |
| E10        |                  |            | VCCBRAM                      | VCCBRAM     |             |         |            |      |                     |                      |         |            |           |          |      |                  |              |                   |              |
| E11        |                  | High Range | IO_L14P_T2_SRCC_15           | User IO     |             |      15 |            |      |                     |                      |         |            |           |          |      |                  |              |                   |              |
| E12        |                  | High Range | IO_L13P_T2_MRCC_15           | User IO     |             |      15 |            |      |                     |                      |         |            |           |          |      |                  |              |                   |              |
| E13        |                  | High Range | IO_L13N_T2_MRCC_15           | User IO     |             |      15 |            |      |                     |                      |         |            |           |          |      |                  |              |                   |              |
| E14        |                  | High Range | VCCO_15                      | VCCO        |             |      15 |            |      |                     |                      |   any** |            |           |          |      |                  |              |                   |              |
| E15        |                  | High Range | IO_L18N_T2_A23_15            | User IO     |             |      15 |            |      |                     |                      |         |            |           |          |      |                  |              |                   |              |
| E16        |                  | High Range | IO_L17P_T2_A26_15            | User IO     |             |      15 |            |      |                     |                      |         |            |           |          |      |                  |              |                   |              |
| F1         |                  | High Range | VCCO_35                      | VCCO        |             |      35 |            |      |                     |                      |    3.30 |            |           |          |      |                  |              |                   |              |
| F2         |                  | High Range | IO_L15P_T2_DQS_35            | User IO     |             |      35 |            |      |                     |                      |         |            |           |          |      |                  |              |                   |              |
| F3         |                  | High Range | IO_L14N_T2_SRCC_35           | User IO     |             |      35 |            |      |                     |                      |         |            |           |          |      |                  |              |                   |              |
| F4         | seven_segment[3] | High Range | IO_L14P_T2_SRCC_35           | OUTPUT      | LVCMOS33    |      35 |         12 | SLOW |                     |            FP_VTT_50 |         | FIXED      |           |          |      | NONE             |              |                   |              |
| F5         | button[2]        | High Range | IO_L13P_T2_MRCC_35           | INPUT       | LVCMOS33    |      35 |            |      |                     |                 NONE |         | FIXED      | PULLDOWN  |          |      | NONE             |              |                   |              |
| F6         |                  |            | GND                          | GND         |             |         |            |      |                     |                      |     0.0 |            |           |          |      |                  |              |                   |              |
| F7         |                  |            | VCCINT                       | VCCINT      |             |         |            |      |                     |                      |         |            |           |          |      |                  |              |                   |              |
| F8         |                  | Dedicated  | VCCBATT_0                    | Config      |             |       0 |            |      |                     |                      |         |            |           |          |      |                  |              |                   |              |
| F9         |                  |            | VCCINT                       | VCCINT      |             |         |            |      |                     |                      |         |            |           |          |      |                  |              |                   |              |
| F10        |                  |            | GND                          | GND         |             |         |            |      |                     |                      |     0.0 |            |           |          |      |                  |              |                   |              |
| F11        |                  |            | VCCBRAM                      | VCCBRAM     |             |         |            |      |                     |                      |         |            |           |          |      |                  |              |                   |              |
| F12        |                  | High Range | IO_L16P_T2_A28_15            | User IO     |             |      15 |            |      |                     |                      |         |            |           |          |      |                  |              |                   |              |
| F13        |                  | High Range | IO_L16N_T2_A27_15            | User IO     |             |      15 |            |      |                     |                      |         |            |           |          |      |                  |              |                   |              |
| F14        |                  | High Range | IO_L21N_T3_DQS_A18_15        | User IO     |             |      15 |            |      |                     |                      |         |            |           |          |      |                  |              |                   |              |
| F15        |                  | High Range | IO_L18P_T2_A24_15            | User IO     |             |      15 |            |      |                     |                      |         |            |           |          |      |                  |              |                   |              |
| F16        |                  |            | GND                          | GND         |             |         |            |      |                     |                      |     0.0 |            |           |          |      |                  |              |                   |              |
| G1         |                  | High Range | IO_L17N_T2_35                | User IO     |             |      35 |            |      |                     |                      |         |            |           |          |      |                  |              |                   |              |
| G2         | bank_io[33]      | High Range | IO_L17P_T2_35                | OUTPUT      | LVCMOS33    |      35 |         12 | SLOW |                     |            FP_VTT_50 |         | FIXED      |           |          |      | NONE             |              |                   |              |
| G3         |                  |            | GND                          | GND         |             |         |            |      |                     |                      |     0.0 |            |           |          |      |                  |              |                   |              |
| G4         | button[11]       | High Range | IO_L16N_T2_35                | INPUT       | LVCMOS33    |      35 |            |      |                     |                 NONE |         | FIXED      | PULLDOWN  |          |      | NONE             |              |                   |              |
| G5         | button[3]        | High Range | IO_L16P_T2_35                | INPUT       | LVCMOS33    |      35 |            |      |                     |                 NONE |         | FIXED      | PULLDOWN  |          |      | NONE             |              |                   |              |
| G6         |                  |            | VCCINT                       | VCCINT      |             |         |            |      |                     |                      |         |            |           |          |      |                  |              |                   |              |
| G7         |                  | Dedicated  | GNDADC_0                     | XADC        |             |       0 |            |      |                     |                      |         |            |           |          |      |                  |              |                   |              |
| G8         |                  | Dedicated  | VCCADC_0                     | XADC        |             |       0 |            |      |                     |                      |         |            |           |          |      |                  |              |                   |              |
| G9         |                  |            | GND                          | GND         |             |         |            |      |                     |                      |     0.0 |            |           |          |      |                  |              |                   |              |
| G10        |                  |            | VCCAUX                       | VCCAUX      |             |         |            |      |                     |                      |    1.80 |            |           |          |      |                  |              |                   |              |
| G11        |                  | High Range | IO_25_15                     | User IO     |             |      15 |            |      |                     |                      |         |            |           |          |      |                  |              |                   |              |
| G12        |                  | High Range | IO_L19N_T3_A21_VREF_15       | User IO     |             |      15 |            |      |                     |                      |         |            |           |          |      |                  |              |                   |              |
| G13        |                  |            | GND                          | GND         |             |         |            |      |                     |                      |     0.0 |            |           |          |      |                  |              |                   |              |
| G14        |                  | High Range | IO_L21P_T3_DQS_15            | User IO     |             |      15 |            |      |                     |                      |         |            |           |          |      |                  |              |                   |              |
| G15        |                  | High Range | IO_L24N_T3_RS0_15            | User IO     |             |      15 |            |      |                     |                      |         |            |           |          |      |                  |              |                   |              |
| G16        |                  | High Range | IO_L22N_T3_A16_15            | User IO     |             |      15 |            |      |                     |                      |         |            |           |          |      |                  |              |                   |              |
| H1         |                  | High Range | IO_L20N_T3_35                | User IO     |             |      35 |            |      |                     |                      |         |            |           |          |      |                  |              |                   |              |
| H2         | bank_io[34]      | High Range | IO_L20P_T3_35                | OUTPUT      | LVCMOS33    |      35 |         12 | SLOW |                     |            FP_VTT_50 |         | FIXED      |           |          |      | NONE             |              |                   |              |
| H3         | bank_io[18]      | High Range | IO_L21N_T3_DQS_35            | OUTPUT      | LVCMOS33    |      35 |         12 | SLOW |                     |            FP_VTT_50 |         | FIXED      |           |          |      | NONE             |              |                   |              |
| H4         | bank_io[17]      | High Range | IO_L18N_T2_35                | OUTPUT      | LVCMOS33    |      35 |         12 | SLOW |                     |            FP_VTT_50 |         | FIXED      |           |          |      | NONE             |              |                   |              |
| H5         | bank_io[1]       | High Range | IO_L18P_T2_35                | OUTPUT      | LVCMOS33    |      35 |         12 | SLOW |                     |            FP_VTT_50 |         | FIXED      |           |          |      | NONE             |              |                   |              |
| H6         |                  |            | GND                          | GND         |             |         |            |      |                     |                      |     0.0 |            |           |          |      |                  |              |                   |              |
| H7         |                  | Dedicated  | VREFN_0                      | XADC        |             |       0 |            |      |                     |                      |         |            |           |          |      |                  |              |                   |              |
| H8         |                  | Dedicated  | VP_0                         | XADC        |             |       0 |            |      |                     |                      |         |            |           |          |      |                  |              |                   |              |
| H9         |                  |            | VCCINT                       | VCCINT      |             |         |            |      |                     |                      |         |            |           |          |      |                  |              |                   |              |
| H10        |                  | Dedicated  | DONE_0                       | Config      |             |       0 |            |      |                     |                      |         |            |           |          |      |                  |              |                   |              |
| H11        |                  | High Range | IO_L19P_T3_A22_15            | User IO     |             |      15 |            |      |                     |                      |         |            |           |          |      |                  |              |                   |              |
| H12        |                  | High Range | IO_L20P_T3_A20_15            | User IO     |             |      15 |            |      |                     |                      |         |            |           |          |      |                  |              |                   |              |
| H13        |                  | High Range | IO_L20N_T3_A19_15            | User IO     |             |      15 |            |      |                     |                      |         |            |           |          |      |                  |              |                   |              |
| H14        |                  | High Range | IO_L24P_T3_RS1_15            | User IO     |             |      15 |            |      |                     |                      |         |            |           |          |      |                  |              |                   |              |
| H15        |                  | High Range | VCCO_15                      | VCCO        |             |      15 |            |      |                     |                      |   any** |            |           |          |      |                  |              |                   |              |
| H16        |                  | High Range | IO_L22P_T3_A17_15            | User IO     |             |      15 |            |      |                     |                      |         |            |           |          |      |                  |              |                   |              |
| J1         |                  | High Range | IO_L22N_T3_35                | User IO     |             |      35 |            |      |                     |                      |         |            |           |          |      |                  |              |                   |              |
| J2         |                  | High Range | VCCO_35                      | VCCO        |             |      35 |            |      |                     |                      |    3.30 |            |           |          |      |                  |              |                   |              |
| J3         | bank_io[2]       | High Range | IO_L21P_T3_DQS_35            | OUTPUT      | LVCMOS33    |      35 |         12 | SLOW |                     |            FP_VTT_50 |         | FIXED      |           |          |      | NONE             |              |                   |              |
| J4         | bank_io[19]      | High Range | IO_L19N_T3_VREF_35           | OUTPUT      | LVCMOS33    |      35 |         12 | SLOW |                     |            FP_VTT_50 |         | FIXED      |           |          |      | NONE             |              |                   |              |
| J5         | bank_io[3]       | High Range | IO_L19P_T3_35                | OUTPUT      | LVCMOS33    |      35 |         12 | SLOW |                     |            FP_VTT_50 |         | FIXED      |           |          |      | NONE             |              |                   |              |
| J6         |                  |            | VCCINT                       | VCCINT      |             |         |            |      |                     |                      |         |            |           |          |      |                  |              |                   |              |
| J7         |                  | Dedicated  | VN_0                         | XADC        |             |       0 |            |      |                     |                      |         |            |           |          |      |                  |              |                   |              |
| J8         |                  | Dedicated  | VREFP_0                      | XADC        |             |       0 |            |      |                     |                      |         |            |           |          |      |                  |              |                   |              |
| J9         |                  |            | GND                          | GND         |             |         |            |      |                     |                      |     0.0 |            |           |          |      |                  |              |                   |              |
| J10        |                  |            | VCCAUX                       | VCCAUX      |             |         |            |      |                     |                      |    1.80 |            |           |          |      |                  |              |                   |              |
| J11        |                  |            | GND                          | GND         |             |         |            |      |                     |                      |     0.0 |            |           |          |      |                  |              |                   |              |
| J12        |                  | High Range | VCCO_15                      | VCCO        |             |      15 |            |      |                     |                      |   any** |            |           |          |      |                  |              |                   |              |
| J13        |                  | High Range | IO_L1P_T0_D00_MOSI_14        | User IO     |             |      14 |            |      |                     |                      |         |            |           |          |      |                  |              |                   |              |
| J14        |                  | High Range | IO_L1N_T0_D01_DIN_14         | User IO     |             |      14 |            |      |                     |                      |         |            |           |          |      |                  |              |                   |              |
| J15        |                  | High Range | IO_L23P_T3_FOE_B_15          | User IO     |             |      15 |            |      |                     |                      |         |            |           |          |      |                  |              |                   |              |
| J16        |                  | High Range | IO_L23N_T3_FWE_B_15          | User IO     |             |      15 |            |      |                     |                      |         |            |           |          |      |                  |              |                   |              |
| K1         | bank_io[35]      | High Range | IO_L22P_T3_35                | OUTPUT      | LVCMOS33    |      35 |         12 | SLOW |                     |            FP_VTT_50 |         | FIXED      |           |          |      | NONE             |              |                   |              |
| K2         | bank_io[20]      | High Range | IO_L24N_T3_35                | OUTPUT      | LVCMOS33    |      35 |         12 | SLOW |                     |            FP_VTT_50 |         | FIXED      |           |          |      | NONE             |              |                   |              |
| K3         | bank_io[4]       | High Range | IO_L24P_T3_35                | OUTPUT      | LVCMOS33    |      35 |         12 | SLOW |                     |            FP_VTT_50 |         | FIXED      |           |          |      | NONE             |              |                   |              |
| K4         |                  |            | GND                          | GND         |             |         |            |      |                     |                      |     0.0 |            |           |          |      |                  |              |                   |              |
| K5         |                  | High Range | IO_25_35                     | User IO     |             |      35 |            |      |                     |                      |         |            |           |          |      |                  |              |                   |              |
| K6         |                  |            | GND                          | GND         |             |         |            |      |                     |                      |     0.0 |            |           |          |      |                  |              |                   |              |
| K7         |                  | Dedicated  | DXN_0                        | Temp Sensor |             |       0 |            |      |                     |                      |         |            |           |          |      |                  |              |                   |              |
| K8         |                  | Dedicated  | DXP_0                        | Temp Sensor |             |       0 |            |      |                     |                      |         |            |           |          |      |                  |              |                   |              |
| K9         |                  |            | VCCINT                       | VCCINT      |             |         |            |      |                     |                      |         |            |           |          |      |                  |              |                   |              |
| K10        |                  | Dedicated  | INIT_B_0                     | Config      |             |       0 |            |      |                     |                      |         |            |           |          |      |                  |              |                   |              |
| K11        |                  |            | VCCAUX                       | VCCAUX      |             |         |            |      |                     |                      |    1.80 |            |           |          |      |                  |              |                   |              |
| K12        | led[1]           | High Range | IO_0_14                      | OUTPUT      | LVCMOS33    |      14 |         12 | SLOW |                     |            FP_VTT_50 |         | FIXED      |           |          |      | NONE             |              |                   |              |
| K13        | led[0]           | High Range | IO_L5P_T0_D06_14             | OUTPUT      | LVCMOS33    |      14 |         12 | SLOW |                     |            FP_VTT_50 |         | FIXED      |           |          |      | NONE             |              |                   |              |
| K14        |                  |            | GND                          | GND         |             |         |            |      |                     |                      |     0.0 |            |           |          |      |                  |              |                   |              |
| K15        |                  | High Range | IO_L2P_T0_D02_14             | User IO     |             |      14 |            |      |                     |                      |         |            |           |          |      |                  |              |                   |              |
| K16        |                  | High Range | IO_L2N_T0_D03_14             | User IO     |             |      14 |            |      |                     |                      |         |            |           |          |      |                  |              |                   |              |
| L1         |                  |            | GND                          | GND         |             |         |            |      |                     |                      |     0.0 |            |           |          |      |                  |              |                   |              |
| L2         |                  | High Range | IO_L23N_T3_35                | User IO     |             |      35 |            |      |                     |                      |         |            |           |          |      |                  |              |                   |              |
| L3         | bank_io[36]      | High Range | IO_L23P_T3_35                | OUTPUT      | LVCMOS33    |      35 |         12 | SLOW |                     |            FP_VTT_50 |         | FIXED      |           |          |      | NONE             |              |                   |              |
| L4         |                  | High Range | IO_L1P_T0_34                 | User IO     |             |      34 |            |      |                     |                      |         |            |           |          |      |                  |              |                   |              |
| L5         | bank_io[40]      | High Range | IO_0_34                      | OUTPUT      | LVCMOS33    |      34 |         12 | SLOW |                     |            FP_VTT_50 |         | FIXED      |           |          |      | NONE             |              |                   |              |
| L6         |                  | Dedicated  | VCCO_0                       | VCCO        |             |       0 |            |      |                     |                      |    3.30 |            |           |          |      |                  |              |                   |              |
| L7         |                  | Dedicated  | TCK_0                        | Config      |             |       0 |            |      |                     |                      |         |            |           |          |      |                  |              |                   |              |
| L8         |                  |            | VCCINT                       | VCCINT      |             |         |            |      |                     |                      |         |            |           |          |      |                  |              |                   |              |
| L9         |                  | Dedicated  | PROGRAM_B_0                  | Config      |             |       0 |            |      |                     |                      |         |            |           |          |      |                  |              |                   |              |
| L10        |                  |            | VCCAUX                       | VCCAUX      |             |         |            |      |                     |                      |    1.80 |            |           |          |      |                  |              |                   |              |
| L11        |                  |            | GND                          | GND         |             |         |            |      |                     |                      |     0.0 |            |           |          |      |                  |              |                   |              |
| L12        |                  | High Range | IO_L6P_T0_FCS_B_14           | User IO     |             |      14 |            |      |                     |                      |         |            |           |          |      |                  |              |                   |              |
| L13        | led[3]           | High Range | IO_L5N_T0_D07_14             | OUTPUT      | LVCMOS33    |      14 |         12 | SLOW |                     |            FP_VTT_50 |         | FIXED      |           |          |      | NONE             |              |                   |              |
| L14        | led[2]           | High Range | IO_L4P_T0_D04_14             | OUTPUT      | LVCMOS33    |      14 |         12 | SLOW |                     |            FP_VTT_50 |         | FIXED      |           |          |      | NONE             |              |                   |              |
| L15        |                  | High Range | IO_L3P_T0_DQS_PUDC_B_14      | User IO     |             |      14 |            |      |                     |                      |         |            |           |          |      |                  |              |                   |              |
| L16        |                  | High Range | VCCO_14                      | VCCO        |             |      14 |            |      |                     |                      |    3.30 |            |           |          |      |                  |              |                   |              |
| M1         | bank_io[12]      | High Range | IO_L2N_T0_34                 | OUTPUT      | LVCMOS33    |      34 |         12 | SLOW |                     |            FP_VTT_50 |         | FIXED      |           |          |      | NONE             |              |                   |              |
| M2         | bank_io[28]      | High Range | IO_L2P_T0_34                 | OUTPUT      | LVCMOS33    |      34 |         12 | SLOW |                     |            FP_VTT_50 |         | FIXED      |           |          |      | NONE             |              |                   |              |
| M3         |                  | High Range | VCCO_34                      | VCCO        |             |      34 |            |      |                     |                      |    3.30 |            |           |          |      |                  |              |                   |              |
| M4         | bank_io[42]      | High Range | IO_L1N_T0_34                 | OUTPUT      | LVCMOS33    |      34 |         12 | SLOW |                     |            FP_VTT_50 |         | FIXED      |           |          |      | NONE             |              |                   |              |
| M5         |                  | High Range | IO_L6P_T0_34                 | User IO     |             |      34 |            |      |                     |                      |         |            |           |          |      |                  |              |                   |              |
| M6         | bank_io[0]       | High Range | IO_L19P_T3_A10_D26_14        | OUTPUT      | LVCMOS33    |      14 |         12 | SLOW |                     |            FP_VTT_50 |         | FIXED      |           |          |      | NONE             |              |                   |              |
| M7         |                  | Dedicated  | TMS_0                        | Config      |             |       0 |            |      |                     |                      |         |            |           |          |      |                  |              |                   |              |
| M8         |                  |            | GND                          | GND         |             |         |            |      |                     |                      |     0.0 |            |           |          |      |                  |              |                   |              |
| M9         |                  | Dedicated  | M0_0                         | Config      |             |       0 |            |      |                     |                      |         |            |           |          |      |                  |              |                   |              |
| M10        |                  | Dedicated  | M1_0                         | Config      |             |       0 |            |      |                     |                      |         |            |           |          |      |                  |              |                   |              |
| M11        |                  | Dedicated  | M2_0                         | Config      |             |       0 |            |      |                     |                      |         |            |           |          |      |                  |              |                   |              |
| M12        | led[6]           | High Range | IO_L6N_T0_D08_VREF_14        | OUTPUT      | LVCMOS33    |      14 |         12 | SLOW |                     |            FP_VTT_50 |         | FIXED      |           |          |      | NONE             |              |                   |              |
| M13        |                  | High Range | VCCO_14                      | VCCO        |             |      14 |            |      |                     |                      |    3.30 |            |           |          |      |                  |              |                   |              |
| M14        | led[5]           | High Range | IO_L4N_T0_D05_14             | OUTPUT      | LVCMOS33    |      14 |         12 | SLOW |                     |            FP_VTT_50 |         | FIXED      |           |          |      | NONE             |              |                   |              |
| M15        |                  | High Range | IO_L3N_T0_DQS_EMCCLK_14      | User IO     |             |      14 |            |      |                     |                      |         |            |           |          |      |                  |              |                   |              |
| M16        | led[4]           | High Range | IO_L7P_T1_D09_14             | OUTPUT      | LVCMOS33    |      14 |         12 | SLOW |                     |            FP_VTT_50 |         | FIXED      |           |          |      | NONE             |              |                   |              |
| N1         | bank_io[27]      | High Range | IO_L4P_T0_34                 | OUTPUT      | LVCMOS33    |      34 |         12 | SLOW |                     |            FP_VTT_50 |         | FIXED      |           |          |      | NONE             |              |                   |              |
| N2         | bank_io[44]      | High Range | IO_L3N_T0_DQS_34             | OUTPUT      | LVCMOS33    |      34 |         12 | SLOW |                     |            FP_VTT_50 |         | FIXED      |           |          |      | NONE             |              |                   |              |
| N3         |                  | High Range | IO_L3P_T0_DQS_34             | User IO     |             |      34 |            |      |                     |                      |         |            |           |          |      |                  |              |                   |              |
| N4         | bank_io[41]      | High Range | IO_L6N_T0_VREF_34            | OUTPUT      | LVCMOS33    |      34 |         12 | SLOW |                     |            FP_VTT_50 |         | FIXED      |           |          |      | NONE             |              |                   |              |
| N5         |                  |            | GND                          | GND         |             |         |            |      |                     |                      |     0.0 |            |           |          |      |                  |              |                   |              |
| N6         | bank_io[16]      | High Range | IO_L19N_T3_A09_D25_VREF_14   | OUTPUT      | LVCMOS33    |      14 |         12 | SLOW |                     |            FP_VTT_50 |         | FIXED      |           |          |      | NONE             |              |                   |              |
| N7         |                  | Dedicated  | TDI_0                        | Config      |             |       0 |            |      |                     |                      |         |            |           |          |      |                  |              |                   |              |
| N8         |                  | Dedicated  | TDO_0                        | Config      |             |       0 |            |      |                     |                      |         |            |           |          |      |                  |              |                   |              |
| N9         | bank_io[5]       | High Range | IO_L18P_T2_A12_D28_14        | OUTPUT      | LVCMOS33    |      14 |         12 | SLOW |                     |            FP_VTT_50 |         | FIXED      |           |          |      | NONE             |              |                   |              |
| N10        |                  | High Range | VCCO_14                      | VCCO        |             |      14 |            |      |                     |                      |    3.30 |            |           |          |      |                  |              |                   |              |
| N11        | bank_io[30]      | High Range | IO_L13P_T2_MRCC_14           | OUTPUT      | LVCMOS33    |      14 |         12 | SLOW |                     |            FP_VTT_50 |         | FIXED      |           |          |      | NONE             |              |                   |              |
| N12        | bank_io[14]      | High Range | IO_L13N_T2_MRCC_14           | OUTPUT      | LVCMOS33    |      14 |         12 | SLOW |                     |            FP_VTT_50 |         | FIXED      |           |          |      | NONE             |              |                   |              |
| N13        | bank_io[29]      | High Range | IO_L11P_T1_SRCC_14           | OUTPUT      | LVCMOS33    |      14 |         12 | SLOW |                     |            FP_VTT_50 |         | FIXED      |           |          |      | NONE             |              |                   |              |
| N14        | clk              | High Range | IO_L12P_T1_MRCC_14           | INPUT       | LVCMOS33    |      14 |            |      |                     |                 NONE |         | FIXED      |           |          |      | NONE             |              |                   |              |
| N15        |                  |            | GND                          | GND         |             |         |            |      |                     |                      |     0.0 |            |           |          |      |                  |              |                   |              |
| N16        | led[7]           | High Range | IO_L7N_T1_D10_14             | OUTPUT      | LVCMOS33    |      14 |         12 | SLOW |                     |            FP_VTT_50 |         | FIXED      |           |          |      | NONE             |              |                   |              |
| P1         | bank_io[11]      | High Range | IO_L4N_T0_34                 | OUTPUT      | LVCMOS33    |      34 |         12 | SLOW |                     |            FP_VTT_50 |         | FIXED      |           |          |      | NONE             |              |                   |              |
| P2         |                  |            | GND                          | GND         |             |         |            |      |                     |                      |     0.0 |            |           |          |      |                  |              |                   |              |
| P3         | bank_io[43]      | High Range | IO_L5N_T0_34                 | OUTPUT      | LVCMOS33    |      34 |         12 | SLOW |                     |            FP_VTT_50 |         | FIXED      |           |          |      | NONE             |              |                   |              |
| P4         |                  | High Range | IO_L5P_T0_34                 | User IO     |             |      34 |            |      |                     |                      |         |            |           |          |      |                  |              |                   |              |
| P5         |                  | High Range | IO_L10P_T1_34                | User IO     |             |      34 |            |      |                     |                      |         |            |           |          |      |                  |              |                   |              |
| P6         | rst_n            | High Range | IO_25_14                     | INPUT       | LVCMOS33    |      14 |            |      |                     |                 NONE |         | FIXED      |           |          |      | NONE             |              |                   |              |
| P7         |                  | High Range | VCCO_14                      | VCCO        |             |      14 |            |      |                     |                      |    3.30 |            |           |          |      |                  |              |                   |              |
| P8         | bank_io[37]      | High Range | IO_L20P_T3_A08_D24_14        | OUTPUT      | LVCMOS33    |      14 |         12 | SLOW |                     |            FP_VTT_50 |         | FIXED      |           |          |      | NONE             |              |                   |              |
| P9         | bank_io[21]      | High Range | IO_L18N_T2_A11_D27_14        | OUTPUT      | LVCMOS33    |      14 |         12 | SLOW |                     |            FP_VTT_50 |         | FIXED      |           |          |      | NONE             |              |                   |              |
| P10        | bank_io[31]      | High Range | IO_L14P_T2_SRCC_14           | OUTPUT      | LVCMOS33    |      14 |         12 | SLOW |                     |            FP_VTT_50 |         | FIXED      |           |          |      | NONE             |              |                   |              |
| P11        | bank_io[15]      | High Range | IO_L14N_T2_SRCC_14           | OUTPUT      | LVCMOS33    |      14 |         12 | SLOW |                     |            FP_VTT_50 |         | FIXED      |           |          |      | NONE             |              |                   |              |
| P12        |                  |            | GND                          | GND         |             |         |            |      |                     |                      |     0.0 |            |           |          |      |                  |              |                   |              |
| P13        | bank_io[13]      | High Range | IO_L11N_T1_SRCC_14           | OUTPUT      | LVCMOS33    |      14 |         12 | SLOW |                     |            FP_VTT_50 |         | FIXED      |           |          |      | NONE             |              |                   |              |
| P14        |                  | High Range | IO_L12N_T1_MRCC_14           | User IO     |             |      14 |            |      |                     |                      |         |            |           |          |      |                  |              |                   |              |
| P15        | usb_rx           | High Range | IO_L8P_T1_D11_14             | INPUT       | LVCMOS33    |      14 |            |      |                     |                 NONE |         | FIXED      |           |          |      | NONE             |              |                   |              |
| P16        | usb_tx           | High Range | IO_L8N_T1_D12_14             | OUTPUT      | LVCMOS33    |      14 |         12 | SLOW |                     |            FP_VTT_50 |         | FIXED      |           |          |      | NONE             |              |                   |              |
| R1         | bank_io[10]      | High Range | IO_L7N_T1_34                 | OUTPUT      | LVCMOS33    |      34 |         12 | SLOW |                     |            FP_VTT_50 |         | FIXED      |           |          |      | NONE             |              |                   |              |
| R2         | bank_io[26]      | High Range | IO_L7P_T1_34                 | OUTPUT      | LVCMOS33    |      34 |         12 | SLOW |                     |            FP_VTT_50 |         | FIXED      |           |          |      | NONE             |              |                   |              |
| R3         | bank_io[25]      | High Range | IO_L8P_T1_34                 | OUTPUT      | LVCMOS33    |      34 |         12 | SLOW |                     |            FP_VTT_50 |         | FIXED      |           |          |      | NONE             |              |                   |              |
| R4         |                  | High Range | VCCO_34                      | VCCO        |             |      34 |            |      |                     |                      |    3.30 |            |           |          |      |                  |              |                   |              |
| R5         | bank_io[6]       | High Range | IO_L23P_T3_A03_D19_14        | OUTPUT      | LVCMOS33    |      14 |         12 | SLOW |                     |            FP_VTT_50 |         | FIXED      |           |          |      | NONE             |              |                   |              |
| R6         | bank_io[22]      | High Range | IO_L24P_T3_A01_D17_14        | OUTPUT      | LVCMOS33    |      14 |         12 | SLOW |                     |            FP_VTT_50 |         | FIXED      |           |          |      | NONE             |              |                   |              |
| R7         | bank_io[38]      | High Range | IO_L24N_T3_A00_D16_14        | OUTPUT      | LVCMOS33    |      14 |         12 | SLOW |                     |            FP_VTT_50 |         | FIXED      |           |          |      | NONE             |              |                   |              |
| R8         |                  | High Range | IO_L20N_T3_A07_D23_14        | User IO     |             |      14 |            |      |                     |                      |         |            |           |          |      |                  |              |                   |              |
| R9         |                  |            | GND                          | GND         |             |         |            |      |                     |                      |     0.0 |            |           |          |      |                  |              |                   |              |
| R10        |                  | High Range | IO_L17P_T2_A14_D30_14        | User IO     |             |      14 |            |      |                     |                      |         |            |           |          |      |                  |              |                   |              |
| R11        | bank_io[45]      | High Range | IO_L17N_T2_A13_D29_14        | OUTPUT      | LVCMOS33    |      14 |         12 | SLOW |                     |            FP_VTT_50 |         | FIXED      |           |          |      | NONE             |              |                   |              |
| R12        |                  | High Range | IO_L15P_T2_DQS_RDWR_B_14     | User IO     |             |      14 |            |      |                     |                      |         |            |           |          |      |                  |              |                   |              |
| R13        |                  | High Range | IO_L16P_T2_CSI_B_14          | User IO     |             |      14 |            |      |                     |                      |         |            |           |          |      |                  |              |                   |              |
| R14        |                  | High Range | VCCO_14                      | VCCO        |             |      14 |            |      |                     |                      |    3.30 |            |           |          |      |                  |              |                   |              |
| R15        |                  | High Range | IO_L9P_T1_DQS_14             | User IO     |             |      14 |            |      |                     |                      |         |            |           |          |      |                  |              |                   |              |
| R16        |                  | High Range | IO_L9N_T1_DQS_D13_14         | User IO     |             |      14 |            |      |                     |                      |         |            |           |          |      |                  |              |                   |              |
| T1         |                  | High Range | VCCO_34                      | VCCO        |             |      34 |            |      |                     |                      |    3.30 |            |           |          |      |                  |              |                   |              |
| T2         | bank_io[9]       | High Range | IO_L8N_T1_34                 | OUTPUT      | LVCMOS33    |      34 |         12 | SLOW |                     |            FP_VTT_50 |         | FIXED      |           |          |      | NONE             |              |                   |              |
| T3         | bank_io[8]       | High Range | IO_L9N_T1_DQS_34             | OUTPUT      | LVCMOS33    |      34 |         12 | SLOW |                     |            FP_VTT_50 |         | FIXED      |           |          |      | NONE             |              |                   |              |
| T4         | bank_io[24]      | High Range | IO_L9P_T1_DQS_34             | OUTPUT      | LVCMOS33    |      34 |         12 | SLOW |                     |            FP_VTT_50 |         | FIXED      |           |          |      | NONE             |              |                   |              |
| T5         |                  | High Range | IO_L23N_T3_A02_D18_14        | User IO     |             |      14 |            |      |                     |                      |         |            |           |          |      |                  |              |                   |              |
| T6         |                  |            | GND                          | GND         |             |         |            |      |                     |                      |     0.0 |            |           |          |      |                  |              |                   |              |
| T7         | bank_io[39]      | High Range | IO_L21P_T3_DQS_14            | OUTPUT      | LVCMOS33    |      14 |         12 | SLOW |                     |            FP_VTT_50 |         | FIXED      |           |          |      | NONE             |              |                   |              |
| T8         |                  | High Range | IO_L21N_T3_DQS_A06_D22_14    | User IO     |             |      14 |            |      |                     |                      |         |            |           |          |      |                  |              |                   |              |
| T9         | bank_io[7]       | High Range | IO_L22P_T3_A05_D21_14        | OUTPUT      | LVCMOS33    |      14 |         12 | SLOW |                     |            FP_VTT_50 |         | FIXED      |           |          |      | NONE             |              |                   |              |
| T10        | bank_io[23]      | High Range | IO_L22N_T3_A04_D20_14        | OUTPUT      | LVCMOS33    |      14 |         12 | SLOW |                     |            FP_VTT_50 |         | FIXED      |           |          |      | NONE             |              |                   |              |
| T11        |                  | High Range | VCCO_14                      | VCCO        |             |      14 |            |      |                     |                      |    3.30 |            |           |          |      |                  |              |                   |              |
| T12        | bank_io[46]      | High Range | IO_L15N_T2_DQS_DOUT_CSO_B_14 | OUTPUT      | LVCMOS33    |      14 |         12 | SLOW |                     |            FP_VTT_50 |         | FIXED      |           |          |      | NONE             |              |                   |              |
| T13        | bank_io[47]      | High Range | IO_L16N_T2_A15_D31_14        | OUTPUT      | LVCMOS33    |      14 |         12 | SLOW |                     |            FP_VTT_50 |         | FIXED      |           |          |      | NONE             |              |                   |              |
| T14        |                  | High Range | IO_L10P_T1_D14_14            | User IO     |             |      14 |            |      |                     |                      |         |            |           |          |      |                  |              |                   |              |
| T15        |                  | High Range | IO_L10N_T1_D15_14            | User IO     |             |      14 |            |      |                     |                      |         |            |           |          |      |                  |              |                   |              |
| T16        |                  |            | GND                          | GND         |             |         |            |      |                     |                      |     0.0 |            |           |          |      |                  |              |                   |              |
+------------+------------------+------------+------------------------------+-------------+-------------+---------+------------+------+---------------------+----------------------+---------+------------+-----------+----------+------+------------------+--------------+-------------------+--------------+
* Default value
** Special VCCO requirements may apply. Please consult the device family datasheet for specific guideline on VCCO requirements.


