
*** Running vivado
    with args -log au_top_0.vdi -applog -m64 -product Vivado -messageDb vivado.pb -mode batch -source au_top_0.tcl -notrace


****** Vivado v2019.1 (64-bit)
  **** SW Build 2552052 on Fri May 24 14:49:42 MDT 2019
  **** IP Build 2548770 on Fri May 24 18:01:18 MDT 2019
    ** Copyright 1986-2019 Xilinx, Inc. All Rights Reserved.

source au_top_0.tcl -notrace
Command: link_design -top au_top_0 -part xc7a35tftg256-1
Design is defaulting to srcset: sources_1
Design is defaulting to constrset: constrs_1
INFO: [Device 21-403] Loading part xc7a35tftg256-1
INFO: [Netlist 29-17] Analyzing 340 Unisim elements for replacement
INFO: [Netlist 29-28] Unisim Transformation completed in 0 CPU seconds
INFO: [Project 1-479] Netlist was created with Vivado 2019.1
INFO: [Project 1-570] Preparing netlist for logic optimization
Parsing XDC File [C:/Program Files/Alchitry/Alchitry Labs/library/components/au.xdc]
Finished Parsing XDC File [C:/Program Files/Alchitry/Alchitry Labs/library/components/au.xdc]
Parsing XDC File [C:/Users/Razer/Documents/alchitry/1D_CPU/work/constraint/custom.xdc]
Finished Parsing XDC File [C:/Users/Razer/Documents/alchitry/1D_CPU/work/constraint/custom.xdc]
INFO: [Opt 31-138] Pushed 0 inverter(s) to 0 load pin(s).
Netlist sorting complete. Time (s): cpu = 00:00:00 ; elapsed = 00:00:00 . Memory (MB): peak = 626.742 ; gain = 0.000
INFO: [Project 1-111] Unisim Transformation Summary:
No Unisim elements were transformed.

7 Infos, 0 Warnings, 0 Critical Warnings and 0 Errors encountered.
link_design completed successfully
link_design: Time (s): cpu = 00:00:09 ; elapsed = 00:00:10 . Memory (MB): peak = 630.738 ; gain = 340.035
Command: opt_design
Attempting to get a license for feature 'Implementation' and/or device 'xc7a35t'
INFO: [Common 17-349] Got license for feature 'Implementation' and/or device 'xc7a35t'
Running DRC as a precondition to command opt_design

Starting DRC Task
INFO: [DRC 23-27] Running DRC with 2 threads
INFO: [Project 1-461] DRC finished with 0 Errors
INFO: [Project 1-462] Please refer to the DRC report (report_drc) for more information.

Time (s): cpu = 00:00:01 ; elapsed = 00:00:00.616 . Memory (MB): peak = 646.695 ; gain = 15.957

Starting Cache Timing Information Task
INFO: [Timing 38-35] Done setting XDC timing constraints.
Ending Cache Timing Information Task | Checksum: 24f7a1ca4

Time (s): cpu = 00:00:08 ; elapsed = 00:00:08 . Memory (MB): peak = 1192.645 ; gain = 545.949

Starting Logic Optimization Task

Phase 1 Retarget
INFO: [Opt 31-138] Pushed 0 inverter(s) to 0 load pin(s).
INFO: [Opt 31-49] Retargeted 0 cell(s).
Phase 1 Retarget | Checksum: 26153787a

Time (s): cpu = 00:00:00 ; elapsed = 00:00:00.103 . Memory (MB): peak = 1335.578 ; gain = 0.000
INFO: [Opt 31-389] Phase Retarget created 0 cells and removed 1 cells

Phase 2 Constant propagation
INFO: [Opt 31-138] Pushed 0 inverter(s) to 0 load pin(s).
Phase 2 Constant propagation | Checksum: 21fa48e82

Time (s): cpu = 00:00:00 ; elapsed = 00:00:00.123 . Memory (MB): peak = 1335.578 ; gain = 0.000
INFO: [Opt 31-389] Phase Constant propagation created 0 cells and removed 0 cells

Phase 3 Sweep
Phase 3 Sweep | Checksum: 232cb62d0

Time (s): cpu = 00:00:00 ; elapsed = 00:00:00.179 . Memory (MB): peak = 1335.578 ; gain = 0.000
INFO: [Opt 31-389] Phase Sweep created 18 cells and removed 0 cells

Phase 4 BUFG optimization
Phase 4 BUFG optimization | Checksum: 232cb62d0

Time (s): cpu = 00:00:00 ; elapsed = 00:00:00.224 . Memory (MB): peak = 1335.578 ; gain = 0.000
INFO: [Opt 31-662] Phase BUFG optimization created 0 cells of which 0 are BUFGs and removed 0 cells.

Phase 5 Shift Register Optimization
INFO: [Opt 31-1064] SRL Remap converted 0 SRLs to 0 registers and converted 0 registers of register chains to 0 SRLs
Phase 5 Shift Register Optimization | Checksum: 232cb62d0

Time (s): cpu = 00:00:00 ; elapsed = 00:00:00.251 . Memory (MB): peak = 1335.578 ; gain = 0.000
INFO: [Opt 31-389] Phase Shift Register Optimization created 0 cells and removed 0 cells

Phase 6 Post Processing Netlist
Phase 6 Post Processing Netlist | Checksum: 268ccdf6c

Time (s): cpu = 00:00:00 ; elapsed = 00:00:00.262 . Memory (MB): peak = 1335.578 ; gain = 0.000
INFO: [Opt 31-389] Phase Post Processing Netlist created 0 cells and removed 0 cells
Opt_design Change Summary
=========================


-------------------------------------------------------------------------------------------------------------------------
|  Phase                        |  #Cells created  |  #Cells Removed  |  #Constrained objects preventing optimizations  |
-------------------------------------------------------------------------------------------------------------------------
|  Retarget                     |               0  |               1  |                                              0  |
|  Constant propagation         |               0  |               0  |                                              0  |
|  Sweep                        |              18  |               0  |                                              0  |
|  BUFG optimization            |               0  |               0  |                                              0  |
|  Shift Register Optimization  |               0  |               0  |                                              0  |
|  Post Processing Netlist      |               0  |               0  |                                              0  |
-------------------------------------------------------------------------------------------------------------------------



Starting Connectivity Check Task

Time (s): cpu = 00:00:00 ; elapsed = 00:00:00.004 . Memory (MB): peak = 1335.578 ; gain = 0.000
Ending Logic Optimization Task | Checksum: 19d38aa4e

Time (s): cpu = 00:00:00 ; elapsed = 00:00:00.344 . Memory (MB): peak = 1335.578 ; gain = 0.000

Starting Power Optimization Task
INFO: [Pwropt 34-132] Skipping clock gating for clocks with a period < 2.00 ns.
INFO: [Timing 38-35] Done setting XDC timing constraints.
INFO: [Pwropt 34-9] Applying IDT optimizations ...
INFO: [Pwropt 34-10] Applying ODC optimizations ...
INFO: [Physopt 32-619] Estimated Timing Summary | WNS=-3.117 | TNS=-507.311 |
Running Vector-less Activity Propagation...

Finished Running Vector-less Activity Propagation


Starting PowerOpt Patch Enables Task
INFO: [Pwropt 34-162] WRITE_MODE attribute of 0 BRAM(s) out of a total of 1 has been updated to save power. Run report_power_opt to get a complete listing of the BRAMs updated.
INFO: [Pwropt 34-201] Structural ODC has moved 0 WE to EN ports
Number of BRAM Ports augmented: 0 newly gated: 0 Total Ports: 2
Ending PowerOpt Patch Enables Task | Checksum: 19d38aa4e

Time (s): cpu = 00:00:00 ; elapsed = 00:00:00.011 . Memory (MB): peak = 1495.059 ; gain = 0.000
Ending Power Optimization Task | Checksum: 19d38aa4e

Time (s): cpu = 00:00:02 ; elapsed = 00:00:01 . Memory (MB): peak = 1495.059 ; gain = 159.480

Starting Final Cleanup Task
Ending Final Cleanup Task | Checksum: 19d38aa4e

Time (s): cpu = 00:00:00 ; elapsed = 00:00:00 . Memory (MB): peak = 1495.059 ; gain = 0.000

Starting Netlist Obfuscation Task
Netlist sorting complete. Time (s): cpu = 00:00:00 ; elapsed = 00:00:00.001 . Memory (MB): peak = 1495.059 ; gain = 0.000
Ending Netlist Obfuscation Task | Checksum: 19d38aa4e

Time (s): cpu = 00:00:00 ; elapsed = 00:00:00.001 . Memory (MB): peak = 1495.059 ; gain = 0.000
INFO: [Common 17-83] Releasing license: Implementation
30 Infos, 0 Warnings, 0 Critical Warnings and 0 Errors encountered.
opt_design completed successfully
opt_design: Time (s): cpu = 00:00:13 ; elapsed = 00:00:12 . Memory (MB): peak = 1495.059 ; gain = 864.320
Netlist sorting complete. Time (s): cpu = 00:00:00 ; elapsed = 00:00:00.001 . Memory (MB): peak = 1495.059 ; gain = 0.000
INFO: [Timing 38-480] Writing timing data to binary archive.
Writing placer database...
Writing XDEF routing.
Writing XDEF routing logical nets.
Writing XDEF routing special nets.
Write XDEF Complete: Time (s): cpu = 00:00:00 ; elapsed = 00:00:00.046 . Memory (MB): peak = 1495.059 ; gain = 0.000
INFO: [Common 17-1381] The checkpoint 'C:/Users/Razer/Documents/alchitry/1D_CPU/work/vivado/1D_CPU/1D_CPU.runs/impl_1/au_top_0_opt.dcp' has been generated.
INFO: [runtcl-4] Executing : report_drc -file au_top_0_drc_opted.rpt -pb au_top_0_drc_opted.pb -rpx au_top_0_drc_opted.rpx
Command: report_drc -file au_top_0_drc_opted.rpt -pb au_top_0_drc_opted.pb -rpx au_top_0_drc_opted.rpx
INFO: [IP_Flow 19-234] Refreshing IP repositories
INFO: [IP_Flow 19-1704] No user IP repositories specified
INFO: [IP_Flow 19-2313] Loaded Vivado IP repository 'C:/Xilinx/Vivado/2019.1/data/ip'.
INFO: [DRC 23-27] Running DRC with 2 threads
INFO: [Coretcl 2-168] The results of DRC are in file C:/Users/Razer/Documents/alchitry/1D_CPU/work/vivado/1D_CPU/1D_CPU.runs/impl_1/au_top_0_drc_opted.rpt.
report_drc completed successfully
Command: place_design
Attempting to get a license for feature 'Implementation' and/or device 'xc7a35t'
INFO: [Common 17-349] Got license for feature 'Implementation' and/or device 'xc7a35t'
INFO: [DRC 23-27] Running DRC with 2 threads
INFO: [Vivado_Tcl 4-198] DRC finished with 0 Errors
INFO: [Vivado_Tcl 4-199] Please refer to the DRC report (report_drc) for more information.
Running DRC as a precondition to command place_design
INFO: [DRC 23-27] Running DRC with 2 threads
INFO: [Vivado_Tcl 4-198] DRC finished with 0 Errors
INFO: [Vivado_Tcl 4-199] Please refer to the DRC report (report_drc) for more information.

Starting Placer Task
INFO: [Place 30-611] Multithreading enabled for place_design using a maximum of 2 CPUs

Phase 1 Placer Initialization

Phase 1.1 Placer Initialization Netlist Sorting
Netlist sorting complete. Time (s): cpu = 00:00:00 ; elapsed = 00:00:00.001 . Memory (MB): peak = 1495.059 ; gain = 0.000
Phase 1.1 Placer Initialization Netlist Sorting | Checksum: 126a19b59

Time (s): cpu = 00:00:00 ; elapsed = 00:00:00.005 . Memory (MB): peak = 1495.059 ; gain = 0.000
Netlist sorting complete. Time (s): cpu = 00:00:00 ; elapsed = 00:00:00.001 . Memory (MB): peak = 1495.059 ; gain = 0.000

Phase 1.2 IO Placement/ Clock Placement/ Build Placer Device
INFO: [Timing 38-35] Done setting XDC timing constraints.
Phase 1.2 IO Placement/ Clock Placement/ Build Placer Device | Checksum: 144431cfc

Time (s): cpu = 00:00:02 ; elapsed = 00:00:00.971 . Memory (MB): peak = 1495.059 ; gain = 0.000

Phase 1.3 Build Placer Netlist Model
Phase 1.3 Build Placer Netlist Model | Checksum: 1f44aedca

Time (s): cpu = 00:00:03 ; elapsed = 00:00:01 . Memory (MB): peak = 1495.059 ; gain = 0.000

Phase 1.4 Constrain Clocks/Macros
Phase 1.4 Constrain Clocks/Macros | Checksum: 1f44aedca

Time (s): cpu = 00:00:03 ; elapsed = 00:00:01 . Memory (MB): peak = 1495.059 ; gain = 0.000
Phase 1 Placer Initialization | Checksum: 1f44aedca

Time (s): cpu = 00:00:03 ; elapsed = 00:00:01 . Memory (MB): peak = 1495.059 ; gain = 0.000

Phase 2 Global Placement

Phase 2.1 Floorplanning
Phase 2.1 Floorplanning | Checksum: 196394ac0

Time (s): cpu = 00:00:03 ; elapsed = 00:00:02 . Memory (MB): peak = 1495.059 ; gain = 0.000

Phase 2.2 Global Placement Core

Phase 2.2.1 Physical Synthesis In Placer
INFO: [Physopt 32-65] No nets found for high-fanout optimization.
INFO: [Physopt 32-232] Optimized 0 net. Created 0 new instance.
INFO: [Physopt 32-775] End 1 Pass. Optimized 0 net or cell. Created 0 new cell, deleted 0 existing cell and moved 0 existing cell
INFO: [Physopt 32-456] No candidate cells for DSP register optimization found in the design.
INFO: [Physopt 32-775] End 2 Pass. Optimized 0 net or cell. Created 0 new cell, deleted 0 existing cell and moved 0 existing cell
INFO: [Physopt 32-677] No candidate cells for Shift Register optimization found in the design
INFO: [Physopt 32-775] End 1 Pass. Optimized 0 net or cell. Created 0 new cell, deleted 0 existing cell and moved 0 existing cell
INFO: [Physopt 32-526] No candidate cells for BRAM register optimization found in the design
INFO: [Physopt 32-775] End 1 Pass. Optimized 0 net or cell. Created 0 new cell, deleted 0 existing cell and moved 0 existing cell
INFO: [Physopt 32-949] No candidate nets found for HD net replication
INFO: [Physopt 32-775] End 1 Pass. Optimized 0 net or cell. Created 0 new cell, deleted 0 existing cell and moved 0 existing cell
Netlist sorting complete. Time (s): cpu = 00:00:00 ; elapsed = 00:00:00.004 . Memory (MB): peak = 1495.059 ; gain = 0.000

Summary of Physical Synthesis Optimizations
============================================


----------------------------------------------------------------------------------------------------------------------------------------
|  Optimization                  |  Added Cells  |  Removed Cells  |  Optimized Cells/Nets  |  Dont Touch  |  Iterations  |  Elapsed   |
----------------------------------------------------------------------------------------------------------------------------------------
|  Very High Fanout              |            0  |              0  |                     0  |           0  |           1  |  00:00:00  |
|  DSP Register                  |            0  |              0  |                     0  |           0  |           1  |  00:00:00  |
|  Shift Register                |            0  |              0  |                     0  |           0  |           1  |  00:00:00  |
|  BRAM Register                 |            0  |              0  |                     0  |           0  |           1  |  00:00:00  |
|  HD Interface Net Replication  |            0  |              0  |                     0  |           0  |           1  |  00:00:00  |
|  Total                         |            0  |              0  |                     0  |           0  |           5  |  00:00:00  |
----------------------------------------------------------------------------------------------------------------------------------------


Phase 2.2.1 Physical Synthesis In Placer | Checksum: 14194f14a

Time (s): cpu = 00:00:14 ; elapsed = 00:00:08 . Memory (MB): peak = 1495.059 ; gain = 0.000
Phase 2.2 Global Placement Core | Checksum: 1341b5d3c

Time (s): cpu = 00:00:15 ; elapsed = 00:00:08 . Memory (MB): peak = 1495.059 ; gain = 0.000
Phase 2 Global Placement | Checksum: 1341b5d3c

Time (s): cpu = 00:00:15 ; elapsed = 00:00:08 . Memory (MB): peak = 1495.059 ; gain = 0.000

Phase 3 Detail Placement

Phase 3.1 Commit Multi Column Macros
Phase 3.1 Commit Multi Column Macros | Checksum: 1d610ca58

Time (s): cpu = 00:00:15 ; elapsed = 00:00:08 . Memory (MB): peak = 1495.059 ; gain = 0.000

Phase 3.2 Commit Most Macros & LUTRAMs
Phase 3.2 Commit Most Macros & LUTRAMs | Checksum: 1f4af6ae1

Time (s): cpu = 00:00:16 ; elapsed = 00:00:09 . Memory (MB): peak = 1495.059 ; gain = 0.000

Phase 3.3 Area Swap Optimization
Phase 3.3 Area Swap Optimization | Checksum: 10b78d77d

Time (s): cpu = 00:00:16 ; elapsed = 00:00:09 . Memory (MB): peak = 1495.059 ; gain = 0.000

Phase 3.4 Pipeline Register Optimization
Phase 3.4 Pipeline Register Optimization | Checksum: 1775cd25c

Time (s): cpu = 00:00:16 ; elapsed = 00:00:09 . Memory (MB): peak = 1495.059 ; gain = 0.000

Phase 3.5 Fast Optimization
Phase 3.5 Fast Optimization | Checksum: 16e60650e

Time (s): cpu = 00:00:21 ; elapsed = 00:00:14 . Memory (MB): peak = 1495.059 ; gain = 0.000

Phase 3.6 Small Shape Detail Placement
Phase 3.6 Small Shape Detail Placement | Checksum: 1578c823c

Time (s): cpu = 00:00:23 ; elapsed = 00:00:16 . Memory (MB): peak = 1495.059 ; gain = 0.000

Phase 3.7 Re-assign LUT pins
Phase 3.7 Re-assign LUT pins | Checksum: 175bef4cb

Time (s): cpu = 00:00:23 ; elapsed = 00:00:16 . Memory (MB): peak = 1495.059 ; gain = 0.000

Phase 3.8 Pipeline Register Optimization
Phase 3.8 Pipeline Register Optimization | Checksum: 20a28fc39

Time (s): cpu = 00:00:23 ; elapsed = 00:00:16 . Memory (MB): peak = 1495.059 ; gain = 0.000

Phase 3.9 Fast Optimization
Phase 3.9 Fast Optimization | Checksum: 150313149

Time (s): cpu = 00:00:29 ; elapsed = 00:00:22 . Memory (MB): peak = 1495.059 ; gain = 0.000
Phase 3 Detail Placement | Checksum: 150313149

Time (s): cpu = 00:00:30 ; elapsed = 00:00:22 . Memory (MB): peak = 1495.059 ; gain = 0.000

Phase 4 Post Placement Optimization and Clean-Up

Phase 4.1 Post Commit Optimization
INFO: [Timing 38-35] Done setting XDC timing constraints.

Phase 4.1.1 Post Placement Optimization
Post Placement Optimization Initialization | Checksum: 10ebcae15

Phase 4.1.1.1 BUFG Insertion
INFO: [Place 46-56] BUFG insertion identified 0 candidate nets. Inserted BUFG: 0, Replicated BUFG Driver: 0, Skipped due to Placement/Routing Conflicts: 0, Skipped due to Timing Degradation: 0, Skipped due to Illegal Netlist: 0.
Phase 4.1.1.1 BUFG Insertion | Checksum: 10ebcae15

Time (s): cpu = 00:00:30 ; elapsed = 00:00:23 . Memory (MB): peak = 1495.059 ; gain = 0.000
INFO: [Place 30-746] Post Placement Timing Summary WNS=-2.536. For the most accurate timing information please run report_timing.
Phase 4.1.1 Post Placement Optimization | Checksum: 1abc4545f

Time (s): cpu = 00:00:56 ; elapsed = 00:00:49 . Memory (MB): peak = 1495.059 ; gain = 0.000
Phase 4.1 Post Commit Optimization | Checksum: 1abc4545f

Time (s): cpu = 00:00:56 ; elapsed = 00:00:49 . Memory (MB): peak = 1495.059 ; gain = 0.000

Phase 4.2 Post Placement Cleanup
Phase 4.2 Post Placement Cleanup | Checksum: 1abc4545f

Time (s): cpu = 00:00:56 ; elapsed = 00:00:49 . Memory (MB): peak = 1495.059 ; gain = 0.000

Phase 4.3 Placer Reporting
Phase 4.3 Placer Reporting | Checksum: 1abc4545f

Time (s): cpu = 00:00:56 ; elapsed = 00:00:49 . Memory (MB): peak = 1495.059 ; gain = 0.000

Phase 4.4 Final Placement Cleanup
Netlist sorting complete. Time (s): cpu = 00:00:00 ; elapsed = 00:00:00.001 . Memory (MB): peak = 1495.059 ; gain = 0.000
Phase 4.4 Final Placement Cleanup | Checksum: 181d4e57b

Time (s): cpu = 00:00:56 ; elapsed = 00:00:49 . Memory (MB): peak = 1495.059 ; gain = 0.000
Phase 4 Post Placement Optimization and Clean-Up | Checksum: 181d4e57b

Time (s): cpu = 00:00:56 ; elapsed = 00:00:49 . Memory (MB): peak = 1495.059 ; gain = 0.000
Ending Placer Task | Checksum: ca36b649

Time (s): cpu = 00:00:56 ; elapsed = 00:00:49 . Memory (MB): peak = 1495.059 ; gain = 0.000
INFO: [Common 17-83] Releasing license: Implementation
62 Infos, 0 Warnings, 0 Critical Warnings and 0 Errors encountered.
place_design completed successfully
place_design: Time (s): cpu = 00:00:57 ; elapsed = 00:00:50 . Memory (MB): peak = 1495.059 ; gain = 0.000
Netlist sorting complete. Time (s): cpu = 00:00:00 ; elapsed = 00:00:00.001 . Memory (MB): peak = 1495.059 ; gain = 0.000
INFO: [Timing 38-480] Writing timing data to binary archive.
Writing placer database...
Writing XDEF routing.
Writing XDEF routing logical nets.
Writing XDEF routing special nets.
Write XDEF Complete: Time (s): cpu = 00:00:01 ; elapsed = 00:00:00.237 . Memory (MB): peak = 1495.059 ; gain = 0.000
INFO: [Common 17-1381] The checkpoint 'C:/Users/Razer/Documents/alchitry/1D_CPU/work/vivado/1D_CPU/1D_CPU.runs/impl_1/au_top_0_placed.dcp' has been generated.
INFO: [runtcl-4] Executing : report_io -file au_top_0_io_placed.rpt
report_io: Time (s): cpu = 00:00:00 ; elapsed = 00:00:00.053 . Memory (MB): peak = 1495.059 ; gain = 0.000
INFO: [runtcl-4] Executing : report_utilization -file au_top_0_utilization_placed.rpt -pb au_top_0_utilization_placed.pb
INFO: [runtcl-4] Executing : report_control_sets -verbose -file au_top_0_control_sets_placed.rpt
report_control_sets: Time (s): cpu = 00:00:00 ; elapsed = 00:00:00.047 . Memory (MB): peak = 1495.059 ; gain = 0.000
Command: route_design
Attempting to get a license for feature 'Implementation' and/or device 'xc7a35t'
INFO: [Common 17-349] Got license for feature 'Implementation' and/or device 'xc7a35t'
Running DRC as a precondition to command route_design
INFO: [DRC 23-27] Running DRC with 2 threads
INFO: [Vivado_Tcl 4-198] DRC finished with 0 Errors
INFO: [Vivado_Tcl 4-199] Please refer to the DRC report (report_drc) for more information.


Starting Routing Task
INFO: [Route 35-254] Multithreading enabled for route_design using a maximum of 2 CPUs
Checksum: PlaceDB: c58a59e3 ConstDB: 0 ShapeSum: 4ac5c66 RouteDB: 0

Phase 1 Build RT Design
Phase 1 Build RT Design | Checksum: 1d6811398

Time (s): cpu = 00:00:20 ; elapsed = 00:00:17 . Memory (MB): peak = 1495.059 ; gain = 0.000
Post Restoration Checksum: NetGraph: f39badaa NumContArr: e2e565ee Constraints: 0 Timing: 0

Phase 2 Router Initialization

Phase 2.1 Create Timer
Phase 2.1 Create Timer | Checksum: 1d6811398

Time (s): cpu = 00:00:20 ; elapsed = 00:00:17 . Memory (MB): peak = 1495.059 ; gain = 0.000

Phase 2.2 Fix Topology Constraints
Phase 2.2 Fix Topology Constraints | Checksum: 1d6811398

Time (s): cpu = 00:00:20 ; elapsed = 00:00:17 . Memory (MB): peak = 1497.418 ; gain = 2.359

Phase 2.3 Pre Route Cleanup
Phase 2.3 Pre Route Cleanup | Checksum: 1d6811398

Time (s): cpu = 00:00:20 ; elapsed = 00:00:17 . Memory (MB): peak = 1497.418 ; gain = 2.359
 Number of Nodes with overlaps = 0

Phase 2.4 Update Timing
Phase 2.4 Update Timing | Checksum: 129ce5f17

Time (s): cpu = 00:00:20 ; elapsed = 00:00:18 . Memory (MB): peak = 1505.453 ; gain = 10.395
INFO: [Route 35-416] Intermediate Timing Summary | WNS=-2.134 | TNS=-591.277| WHS=-0.145 | THS=-7.403 |

Phase 2 Router Initialization | Checksum: 121a3de22

Time (s): cpu = 00:00:21 ; elapsed = 00:00:18 . Memory (MB): peak = 1505.453 ; gain = 10.395

Router Utilization Summary
  Global Vertical Routing Utilization    = 0 %
  Global Horizontal Routing Utilization  = 0 %
  Routable Net Status*
  *Does not include unroutable nets such as driverless and loadless.
  Run report_route_status for detailed report.
  Number of Failed Nets               = 2168
    (Failed Nets is the sum of unrouted and partially routed nets)
  Number of Unrouted Nets             = 2168
  Number of Partially Routed Nets     = 0
  Number of Node Overlaps             = 0


Phase 3 Initial Routing
Phase 3 Initial Routing | Checksum: 111b1c85a

Time (s): cpu = 00:00:22 ; elapsed = 00:00:19 . Memory (MB): peak = 1507.762 ; gain = 12.703

Phase 4 Rip-up And Reroute

Phase 4.1 Global Iteration 0
 Number of Nodes with overlaps = 1264
 Number of Nodes with overlaps = 394
 Number of Nodes with overlaps = 241
 Number of Nodes with overlaps = 159
 Number of Nodes with overlaps = 82
 Number of Nodes with overlaps = 38
 Number of Nodes with overlaps = 22
 Number of Nodes with overlaps = 8
 Number of Nodes with overlaps = 4
 Number of Nodes with overlaps = 2
 Number of Nodes with overlaps = 1
 Number of Nodes with overlaps = 0
INFO: [Route 35-416] Intermediate Timing Summary | WNS=-3.594 | TNS=-1443.982| WHS=N/A    | THS=N/A    |

Phase 4.1 Global Iteration 0 | Checksum: 1a725edda

Time (s): cpu = 00:00:36 ; elapsed = 00:00:28 . Memory (MB): peak = 1509.789 ; gain = 14.730

Phase 4.2 Global Iteration 1
 Number of Nodes with overlaps = 682
 Number of Nodes with overlaps = 343
 Number of Nodes with overlaps = 193
 Number of Nodes with overlaps = 124
 Number of Nodes with overlaps = 48
 Number of Nodes with overlaps = 15
 Number of Nodes with overlaps = 5
 Number of Nodes with overlaps = 1
 Number of Nodes with overlaps = 0
INFO: [Route 35-416] Intermediate Timing Summary | WNS=-3.310 | TNS=-1337.006| WHS=N/A    | THS=N/A    |

Phase 4.2 Global Iteration 1 | Checksum: 27fd88112

Time (s): cpu = 00:00:47 ; elapsed = 00:00:35 . Memory (MB): peak = 1509.789 ; gain = 14.730

Phase 4.3 Global Iteration 2
 Number of Nodes with overlaps = 621
 Number of Nodes with overlaps = 175
 Number of Nodes with overlaps = 135
 Number of Nodes with overlaps = 80
 Number of Nodes with overlaps = 48
 Number of Nodes with overlaps = 59
 Number of Nodes with overlaps = 43
 Number of Nodes with overlaps = 74
 Number of Nodes with overlaps = 25
 Number of Nodes with overlaps = 13
 Number of Nodes with overlaps = 38
 Number of Nodes with overlaps = 8
 Number of Nodes with overlaps = 8
 Number of Nodes with overlaps = 8
 Number of Nodes with overlaps = 2
 Number of Nodes with overlaps = 0
INFO: [Route 35-416] Intermediate Timing Summary | WNS=-3.443 | TNS=-1337.763| WHS=N/A    | THS=N/A    |

Phase 4.3 Global Iteration 2 | Checksum: 9e0b79cb

Time (s): cpu = 00:01:02 ; elapsed = 00:00:46 . Memory (MB): peak = 1511.816 ; gain = 16.758
Phase 4 Rip-up And Reroute | Checksum: 9e0b79cb

Time (s): cpu = 00:01:02 ; elapsed = 00:00:46 . Memory (MB): peak = 1511.816 ; gain = 16.758

Phase 5 Delay and Skew Optimization

Phase 5.1 Delay CleanUp

Phase 5.1.1 Update Timing
Phase 5.1.1 Update Timing | Checksum: 11da2ad52

Time (s): cpu = 00:01:02 ; elapsed = 00:00:46 . Memory (MB): peak = 1511.816 ; gain = 16.758
INFO: [Route 35-416] Intermediate Timing Summary | WNS=-3.310 | TNS=-1307.362| WHS=N/A    | THS=N/A    |

 Number of Nodes with overlaps = 0
Phase 5.1 Delay CleanUp | Checksum: 14e9db97f

Time (s): cpu = 00:01:03 ; elapsed = 00:00:46 . Memory (MB): peak = 1511.816 ; gain = 16.758

Phase 5.2 Clock Skew Optimization
Phase 5.2 Clock Skew Optimization | Checksum: 14e9db97f

Time (s): cpu = 00:01:03 ; elapsed = 00:00:46 . Memory (MB): peak = 1511.816 ; gain = 16.758
Phase 5 Delay and Skew Optimization | Checksum: 14e9db97f

Time (s): cpu = 00:01:03 ; elapsed = 00:00:46 . Memory (MB): peak = 1511.816 ; gain = 16.758

Phase 6 Post Hold Fix

Phase 6.1 Hold Fix Iter

Phase 6.1.1 Update Timing
Phase 6.1.1 Update Timing | Checksum: 17aad96fa

Time (s): cpu = 00:01:03 ; elapsed = 00:00:46 . Memory (MB): peak = 1511.816 ; gain = 16.758
INFO: [Route 35-416] Intermediate Timing Summary | WNS=-3.294 | TNS=-1292.406| WHS=0.099  | THS=0.000  |

Phase 6.1 Hold Fix Iter | Checksum: 17aad96fa

Time (s): cpu = 00:01:03 ; elapsed = 00:00:46 . Memory (MB): peak = 1511.816 ; gain = 16.758
Phase 6 Post Hold Fix | Checksum: 17aad96fa

Time (s): cpu = 00:01:03 ; elapsed = 00:00:46 . Memory (MB): peak = 1511.816 ; gain = 16.758

Phase 7 Route finalize

Router Utilization Summary
  Global Vertical Routing Utilization    = 1.1628 %
  Global Horizontal Routing Utilization  = 1.35685 %
  Routable Net Status*
  *Does not include unroutable nets such as driverless and loadless.
  Run report_route_status for detailed report.
  Number of Failed Nets               = 0
    (Failed Nets is the sum of unrouted and partially routed nets)
  Number of Unrouted Nets             = 0
  Number of Partially Routed Nets     = 0
  Number of Node Overlaps             = 0

Congestion Report
North Dir 1x1 Area, Max Cong = 66.6667%, No Congested Regions.
South Dir 1x1 Area, Max Cong = 63.0631%, No Congested Regions.
East Dir 1x1 Area, Max Cong = 77.9412%, No Congested Regions.
West Dir 1x1 Area, Max Cong = 80.8824%, No Congested Regions.

------------------------------
Reporting congestion hotspots
------------------------------
Direction: North
----------------
Congested clusters found at Level 0
Effective congestion level: 0 Aspect Ratio: 1 Sparse Ratio: 0
Direction: South
----------------
Congested clusters found at Level 0
Effective congestion level: 0 Aspect Ratio: 1 Sparse Ratio: 0
Direction: East
----------------
Congested clusters found at Level 0
Effective congestion level: 0 Aspect Ratio: 1 Sparse Ratio: 0
Direction: West
----------------
Congested clusters found at Level 0
Effective congestion level: 0 Aspect Ratio: 1 Sparse Ratio: 0

Phase 7 Route finalize | Checksum: 1c4efa119

Time (s): cpu = 00:01:03 ; elapsed = 00:00:46 . Memory (MB): peak = 1511.816 ; gain = 16.758

Phase 8 Verifying routed nets

 Verification completed successfully
Phase 8 Verifying routed nets | Checksum: 1c4efa119

Time (s): cpu = 00:01:03 ; elapsed = 00:00:46 . Memory (MB): peak = 1511.816 ; gain = 16.758

Phase 9 Depositing Routes
Phase 9 Depositing Routes | Checksum: 210df7372

Time (s): cpu = 00:01:03 ; elapsed = 00:00:46 . Memory (MB): peak = 1511.816 ; gain = 16.758

Phase 10 Post Router Timing
INFO: [Route 35-57] Estimated Timing Summary | WNS=-3.294 | TNS=-1292.406| WHS=0.099  | THS=0.000  |

WARNING: [Route 35-328] Router estimated timing not met.
Resolution: For a complete and accurate timing signoff, report_timing_summary must be run after route_design. Alternatively, route_design can be run with the -timing_summary option to enable a complete timing signoff at the end of route_design.
Phase 10 Post Router Timing | Checksum: 210df7372

Time (s): cpu = 00:01:03 ; elapsed = 00:00:46 . Memory (MB): peak = 1511.816 ; gain = 16.758
INFO: [Route 35-16] Router Completed Successfully

Time (s): cpu = 00:01:03 ; elapsed = 00:00:46 . Memory (MB): peak = 1511.816 ; gain = 16.758

Routing Is Done.
INFO: [Common 17-83] Releasing license: Implementation
81 Infos, 1 Warnings, 0 Critical Warnings and 0 Errors encountered.
route_design completed successfully
route_design: Time (s): cpu = 00:01:05 ; elapsed = 00:00:47 . Memory (MB): peak = 1511.816 ; gain = 16.758
Netlist sorting complete. Time (s): cpu = 00:00:00 ; elapsed = 00:00:00.001 . Memory (MB): peak = 1511.816 ; gain = 0.000
INFO: [Timing 38-480] Writing timing data to binary archive.
Writing placer database...
Writing XDEF routing.
Writing XDEF routing logical nets.
Writing XDEF routing special nets.
Write XDEF Complete: Time (s): cpu = 00:00:02 ; elapsed = 00:00:00.569 . Memory (MB): peak = 1518.656 ; gain = 6.840
INFO: [Common 17-1381] The checkpoint 'C:/Users/Razer/Documents/alchitry/1D_CPU/work/vivado/1D_CPU/1D_CPU.runs/impl_1/au_top_0_routed.dcp' has been generated.
INFO: [runtcl-4] Executing : report_drc -file au_top_0_drc_routed.rpt -pb au_top_0_drc_routed.pb -rpx au_top_0_drc_routed.rpx
Command: report_drc -file au_top_0_drc_routed.rpt -pb au_top_0_drc_routed.pb -rpx au_top_0_drc_routed.rpx
INFO: [IP_Flow 19-1839] IP Catalog is up to date.
INFO: [DRC 23-27] Running DRC with 2 threads
INFO: [Coretcl 2-168] The results of DRC are in file C:/Users/Razer/Documents/alchitry/1D_CPU/work/vivado/1D_CPU/1D_CPU.runs/impl_1/au_top_0_drc_routed.rpt.
report_drc completed successfully
INFO: [runtcl-4] Executing : report_methodology -file au_top_0_methodology_drc_routed.rpt -pb au_top_0_methodology_drc_routed.pb -rpx au_top_0_methodology_drc_routed.rpx
Command: report_methodology -file au_top_0_methodology_drc_routed.rpt -pb au_top_0_methodology_drc_routed.pb -rpx au_top_0_methodology_drc_routed.rpx
INFO: [Timing 38-35] Done setting XDC timing constraints.
INFO: [DRC 23-133] Running Methodology with 2 threads
INFO: [Coretcl 2-1520] The results of Report Methodology are in file C:/Users/Razer/Documents/alchitry/1D_CPU/work/vivado/1D_CPU/1D_CPU.runs/impl_1/au_top_0_methodology_drc_routed.rpt.
report_methodology completed successfully
INFO: [runtcl-4] Executing : report_power -file au_top_0_power_routed.rpt -pb au_top_0_power_summary_routed.pb -rpx au_top_0_power_routed.rpx
Command: report_power -file au_top_0_power_routed.rpt -pb au_top_0_power_summary_routed.pb -rpx au_top_0_power_routed.rpx
INFO: [Timing 38-35] Done setting XDC timing constraints.
Running Vector-less Activity Propagation...

Finished Running Vector-less Activity Propagation
93 Infos, 1 Warnings, 0 Critical Warnings and 0 Errors encountered.
report_power completed successfully
INFO: [runtcl-4] Executing : report_route_status -file au_top_0_route_status.rpt -pb au_top_0_route_status.pb
INFO: [runtcl-4] Executing : report_timing_summary -max_paths 10 -file au_top_0_timing_summary_routed.rpt -pb au_top_0_timing_summary_routed.pb -rpx au_top_0_timing_summary_routed.rpx -warn_on_violation 
INFO: [Timing 38-91] UpdateTimingParams: Speed grade: -1, Delay Type: min_max.
INFO: [Timing 38-191] Multithreading enabled for timing update using a maximum of 2 CPUs
CRITICAL WARNING: [Timing 38-282] The design failed to meet the timing requirements. Please see the timing summary report for details on the timing violations.
INFO: [runtcl-4] Executing : report_incremental_reuse -file au_top_0_incremental_reuse_routed.rpt
INFO: [Vivado_Tcl 4-1062] Incremental flow is disabled. No incremental reuse Info to report.
INFO: [runtcl-4] Executing : report_clock_utilization -file au_top_0_clock_utilization_routed.rpt
INFO: [runtcl-4] Executing : report_bus_skew -warn_on_violation -file au_top_0_bus_skew_routed.rpt -pb au_top_0_bus_skew_routed.pb -rpx au_top_0_bus_skew_routed.rpx
INFO: [Timing 38-91] UpdateTimingParams: Speed grade: -1, Delay Type: min_max.
INFO: [Timing 38-191] Multithreading enabled for timing update using a maximum of 2 CPUs
Command: write_bitstream -force au_top_0.bit -bin_file
Attempting to get a license for feature 'Implementation' and/or device 'xc7a35t'
INFO: [Common 17-349] Got license for feature 'Implementation' and/or device 'xc7a35t'
Running DRC as a precondition to command write_bitstream
INFO: [IP_Flow 19-1839] IP Catalog is up to date.
INFO: [DRC 23-27] Running DRC with 2 threads
INFO: [Vivado 12-3199] DRC finished with 0 Errors
INFO: [Vivado 12-3200] Please refer to the DRC report (report_drc) for more information.
INFO: [Designutils 20-2272] Running write_bitstream with 2 threads.
Loading data files...
Loading site data...
Loading route data...
Processing options...
Creating bitmap...
Creating bitstream...
Bitstream compression saved 11570432 bits.
Writing bitstream ./au_top_0.bit...
Writing bitstream ./au_top_0.bin...
INFO: [Vivado 12-1842] Bitgen Completed Successfully.
INFO: [Project 1-120] WebTalk data collection is mandatory when using a WebPACK part without a full Vivado license. To see the specific WebTalk data collected for your design, open the usage_statistics_webtalk.html or usage_statistics_webtalk.xml file in the implementation directory.
INFO: [Common 17-186] 'C:/Users/Razer/Documents/alchitry/1D_CPU/work/vivado/1D_CPU/1D_CPU.runs/impl_1/usage_statistics_webtalk.xml' has been successfully sent to Xilinx on Mon Apr 18 11:56:01 2022. For additional details about this file, please refer to the WebTalk help file at C:/Xilinx/Vivado/2019.1/doc/webtalk_introduction.html.
INFO: [Common 17-83] Releasing license: Implementation
113 Infos, 1 Warnings, 1 Critical Warnings and 0 Errors encountered.
write_bitstream completed successfully
write_bitstream: Time (s): cpu = 00:00:14 ; elapsed = 00:00:17 . Memory (MB): peak = 1971.633 ; gain = 428.523
INFO: [Common 17-206] Exiting Vivado at Mon Apr 18 11:56:01 2022...
