Warnings in file C:\Users\Razer\Documents\alchitry\1D_CPU\source\regfile.luc:
    Line 9, Column 4 : "ia" was never used
Starting Vivado...

****** Vivado v2019.1 (64-bit)
  **** SW Build 2552052 on Fri May 24 14:49:42 MDT 2019
  **** IP Build 2548770 on Fri May 24 18:01:18 MDT 2019
    ** Copyright 1986-2019 Xilinx, Inc. All Rights Reserved.

source {C:\Users\Razer\Documents\alchitry\1D_CPU\work\project.tcl}
# set projDir "C:/Users/Razer/Documents/alchitry/1D_CPU/work/vivado"
# set projName "1D_CPU"
# set topName top
# set device xc7a35tftg256-1
# if {[file exists "$projDir/$projName"]} { file delete -force "$projDir/$projName" }
# create_project $projName "$projDir/$projName" -part $device
# set_property design_mode RTL [get_filesets sources_1]
# set verilogSources [list "C:/Users/Razer/Documents/alchitry/1D_CPU/work/verilog/au_top_0.v" "C:/Users/Razer/Documents/alchitry/1D_CPU/work/verilog/bin_to_dec_1.v" "C:/Users/Razer/Documents/alchitry/1D_CPU/work/verilog/decoder_2.v" "C:/Users/Razer/Documents/alchitry/1D_CPU/work/verilog/seven_seg_3.v" "C:/Users/Razer/Documents/alchitry/1D_CPU/work/verilog/reset_conditioner_4.v" "C:/Users/Razer/Documents/alchitry/1D_CPU/work/verilog/edge_detector_5.v" "C:/Users/Razer/Documents/alchitry/1D_CPU/work/verilog/button_conditioner_6.v" "C:/Users/Razer/Documents/alchitry/1D_CPU/work/verilog/alu_7.v" "C:/Users/Razer/Documents/alchitry/1D_CPU/work/verilog/regfile_8.v" "C:/Users/Razer/Documents/alchitry/1D_CPU/work/verilog/data_mem_9.v" "C:/Users/Razer/Documents/alchitry/1D_CPU/work/verilog/pc_unit_10.v" "C:/Users/Razer/Documents/alchitry/1D_CPU/work/verilog/edge_detector_11.v" "C:/Users/Razer/Documents/alchitry/1D_CPU/work/verilog/counter_12.v" "C:/Users/Razer/Documents/alchitry/1D_CPU/work/verilog/counter_13.v" "C:/Users/Razer/Documents/alchitry/1D_CPU/work/verilog/cu_14.v" "C:/Users/Razer/Documents/alchitry/1D_CPU/work/verilog/inst_mem_15.v" "C:/Users/Razer/Documents/alchitry/1D_CPU/work/verilog/data_rom_16.v" "C:/Users/Razer/Documents/alchitry/1D_CPU/work/verilog/pipeline_17.v" "C:/Users/Razer/Documents/alchitry/1D_CPU/work/verilog/pn_gen_18.v" "C:/Users/Razer/Documents/alchitry/1D_CPU/work/verilog/adder_19.v" "C:/Users/Razer/Documents/alchitry/1D_CPU/work/verilog/bool_20.v" "C:/Users/Razer/Documents/alchitry/1D_CPU/work/verilog/bitshift_21.v" "C:/Users/Razer/Documents/alchitry/1D_CPU/work/verilog/compare_22.v" "C:/Users/Razer/Documents/alchitry/1D_CPU/work/verilog/alex_encoder_23.v" "C:/Users/Razer/Documents/alchitry/1D_CPU/work/verilog/simple_ram_24.v" ]
# import_files -fileset [get_filesets sources_1] -force -norecurse $verilogSources
# set xdcSources [list "C:/Users/Razer/Documents/alchitry/1D_CPU/work/constraint/alchitry.xdc" "C:/Users/Razer/Documents/alchitry/1D_CPU/work/constraint/io.xdc" "C:/Program\ Files/Alchitry/Alchitry\ Labs/library/components/au.xdc" ]
# read_xdc $xdcSources
# set_property STEPS.WRITE_BITSTREAM.ARGS.BIN_FILE true [get_runs impl_1]
# update_compile_order -fileset sources_1
# launch_runs -runs synth_1 -jobs 12
[Sun Mar 27 22:14:34 2022] Launched synth_1...
Run output will be captured here: C:/Users/Razer/Documents/alchitry/1D_CPU/work/vivado/1D_CPU/1D_CPU.runs/synth_1/runme.log
# wait_on_run synth_1
[Sun Mar 27 22:14:34 2022] Waiting for synth_1 to finish...

*** Running vivado
    with args -log au_top_0.vds -m64 -product Vivado -mode batch -messageDb vivado.pb -notrace -source au_top_0.tcl


****** Vivado v2019.1 (64-bit)
  **** SW Build 2552052 on Fri May 24 14:49:42 MDT 2019
  **** IP Build 2548770 on Fri May 24 18:01:18 MDT 2019
    ** Copyright 1986-2019 Xilinx, Inc. All Rights Reserved.

source au_top_0.tcl -notrace
Command: synth_design -top au_top_0 -part xc7a35tftg256-1
Starting synth_design
Attempting to get a license for feature 'Synthesis' and/or device 'xc7a35t'
INFO: [Common 17-349] Got license for feature 'Synthesis' and/or device 'xc7a35t'
INFO: [Device 21-403] Loading part xc7a35tftg256-1
INFO: Launching helper process for spawning children vivado processes
INFO: Helper process launched with PID 38988 
---------------------------------------------------------------------------------
Starting RTL Elaboration : Time (s): cpu = 00:00:03 ; elapsed = 00:00:03 . Memory (MB): peak = 673.246 ; gain = 178.121
---------------------------------------------------------------------------------
INFO: [Synth 8-6157] synthesizing module 'au_top_0' [C:/Users/Razer/Documents/alchitry/1D_CPU/work/vivado/1D_CPU/1D_CPU.srcs/sources_1/imports/verilog/au_top_0.v:7]
	Parameter NUM_DATA bound to: 6'b110110 
	Parameter LOAD_ram_writer bound to: 2'b00 
	Parameter WAIT_ram_writer bound to: 2'b01 
	Parameter GO_ram_writer bound to: 2'b10 
INFO: [Synth 8-6157] synthesizing module 'edge_detector_5' [C:/Users/Razer/Documents/alchitry/1D_CPU/work/vivado/1D_CPU/1D_CPU.srcs/sources_1/imports/verilog/edge_detector_5.v:12]
	Parameter RISE bound to: 1'b1 
	Parameter FALL bound to: 1'b0 
INFO: [Synth 8-6155] done synthesizing module 'edge_detector_5' (1#1) [C:/Users/Razer/Documents/alchitry/1D_CPU/work/vivado/1D_CPU/1D_CPU.srcs/sources_1/imports/verilog/edge_detector_5.v:12]
INFO: [Synth 8-6157] synthesizing module 'bin_to_dec_1' [C:/Users/Razer/Documents/alchitry/1D_CPU/work/vivado/1D_CPU/1D_CPU.srcs/sources_1/imports/verilog/bin_to_dec_1.v:12]
	Parameter DIGITS bound to: 5'b10000 
	Parameter LEADING_ZEROS bound to: 1'b0 
INFO: [Synth 8-6155] done synthesizing module 'bin_to_dec_1' (2#1) [C:/Users/Razer/Documents/alchitry/1D_CPU/work/vivado/1D_CPU/1D_CPU.srcs/sources_1/imports/verilog/bin_to_dec_1.v:12]
INFO: [Synth 8-6157] synthesizing module 'decoder_2' [C:/Users/Razer/Documents/alchitry/1D_CPU/work/vivado/1D_CPU/1D_CPU.srcs/sources_1/imports/verilog/decoder_2.v:11]
	Parameter WIDTH bound to: 2'b10 
INFO: [Synth 8-6155] done synthesizing module 'decoder_2' (3#1) [C:/Users/Razer/Documents/alchitry/1D_CPU/work/vivado/1D_CPU/1D_CPU.srcs/sources_1/imports/verilog/decoder_2.v:11]
INFO: [Synth 8-6157] synthesizing module 'seven_seg_3' [C:/Users/Razer/Documents/alchitry/1D_CPU/work/vivado/1D_CPU/1D_CPU.srcs/sources_1/imports/verilog/seven_seg_3.v:7]
INFO: [Synth 8-6155] done synthesizing module 'seven_seg_3' (4#1) [C:/Users/Razer/Documents/alchitry/1D_CPU/work/vivado/1D_CPU/1D_CPU.srcs/sources_1/imports/verilog/seven_seg_3.v:7]
INFO: [Synth 8-6157] synthesizing module 'reset_conditioner_4' [C:/Users/Razer/Documents/alchitry/1D_CPU/work/vivado/1D_CPU/1D_CPU.srcs/sources_1/imports/verilog/reset_conditioner_4.v:11]
	Parameter STAGES bound to: 3'b100 
INFO: [Synth 8-6155] done synthesizing module 'reset_conditioner_4' (5#1) [C:/Users/Razer/Documents/alchitry/1D_CPU/work/vivado/1D_CPU/1D_CPU.srcs/sources_1/imports/verilog/reset_conditioner_4.v:11]
INFO: [Synth 8-6157] synthesizing module 'button_conditioner_6' [C:/Users/Razer/Documents/alchitry/1D_CPU/work/vivado/1D_CPU/1D_CPU.srcs/sources_1/imports/verilog/button_conditioner_6.v:13]
	Parameter CLK_FREQ bound to: 26'b10111110101111000010000000 
	Parameter MIN_DELAY bound to: 5'b10100 
	Parameter NUM_SYNC bound to: 2'b10 
INFO: [Synth 8-6157] synthesizing module 'pipeline_17' [C:/Users/Razer/Documents/alchitry/1D_CPU/work/vivado/1D_CPU/1D_CPU.srcs/sources_1/imports/verilog/pipeline_17.v:11]
	Parameter DEPTH bound to: 2'b10 
INFO: [Synth 8-6155] done synthesizing module 'pipeline_17' (6#1) [C:/Users/Razer/Documents/alchitry/1D_CPU/work/vivado/1D_CPU/1D_CPU.srcs/sources_1/imports/verilog/pipeline_17.v:11]
INFO: [Synth 8-6155] done synthesizing module 'button_conditioner_6' (7#1) [C:/Users/Razer/Documents/alchitry/1D_CPU/work/vivado/1D_CPU/1D_CPU.srcs/sources_1/imports/verilog/button_conditioner_6.v:13]
INFO: [Synth 8-6157] synthesizing module 'alu_7' [C:/Users/Razer/Documents/alchitry/1D_CPU/work/vivado/1D_CPU/1D_CPU.srcs/sources_1/imports/verilog/alu_7.v:7]
INFO: [Synth 8-6157] synthesizing module 'pn_gen_18' [C:/Users/Razer/Documents/alchitry/1D_CPU/work/vivado/1D_CPU/1D_CPU.srcs/sources_1/imports/verilog/pn_gen_18.v:11]
	Parameter SEED bound to: 128'b10000100001100100011001101010010001110100110000100111001011001100100001000111011011000100010010101100010010110010010110001100010 
INFO: [Synth 8-6155] done synthesizing module 'pn_gen_18' (8#1) [C:/Users/Razer/Documents/alchitry/1D_CPU/work/vivado/1D_CPU/1D_CPU.srcs/sources_1/imports/verilog/pn_gen_18.v:11]
INFO: [Synth 8-6157] synthesizing module 'adder_19' [C:/Users/Razer/Documents/alchitry/1D_CPU/work/vivado/1D_CPU/1D_CPU.srcs/sources_1/imports/verilog/adder_19.v:7]
INFO: [Synth 8-226] default block is never used [C:/Users/Razer/Documents/alchitry/1D_CPU/work/vivado/1D_CPU/1D_CPU.srcs/sources_1/imports/verilog/adder_19.v:23]
INFO: [Synth 8-6155] done synthesizing module 'adder_19' (9#1) [C:/Users/Razer/Documents/alchitry/1D_CPU/work/vivado/1D_CPU/1D_CPU.srcs/sources_1/imports/verilog/adder_19.v:7]
INFO: [Synth 8-6157] synthesizing module 'bool_20' [C:/Users/Razer/Documents/alchitry/1D_CPU/work/vivado/1D_CPU/1D_CPU.srcs/sources_1/imports/verilog/bool_20.v:7]
INFO: [Synth 8-6155] done synthesizing module 'bool_20' (10#1) [C:/Users/Razer/Documents/alchitry/1D_CPU/work/vivado/1D_CPU/1D_CPU.srcs/sources_1/imports/verilog/bool_20.v:7]
INFO: [Synth 8-6157] synthesizing module 'bitshift_21' [C:/Users/Razer/Documents/alchitry/1D_CPU/work/vivado/1D_CPU/1D_CPU.srcs/sources_1/imports/verilog/bitshift_21.v:7]
INFO: [Synth 8-6155] done synthesizing module 'bitshift_21' (11#1) [C:/Users/Razer/Documents/alchitry/1D_CPU/work/vivado/1D_CPU/1D_CPU.srcs/sources_1/imports/verilog/bitshift_21.v:7]
INFO: [Synth 8-6157] synthesizing module 'compare_22' [C:/Users/Razer/Documents/alchitry/1D_CPU/work/vivado/1D_CPU/1D_CPU.srcs/sources_1/imports/verilog/compare_22.v:7]
INFO: [Synth 8-6155] done synthesizing module 'compare_22' (12#1) [C:/Users/Razer/Documents/alchitry/1D_CPU/work/vivado/1D_CPU/1D_CPU.srcs/sources_1/imports/verilog/compare_22.v:7]
INFO: [Synth 8-226] default block is never used [C:/Users/Razer/Documents/alchitry/1D_CPU/work/vivado/1D_CPU/1D_CPU.srcs/sources_1/imports/verilog/alu_7.v:116]
INFO: [Synth 8-226] default block is never used [C:/Users/Razer/Documents/alchitry/1D_CPU/work/vivado/1D_CPU/1D_CPU.srcs/sources_1/imports/verilog/alu_7.v:119]
INFO: [Synth 8-6155] done synthesizing module 'alu_7' (13#1) [C:/Users/Razer/Documents/alchitry/1D_CPU/work/vivado/1D_CPU/1D_CPU.srcs/sources_1/imports/verilog/alu_7.v:7]
INFO: [Synth 8-6157] synthesizing module 'regfile_8' [C:/Users/Razer/Documents/alchitry/1D_CPU/work/vivado/1D_CPU/1D_CPU.srcs/sources_1/imports/verilog/regfile_8.v:7]
INFO: [Synth 8-6157] synthesizing module 'alex_encoder_23' [C:/Users/Razer/Documents/alchitry/1D_CPU/work/vivado/1D_CPU/1D_CPU.srcs/sources_1/imports/verilog/alex_encoder_23.v:11]
	Parameter WIDTH bound to: 5'b10000 
INFO: [Synth 8-6155] done synthesizing module 'alex_encoder_23' (14#1) [C:/Users/Razer/Documents/alchitry/1D_CPU/work/vivado/1D_CPU/1D_CPU.srcs/sources_1/imports/verilog/alex_encoder_23.v:11]
INFO: [Synth 8-6155] done synthesizing module 'regfile_8' (15#1) [C:/Users/Razer/Documents/alchitry/1D_CPU/work/vivado/1D_CPU/1D_CPU.srcs/sources_1/imports/verilog/regfile_8.v:7]
INFO: [Synth 8-6157] synthesizing module 'data_mem_9' [C:/Users/Razer/Documents/alchitry/1D_CPU/work/vivado/1D_CPU/1D_CPU.srcs/sources_1/imports/verilog/data_mem_9.v:7]
INFO: [Synth 8-6157] synthesizing module 'simple_ram_24' [C:/Users/Razer/Documents/alchitry/1D_CPU/work/vivado/1D_CPU/1D_CPU.srcs/sources_1/imports/verilog/simple_ram_24.v:50]
	Parameter SIZE bound to: 5'b10000 
	Parameter DEPTH bound to: 9'b100000000 
INFO: [Synth 8-6155] done synthesizing module 'simple_ram_24' (16#1) [C:/Users/Razer/Documents/alchitry/1D_CPU/work/vivado/1D_CPU/1D_CPU.srcs/sources_1/imports/verilog/simple_ram_24.v:50]
INFO: [Synth 8-6155] done synthesizing module 'data_mem_9' (17#1) [C:/Users/Razer/Documents/alchitry/1D_CPU/work/vivado/1D_CPU/1D_CPU.srcs/sources_1/imports/verilog/data_mem_9.v:7]
INFO: [Synth 8-6157] synthesizing module 'pc_unit_10' [C:/Users/Razer/Documents/alchitry/1D_CPU/work/vivado/1D_CPU/1D_CPU.srcs/sources_1/imports/verilog/pc_unit_10.v:7]
INFO: [Synth 8-6155] done synthesizing module 'pc_unit_10' (18#1) [C:/Users/Razer/Documents/alchitry/1D_CPU/work/vivado/1D_CPU/1D_CPU.srcs/sources_1/imports/verilog/pc_unit_10.v:7]
INFO: [Synth 8-6157] synthesizing module 'edge_detector_11' [C:/Users/Razer/Documents/alchitry/1D_CPU/work/vivado/1D_CPU/1D_CPU.srcs/sources_1/imports/verilog/edge_detector_11.v:12]
	Parameter RISE bound to: 1'b1 
	Parameter FALL bound to: 1'b1 
INFO: [Synth 8-6155] done synthesizing module 'edge_detector_11' (19#1) [C:/Users/Razer/Documents/alchitry/1D_CPU/work/vivado/1D_CPU/1D_CPU.srcs/sources_1/imports/verilog/edge_detector_11.v:12]
INFO: [Synth 8-6157] synthesizing module 'counter_12' [C:/Users/Razer/Documents/alchitry/1D_CPU/work/vivado/1D_CPU/1D_CPU.srcs/sources_1/imports/verilog/counter_12.v:14]
	Parameter SIZE bound to: 1'b1 
	Parameter DIV bound to: 5'b11010 
	Parameter TOP bound to: 1'b0 
	Parameter UP bound to: 1'b1 
	Parameter MAX_VALUE bound to: 27'b011111111111111111111111111 
INFO: [Synth 8-6155] done synthesizing module 'counter_12' (20#1) [C:/Users/Razer/Documents/alchitry/1D_CPU/work/vivado/1D_CPU/1D_CPU.srcs/sources_1/imports/verilog/counter_12.v:14]
INFO: [Synth 8-6157] synthesizing module 'counter_13' [C:/Users/Razer/Documents/alchitry/1D_CPU/work/vivado/1D_CPU/1D_CPU.srcs/sources_1/imports/verilog/counter_13.v:14]
	Parameter SIZE bound to: 2'b10 
	Parameter DIV bound to: 5'b10000 
	Parameter TOP bound to: 2'b11 
	Parameter UP bound to: 1'b1 
	Parameter MAX_VALUE bound to: 18'b111111111111111111 
INFO: [Synth 8-6155] done synthesizing module 'counter_13' (21#1) [C:/Users/Razer/Documents/alchitry/1D_CPU/work/vivado/1D_CPU/1D_CPU.srcs/sources_1/imports/verilog/counter_13.v:14]
INFO: [Synth 8-6157] synthesizing module 'cu_14' [C:/Users/Razer/Documents/alchitry/1D_CPU/work/vivado/1D_CPU/1D_CPU.srcs/sources_1/imports/verilog/cu_14.v:7]
INFO: [Synth 8-155] case statement is not full and has no default [C:/Users/Razer/Documents/alchitry/1D_CPU/work/vivado/1D_CPU/1D_CPU.srcs/sources_1/imports/verilog/cu_14.v:36]
INFO: [Synth 8-155] case statement is not full and has no default [C:/Users/Razer/Documents/alchitry/1D_CPU/work/vivado/1D_CPU/1D_CPU.srcs/sources_1/imports/verilog/cu_14.v:114]
INFO: [Synth 8-155] case statement is not full and has no default [C:/Users/Razer/Documents/alchitry/1D_CPU/work/vivado/1D_CPU/1D_CPU.srcs/sources_1/imports/verilog/cu_14.v:162]
INFO: [Synth 8-6155] done synthesizing module 'cu_14' (22#1) [C:/Users/Razer/Documents/alchitry/1D_CPU/work/vivado/1D_CPU/1D_CPU.srcs/sources_1/imports/verilog/cu_14.v:7]
INFO: [Synth 8-6157] synthesizing module 'inst_mem_15' [C:/Users/Razer/Documents/alchitry/1D_CPU/work/vivado/1D_CPU/1D_CPU.srcs/sources_1/imports/verilog/inst_mem_15.v:7]
	Parameter INSTRUCTION bound to: 416'b01110111111111111111111111110011011000110001111100000000000001010110001100011111000000000000010101100011000111110000000000000100011000110001111100000000000001000110001100011111000000000000001101100011000111110000000000000011011000110001111100000000000000100110001100011111000000000000001001100011000111110000000000000001011000110001111100000000000000010110001100011111000000000000000001100011000111110000000000000000 
INFO: [Synth 8-6155] done synthesizing module 'inst_mem_15' (23#1) [C:/Users/Razer/Documents/alchitry/1D_CPU/work/vivado/1D_CPU/1D_CPU.srcs/sources_1/imports/verilog/inst_mem_15.v:7]
INFO: [Synth 8-6157] synthesizing module 'data_rom_16' [C:/Users/Razer/Documents/alchitry/1D_CPU/work/vivado/1D_CPU/1D_CPU.srcs/sources_1/imports/verilog/data_rom_16.v:7]
	Parameter DATA bound to: 96'b000000000001111100000000000011110000000000001010000000000001010100000000000001010000000000000001 
INFO: [Synth 8-6155] done synthesizing module 'data_rom_16' (24#1) [C:/Users/Razer/Documents/alchitry/1D_CPU/work/vivado/1D_CPU/1D_CPU.srcs/sources_1/imports/verilog/data_rom_16.v:7]
INFO: [Synth 8-226] default block is never used [C:/Users/Razer/Documents/alchitry/1D_CPU/work/vivado/1D_CPU/1D_CPU.srcs/sources_1/imports/verilog/au_top_0.v:266]
INFO: [Synth 8-226] default block is never used [C:/Users/Razer/Documents/alchitry/1D_CPU/work/vivado/1D_CPU/1D_CPU.srcs/sources_1/imports/verilog/au_top_0.v:279]
INFO: [Synth 8-226] default block is never used [C:/Users/Razer/Documents/alchitry/1D_CPU/work/vivado/1D_CPU/1D_CPU.srcs/sources_1/imports/verilog/au_top_0.v:301]
INFO: [Synth 8-155] case statement is not full and has no default [C:/Users/Razer/Documents/alchitry/1D_CPU/work/vivado/1D_CPU/1D_CPU.srcs/sources_1/imports/verilog/au_top_0.v:332]
INFO: [Synth 8-6155] done synthesizing module 'au_top_0' (25#1) [C:/Users/Razer/Documents/alchitry/1D_CPU/work/vivado/1D_CPU/1D_CPU.srcs/sources_1/imports/verilog/au_top_0.v:7]
WARNING: [Synth 8-3917] design au_top_0 has port io_led[23] driven by constant 0
WARNING: [Synth 8-3917] design au_top_0 has port io_led[22] driven by constant 0
WARNING: [Synth 8-3331] design pc_unit_10 has unconnected port ra[15]
WARNING: [Synth 8-3331] design regfile_8 has unconnected port ia
WARNING: [Synth 8-3331] design bitshift_21 has unconnected port b[15]
WARNING: [Synth 8-3331] design bitshift_21 has unconnected port b[14]
WARNING: [Synth 8-3331] design bitshift_21 has unconnected port b[13]
WARNING: [Synth 8-3331] design bitshift_21 has unconnected port b[12]
WARNING: [Synth 8-3331] design bitshift_21 has unconnected port b[11]
WARNING: [Synth 8-3331] design bitshift_21 has unconnected port b[10]
WARNING: [Synth 8-3331] design bitshift_21 has unconnected port b[9]
WARNING: [Synth 8-3331] design bitshift_21 has unconnected port b[8]
WARNING: [Synth 8-3331] design bitshift_21 has unconnected port b[7]
WARNING: [Synth 8-3331] design bitshift_21 has unconnected port b[6]
WARNING: [Synth 8-3331] design bitshift_21 has unconnected port b[5]
WARNING: [Synth 8-3331] design bitshift_21 has unconnected port b[4]
WARNING: [Synth 8-3331] design au_top_0 has unconnected port io_button[4]
WARNING: [Synth 8-3331] design au_top_0 has unconnected port io_button[3]
WARNING: [Synth 8-3331] design au_top_0 has unconnected port io_button[2]
WARNING: [Synth 8-3331] design au_top_0 has unconnected port io_button[1]
WARNING: [Synth 8-3331] design au_top_0 has unconnected port io_dip[7]
WARNING: [Synth 8-3331] design au_top_0 has unconnected port io_dip[6]
WARNING: [Synth 8-3331] design au_top_0 has unconnected port io_dip[5]
WARNING: [Synth 8-3331] design au_top_0 has unconnected port io_dip[4]
WARNING: [Synth 8-3331] design au_top_0 has unconnected port io_dip[3]
WARNING: [Synth 8-3331] design au_top_0 has unconnected port io_dip[2]
WARNING: [Synth 8-3331] design au_top_0 has unconnected port io_dip[1]
---------------------------------------------------------------------------------
Finished RTL Elaboration : Time (s): cpu = 00:00:04 ; elapsed = 00:00:05 . Memory (MB): peak = 738.184 ; gain = 243.059
---------------------------------------------------------------------------------

Report Check Netlist: 
+------+------------------+-------+---------+-------+------------------+
|      |Item              |Errors |Warnings |Status |Description       |
+------+------------------+-------+---------+-------+------------------+
|1     |multi_driven_nets |      0|        0|Passed |Multi driven nets |
+------+------------------+-------+---------+-------+------------------+
---------------------------------------------------------------------------------
Start Handling Custom Attributes
---------------------------------------------------------------------------------
---------------------------------------------------------------------------------
Finished Handling Custom Attributes : Time (s): cpu = 00:00:04 ; elapsed = 00:00:05 . Memory (MB): peak = 738.184 ; gain = 243.059
---------------------------------------------------------------------------------
---------------------------------------------------------------------------------
Finished RTL Optimization Phase 1 : Time (s): cpu = 00:00:04 ; elapsed = 00:00:05 . Memory (MB): peak = 738.184 ; gain = 243.059
---------------------------------------------------------------------------------
INFO: [Project 1-570] Preparing netlist for logic optimization

Processing XDC Constraints
Initializing timing engine
Parsing XDC File [C:/Users/Razer/Documents/alchitry/1D_CPU/work/constraint/alchitry.xdc]
Finished Parsing XDC File [C:/Users/Razer/Documents/alchitry/1D_CPU/work/constraint/alchitry.xdc]
INFO: [Project 1-236] Implementation specific constraints were found while reading constraint file [C:/Users/Razer/Documents/alchitry/1D_CPU/work/constraint/alchitry.xdc]. These constraints will be ignored for synthesis but will be used in implementation. Impacted constraints are listed in the file [.Xil/au_top_0_propImpl.xdc].
Resolution: To avoid this warning, move constraints listed in [.Xil/au_top_0_propImpl.xdc] to another XDC file and exclude this new file from synthesis with the used_in_synthesis property (File Properties dialog in GUI) and re-run elaboration/synthesis.
Parsing XDC File [C:/Users/Razer/Documents/alchitry/1D_CPU/work/constraint/io.xdc]
Finished Parsing XDC File [C:/Users/Razer/Documents/alchitry/1D_CPU/work/constraint/io.xdc]
INFO: [Project 1-236] Implementation specific constraints were found while reading constraint file [C:/Users/Razer/Documents/alchitry/1D_CPU/work/constraint/io.xdc]. These constraints will be ignored for synthesis but will be used in implementation. Impacted constraints are listed in the file [.Xil/au_top_0_propImpl.xdc].
Resolution: To avoid this warning, move constraints listed in [.Xil/au_top_0_propImpl.xdc] to another XDC file and exclude this new file from synthesis with the used_in_synthesis property (File Properties dialog in GUI) and re-run elaboration/synthesis.
Parsing XDC File [C:/Program Files/Alchitry/Alchitry Labs/library/components/au.xdc]
Finished Parsing XDC File [C:/Program Files/Alchitry/Alchitry Labs/library/components/au.xdc]
Completed Processing XDC Constraints

Netlist sorting complete. Time (s): cpu = 00:00:00 ; elapsed = 00:00:00.001 . Memory (MB): peak = 893.172 ; gain = 0.000
INFO: [Project 1-111] Unisim Transformation Summary:
No Unisim elements were transformed.

Constraint Validation Runtime : Time (s): cpu = 00:00:00 ; elapsed = 00:00:00.009 . Memory (MB): peak = 893.172 ; gain = 0.000
---------------------------------------------------------------------------------
Finished Constraint Validation : Time (s): cpu = 00:00:11 ; elapsed = 00:00:11 . Memory (MB): peak = 893.172 ; gain = 398.047
---------------------------------------------------------------------------------
---------------------------------------------------------------------------------
Start Loading Part and Timing Information
---------------------------------------------------------------------------------
Loading part: xc7a35tftg256-1
---------------------------------------------------------------------------------
Finished Loading Part and Timing Information : Time (s): cpu = 00:00:11 ; elapsed = 00:00:11 . Memory (MB): peak = 893.172 ; gain = 398.047
---------------------------------------------------------------------------------
---------------------------------------------------------------------------------
Start Applying 'set_property' XDC Constraints
---------------------------------------------------------------------------------
---------------------------------------------------------------------------------
Finished applying 'set_property' XDC Constraints : Time (s): cpu = 00:00:11 ; elapsed = 00:00:12 . Memory (MB): peak = 893.172 ; gain = 398.047
---------------------------------------------------------------------------------
INFO: [Synth 8-5818] HDL ADVISOR - The operator resource <adder> is shared. To prevent sharing consider applying a KEEP on the output of the operator [C:/Users/Razer/Documents/alchitry/1D_CPU/work/vivado/1D_CPU/1D_CPU.srcs/sources_1/imports/verilog/adder_19.v:23]
INFO: [Synth 8-5544] ROM "wdsel" won't be mapped to Block RAM because address size (4) smaller than threshold (5)
INFO: [Synth 8-802] inferred FSM for state register 'M_ram_writer_q_reg' in module 'au_top_0'
---------------------------------------------------------------------------------------------------
                   State |                     New Encoding |                Previous Encoding 
---------------------------------------------------------------------------------------------------
         LOAD_ram_writer |                              001 |                               00
         WAIT_ram_writer |                              010 |                               01
           GO_ram_writer |                              100 |                               10
---------------------------------------------------------------------------------------------------
INFO: [Synth 8-3354] encoded FSM with state register 'M_ram_writer_q_reg' using encoding 'one-hot' in module 'au_top_0'
---------------------------------------------------------------------------------
Finished RTL Optimization Phase 2 : Time (s): cpu = 00:00:12 ; elapsed = 00:00:13 . Memory (MB): peak = 893.172 ; gain = 398.047
---------------------------------------------------------------------------------

Report RTL Partitions: 
+-+--------------+------------+----------+
| |RTL Partition |Replication |Instances |
+-+--------------+------------+----------+
+-+--------------+------------+----------+
---------------------------------------------------------------------------------
Start RTL Component Statistics 
---------------------------------------------------------------------------------
Detailed RTL Component Info : 
+---Adders : 
	   3 Input     54 Bit       Adders := 15    
	   2 Input     18 Bit       Adders := 1     
	   3 Input     16 Bit       Adders := 1     
	   2 Input     16 Bit       Adders := 1     
	   2 Input     10 Bit       Adders := 1     
	   2 Input      6 Bit       Adders := 1     
	   2 Input      5 Bit       Adders := 1     
	   2 Input      1 Bit       Adders := 1     
+---XORs : 
	   2 Input     32 Bit         XORs := 2     
	   4 Input     32 Bit         XORs := 1     
	   2 Input     16 Bit         XORs := 2     
	   2 Input      1 Bit         XORs := 2     
+---Registers : 
	              512 Bit    Registers := 1     
	               32 Bit    Registers := 4     
	               18 Bit    Registers := 1     
	               16 Bit    Registers := 2     
	                6 Bit    Registers := 1     
	                4 Bit    Registers := 1     
	                2 Bit    Registers := 2     
	                1 Bit    Registers := 17    
+---RAMs : 
	               4K Bit         RAMs := 1     
+---Muxes : 
	   2 Input    512 Bit        Muxes := 2     
	   2 Input     64 Bit        Muxes := 18    
	   2 Input     54 Bit        Muxes := 15    
	  10 Input     53 Bit        Muxes := 1     
	  10 Input     50 Bit        Muxes := 1     
	  10 Input     47 Bit        Muxes := 1     
	  10 Input     44 Bit        Muxes := 1     
	  10 Input     40 Bit        Muxes := 1     
	  10 Input     37 Bit        Muxes := 1     
	  10 Input     34 Bit        Muxes := 1     
	   2 Input     32 Bit        Muxes := 1     
	  10 Input     30 Bit        Muxes := 1     
	  10 Input     27 Bit        Muxes := 1     
	  10 Input     24 Bit        Muxes := 1     
	  10 Input     20 Bit        Muxes := 1     
	   2 Input     18 Bit        Muxes := 1     
	  10 Input     17 Bit        Muxes := 1     
	   2 Input     16 Bit        Muxes := 6     
	   4 Input     16 Bit        Muxes := 4     
	   7 Input     16 Bit        Muxes := 1     
	   6 Input     16 Bit        Muxes := 1     
	   3 Input     16 Bit        Muxes := 2     
	  10 Input     14 Bit        Muxes := 1     
	  10 Input     10 Bit        Muxes := 1     
	  10 Input      7 Bit        Muxes := 1     
	   4 Input      6 Bit        Muxes := 1     
	   2 Input      5 Bit        Muxes := 2     
	   9 Input      4 Bit        Muxes := 1     
	   2 Input      4 Bit        Muxes := 14    
	   4 Input      4 Bit        Muxes := 1     
	   4 Input      3 Bit        Muxes := 1     
	   2 Input      3 Bit        Muxes := 1     
	   8 Input      3 Bit        Muxes := 1     
	   3 Input      3 Bit        Muxes := 1     
	   5 Input      2 Bit        Muxes := 1     
	  11 Input      2 Bit        Muxes := 1     
	   2 Input      1 Bit        Muxes := 3     
	   4 Input      1 Bit        Muxes := 1     
	  11 Input      1 Bit        Muxes := 4     
	   3 Input      1 Bit        Muxes := 3     
---------------------------------------------------------------------------------
Finished RTL Component Statistics 
---------------------------------------------------------------------------------
---------------------------------------------------------------------------------
Start RTL Hierarchical Component Statistics 
---------------------------------------------------------------------------------
Hierarchical RTL Component report 
Module au_top_0 
Detailed RTL Component Info : 
+---Adders : 
	   2 Input      6 Bit       Adders := 1     
+---Registers : 
	                6 Bit    Registers := 1     
+---Muxes : 
	   3 Input     16 Bit        Muxes := 2     
	   4 Input     16 Bit        Muxes := 1     
	   2 Input     16 Bit        Muxes := 1     
	   2 Input      5 Bit        Muxes := 2     
	   4 Input      4 Bit        Muxes := 1     
	   3 Input      3 Bit        Muxes := 1     
	   2 Input      1 Bit        Muxes := 1     
	   3 Input      1 Bit        Muxes := 3     
Module bin_to_dec_1 
Detailed RTL Component Info : 
+---Adders : 
	   3 Input     54 Bit       Adders := 15    
+---Muxes : 
	   2 Input     64 Bit        Muxes := 18    
	   2 Input     54 Bit        Muxes := 15    
	  10 Input     53 Bit        Muxes := 1     
	  10 Input     50 Bit        Muxes := 1     
	  10 Input     47 Bit        Muxes := 1     
	  10 Input     44 Bit        Muxes := 1     
	  10 Input     40 Bit        Muxes := 1     
	  10 Input     37 Bit        Muxes := 1     
	  10 Input     34 Bit        Muxes := 1     
	  10 Input     30 Bit        Muxes := 1     
	  10 Input     27 Bit        Muxes := 1     
	  10 Input     24 Bit        Muxes := 1     
	  10 Input     20 Bit        Muxes := 1     
	  10 Input     17 Bit        Muxes := 1     
	  10 Input     14 Bit        Muxes := 1     
	  10 Input     10 Bit        Muxes := 1     
	  10 Input      7 Bit        Muxes := 1     
	   9 Input      4 Bit        Muxes := 1     
	   2 Input      4 Bit        Muxes := 14    
Module reset_conditioner_4 
Detailed RTL Component Info : 
+---Registers : 
	                4 Bit    Registers := 1     
Module pipeline_17 
Detailed RTL Component Info : 
+---Registers : 
	                2 Bit    Registers := 1     
Module pn_gen_18 
Detailed RTL Component Info : 
+---XORs : 
	   2 Input     32 Bit         XORs := 2     
	   4 Input     32 Bit         XORs := 1     
+---Registers : 
	               32 Bit    Registers := 4     
+---Muxes : 
	   2 Input     32 Bit        Muxes := 1     
	   2 Input      1 Bit        Muxes := 1     
Module adder_19 
Detailed RTL Component Info : 
+---Adders : 
	   3 Input     16 Bit       Adders := 1     
+---XORs : 
	   2 Input      1 Bit         XORs := 1     
+---Muxes : 
	   2 Input     16 Bit        Muxes := 1     
Module bool_20 
Detailed RTL Component Info : 
+---XORs : 
	   2 Input     16 Bit         XORs := 1     
+---Muxes : 
	   4 Input     16 Bit        Muxes := 1     
	   5 Input      2 Bit        Muxes := 1     
Module bitshift_21 
Detailed RTL Component Info : 
+---Adders : 
	   2 Input      5 Bit       Adders := 1     
+---XORs : 
	   2 Input     16 Bit         XORs := 1     
+---Muxes : 
	   4 Input     16 Bit        Muxes := 1     
Module compare_22 
Detailed RTL Component Info : 
+---Adders : 
	   2 Input      1 Bit       Adders := 1     
+---XORs : 
	   2 Input      1 Bit         XORs := 1     
+---Muxes : 
	   4 Input      1 Bit        Muxes := 1     
Module alu_7 
Detailed RTL Component Info : 
+---Muxes : 
	   2 Input     16 Bit        Muxes := 1     
	   4 Input     16 Bit        Muxes := 1     
Module regfile_8 
Detailed RTL Component Info : 
+---Adders : 
	   2 Input     10 Bit       Adders := 1     
+---Registers : 
	              512 Bit    Registers := 1     
+---Muxes : 
	   2 Input    512 Bit        Muxes := 2     
	   2 Input     16 Bit        Muxes := 2     
Module simple_ram_24 
Detailed RTL Component Info : 
+---Registers : 
	               16 Bit    Registers := 1     
+---RAMs : 
	               4K Bit         RAMs := 1     
Module pc_unit_10 
Detailed RTL Component Info : 
+---Adders : 
	   2 Input     16 Bit       Adders := 1     
+---Registers : 
	               16 Bit    Registers := 1     
+---Muxes : 
	   7 Input     16 Bit        Muxes := 1     
	   6 Input     16 Bit        Muxes := 1     
	   2 Input     16 Bit        Muxes := 1     
Module edge_detector_11 
Detailed RTL Component Info : 
+---Registers : 
	                1 Bit    Registers := 1     
+---Muxes : 
	   2 Input      1 Bit        Muxes := 1     
Module counter_13 
Detailed RTL Component Info : 
+---Adders : 
	   2 Input     18 Bit       Adders := 1     
+---Registers : 
	               18 Bit    Registers := 1     
+---Muxes : 
	   2 Input     18 Bit        Muxes := 1     
Module cu_14 
Detailed RTL Component Info : 
+---Muxes : 
	   4 Input      6 Bit        Muxes := 1     
	   4 Input      3 Bit        Muxes := 1     
	   2 Input      3 Bit        Muxes := 1     
	   8 Input      3 Bit        Muxes := 1     
	  11 Input      2 Bit        Muxes := 1     
	  11 Input      1 Bit        Muxes := 4     
Module edge_detector_5 
Detailed RTL Component Info : 
+---Registers : 
	                1 Bit    Registers := 1     
---------------------------------------------------------------------------------
Finished RTL Hierarchical Component Statistics
---------------------------------------------------------------------------------
---------------------------------------------------------------------------------
Start Part Resource Summary
---------------------------------------------------------------------------------
Part Resources:
DSPs: 90 (col length:60)
BRAMs: 100 (col length: RAMB18 60 RAMB36 30)
---------------------------------------------------------------------------------
Finished Part Resource Summary
---------------------------------------------------------------------------------
---------------------------------------------------------------------------------
Start Cross Boundary and Area Optimization
---------------------------------------------------------------------------------
Warning: Parallel synthesis criteria is not met 
WARNING: [Synth 8-3917] design au_top_0 has port io_led[23] driven by constant 0
WARNING: [Synth 8-3917] design au_top_0 has port io_led[22] driven by constant 0
WARNING: [Synth 8-3917] design au_top_0 has port io_seg[7] driven by constant 1
WARNING: [Synth 8-3331] design inst_mem_15 has unconnected port ia[15]
WARNING: [Synth 8-3331] design inst_mem_15 has unconnected port ia[14]
WARNING: [Synth 8-3331] design inst_mem_15 has unconnected port ia[13]
WARNING: [Synth 8-3331] design inst_mem_15 has unconnected port ia[12]
WARNING: [Synth 8-3331] design inst_mem_15 has unconnected port ia[11]
WARNING: [Synth 8-3331] design inst_mem_15 has unconnected port ia[10]
WARNING: [Synth 8-3331] design inst_mem_15 has unconnected port ia[9]
WARNING: [Synth 8-3331] design inst_mem_15 has unconnected port ia[8]
WARNING: [Synth 8-3331] design inst_mem_15 has unconnected port ia[7]
WARNING: [Synth 8-3331] design inst_mem_15 has unconnected port ia[6]
WARNING: [Synth 8-3331] design inst_mem_15 has unconnected port ia[1]
WARNING: [Synth 8-3331] design inst_mem_15 has unconnected port ia[0]
WARNING: [Synth 8-3331] design regfile_8 has unconnected port ia
WARNING: [Synth 8-3331] design au_top_0 has unconnected port io_button[4]
WARNING: [Synth 8-3331] design au_top_0 has unconnected port io_button[3]
WARNING: [Synth 8-3331] design au_top_0 has unconnected port io_button[2]
WARNING: [Synth 8-3331] design au_top_0 has unconnected port io_button[1]
WARNING: [Synth 8-3331] design au_top_0 has unconnected port io_dip[7]
WARNING: [Synth 8-3331] design au_top_0 has unconnected port io_dip[6]
WARNING: [Synth 8-3331] design au_top_0 has unconnected port io_dip[5]
WARNING: [Synth 8-3331] design au_top_0 has unconnected port io_dip[4]
WARNING: [Synth 8-3331] design au_top_0 has unconnected port io_dip[3]
WARNING: [Synth 8-3331] design au_top_0 has unconnected port io_dip[2]
WARNING: [Synth 8-3331] design au_top_0 has unconnected port io_dip[1]
INFO: [Synth 8-3886] merging instance 'rf/M_r_q_reg[382]' (FDE) to 'rf/M_r_q_reg[0]'
INFO: [Synth 8-3886] merging instance 'rf/M_r_q_reg[366]' (FDE) to 'rf/M_r_q_reg[362]'
INFO: [Synth 8-3886] merging instance 'rf/M_r_q_reg[350]' (FDE) to 'rf/M_r_q_reg[0]'
INFO: [Synth 8-3886] merging instance 'rf/M_r_q_reg[334]' (FDE) to 'rf/M_r_q_reg[0]'
INFO: [Synth 8-3886] merging instance 'rf/M_r_q_reg[318]' (FDE) to 'rf/M_r_q_reg[0]'
INFO: [Synth 8-3886] merging instance 'rf/M_r_q_reg[302]' (FDE) to 'rf/M_r_q_reg[0]'
INFO: [Synth 8-3886] merging instance 'rf/M_r_q_reg[286]' (FDE) to 'rf/M_r_q_reg[0]'
INFO: [Synth 8-3886] merging instance 'rf/M_r_q_reg[270]' (FDE) to 'rf/M_r_q_reg[0]'
INFO: [Synth 8-3886] merging instance 'rf/M_r_q_reg[254]' (FDE) to 'rf/M_r_q_reg[0]'
INFO: [Synth 8-3886] merging instance 'rf/M_r_q_reg[238]' (FDE) to 'rf/M_r_q_reg[0]'
INFO: [Synth 8-3886] merging instance 'rf/M_r_q_reg[222]' (FDE) to 'rf/M_r_q_reg[0]'
INFO: [Synth 8-3886] merging instance 'rf/M_r_q_reg[206]' (FDE) to 'rf/M_r_q_reg[0]'
INFO: [Synth 8-3886] merging instance 'rf/M_r_q_reg[190]' (FDE) to 'rf/M_r_q_reg[0]'
INFO: [Synth 8-3886] merging instance 'rf/M_r_q_reg[174]' (FDE) to 'rf/M_r_q_reg[0]'
INFO: [Synth 8-3886] merging instance 'rf/M_r_q_reg[158]' (FDE) to 'rf/M_r_q_reg[0]'
INFO: [Synth 8-3886] merging instance 'rf/M_r_q_reg[142]' (FDE) to 'rf/M_r_q_reg[0]'
INFO: [Synth 8-3886] merging instance 'rf/M_r_q_reg[126]' (FDE) to 'rf/M_r_q_reg[0]'
INFO: [Synth 8-3886] merging instance 'rf/M_r_q_reg[110]' (FDE) to 'rf/M_r_q_reg[0]'
INFO: [Synth 8-3886] merging instance 'rf/M_r_q_reg[94]' (FDE) to 'rf/M_r_q_reg[0]'
INFO: [Synth 8-3886] merging instance 'rf/M_r_q_reg[78]' (FDE) to 'rf/M_r_q_reg[0]'
INFO: [Synth 8-3886] merging instance 'rf/M_r_q_reg[62]' (FDE) to 'rf/M_r_q_reg[0]'
INFO: [Synth 8-3886] merging instance 'rf/M_r_q_reg[46]' (FDE) to 'rf/M_r_q_reg[0]'
INFO: [Synth 8-3886] merging instance 'rf/M_r_q_reg[30]' (FDE) to 'rf/M_r_q_reg[0]'
INFO: [Synth 8-3886] merging instance 'rf/M_r_q_reg[14]' (FDE) to 'rf/M_r_q_reg[0]'
INFO: [Synth 8-3886] merging instance 'rf/M_r_q_reg[378]' (FDE) to 'rf/M_r_q_reg[0]'
INFO: [Synth 8-3886] merging instance 'rf/M_r_q_reg[362]' (FDE) to 'rf/M_r_q_reg[364]'
INFO: [Synth 8-3886] merging instance 'rf/M_r_q_reg[346]' (FDE) to 'rf/M_r_q_reg[0]'
INFO: [Synth 8-3886] merging instance 'rf/M_r_q_reg[330]' (FDE) to 'rf/M_r_q_reg[0]'
INFO: [Synth 8-3886] merging instance 'rf/M_r_q_reg[314]' (FDE) to 'rf/M_r_q_reg[0]'
INFO: [Synth 8-3886] merging instance 'rf/M_r_q_reg[298]' (FDE) to 'rf/M_r_q_reg[0]'
INFO: [Synth 8-3886] merging instance 'rf/M_r_q_reg[282]' (FDE) to 'rf/M_r_q_reg[0]'
INFO: [Synth 8-3886] merging instance 'rf/M_r_q_reg[266]' (FDE) to 'rf/M_r_q_reg[0]'
INFO: [Synth 8-3886] merging instance 'rf/M_r_q_reg[250]' (FDE) to 'rf/M_r_q_reg[0]'
INFO: [Synth 8-3886] merging instance 'rf/M_r_q_reg[234]' (FDE) to 'rf/M_r_q_reg[0]'
INFO: [Synth 8-3886] merging instance 'rf/M_r_q_reg[218]' (FDE) to 'rf/M_r_q_reg[0]'
INFO: [Synth 8-3886] merging instance 'rf/M_r_q_reg[202]' (FDE) to 'rf/M_r_q_reg[0]'
INFO: [Synth 8-3886] merging instance 'rf/M_r_q_reg[186]' (FDE) to 'rf/M_r_q_reg[0]'
INFO: [Synth 8-3886] merging instance 'rf/M_r_q_reg[170]' (FDE) to 'rf/M_r_q_reg[0]'
INFO: [Synth 8-3886] merging instance 'rf/M_r_q_reg[154]' (FDE) to 'rf/M_r_q_reg[0]'
INFO: [Synth 8-3886] merging instance 'rf/M_r_q_reg[138]' (FDE) to 'rf/M_r_q_reg[0]'
INFO: [Synth 8-3886] merging instance 'rf/M_r_q_reg[122]' (FDE) to 'rf/M_r_q_reg[0]'
INFO: [Synth 8-3886] merging instance 'rf/M_r_q_reg[106]' (FDE) to 'rf/M_r_q_reg[0]'
INFO: [Synth 8-3886] merging instance 'rf/M_r_q_reg[90]' (FDE) to 'rf/M_r_q_reg[0]'
INFO: [Synth 8-3886] merging instance 'rf/M_r_q_reg[74]' (FDE) to 'rf/M_r_q_reg[0]'
INFO: [Synth 8-3886] merging instance 'rf/M_r_q_reg[58]' (FDE) to 'rf/M_r_q_reg[0]'
INFO: [Synth 8-3886] merging instance 'rf/M_r_q_reg[42]' (FDE) to 'rf/M_r_q_reg[0]'
INFO: [Synth 8-3886] merging instance 'rf/M_r_q_reg[26]' (FDE) to 'rf/M_r_q_reg[0]'
INFO: [Synth 8-3886] merging instance 'rf/M_r_q_reg[10]' (FDE) to 'rf/M_r_q_reg[0]'
INFO: [Synth 8-3886] merging instance 'rf/M_r_q_reg[380]' (FDE) to 'rf/M_r_q_reg[0]'
INFO: [Synth 8-3886] merging instance 'rf/M_r_q_reg[364]' (FDE) to 'rf/M_r_q_reg[360]'
INFO: [Synth 8-3886] merging instance 'rf/M_r_q_reg[348]' (FDE) to 'rf/M_r_q_reg[0]'
INFO: [Synth 8-3886] merging instance 'rf/M_r_q_reg[332]' (FDE) to 'rf/M_r_q_reg[0]'
INFO: [Synth 8-3886] merging instance 'rf/M_r_q_reg[316]' (FDE) to 'rf/M_r_q_reg[0]'
INFO: [Synth 8-3886] merging instance 'rf/M_r_q_reg[300]' (FDE) to 'rf/M_r_q_reg[0]'
INFO: [Synth 8-3886] merging instance 'rf/M_r_q_reg[284]' (FDE) to 'rf/M_r_q_reg[0]'
INFO: [Synth 8-3886] merging instance 'rf/M_r_q_reg[268]' (FDE) to 'rf/M_r_q_reg[0]'
INFO: [Synth 8-3886] merging instance 'rf/M_r_q_reg[252]' (FDE) to 'rf/M_r_q_reg[0]'
INFO: [Synth 8-3886] merging instance 'rf/M_r_q_reg[236]' (FDE) to 'rf/M_r_q_reg[0]'
INFO: [Synth 8-3886] merging instance 'rf/M_r_q_reg[220]' (FDE) to 'rf/M_r_q_reg[0]'
INFO: [Synth 8-3886] merging instance 'rf/M_r_q_reg[204]' (FDE) to 'rf/M_r_q_reg[0]'
INFO: [Synth 8-3886] merging instance 'rf/M_r_q_reg[188]' (FDE) to 'rf/M_r_q_reg[0]'
INFO: [Synth 8-3886] merging instance 'rf/M_r_q_reg[172]' (FDE) to 'rf/M_r_q_reg[0]'
INFO: [Synth 8-3886] merging instance 'rf/M_r_q_reg[156]' (FDE) to 'rf/M_r_q_reg[0]'
INFO: [Synth 8-3886] merging instance 'rf/M_r_q_reg[140]' (FDE) to 'rf/M_r_q_reg[0]'
INFO: [Synth 8-3886] merging instance 'rf/M_r_q_reg[124]' (FDE) to 'rf/M_r_q_reg[0]'
INFO: [Synth 8-3886] merging instance 'rf/M_r_q_reg[108]' (FDE) to 'rf/M_r_q_reg[0]'
INFO: [Synth 8-3886] merging instance 'rf/M_r_q_reg[92]' (FDE) to 'rf/M_r_q_reg[0]'
INFO: [Synth 8-3886] merging instance 'rf/M_r_q_reg[76]' (FDE) to 'rf/M_r_q_reg[0]'
INFO: [Synth 8-3886] merging instance 'rf/M_r_q_reg[60]' (FDE) to 'rf/M_r_q_reg[0]'
INFO: [Synth 8-3886] merging instance 'rf/M_r_q_reg[44]' (FDE) to 'rf/M_r_q_reg[0]'
INFO: [Synth 8-3886] merging instance 'rf/M_r_q_reg[28]' (FDE) to 'rf/M_r_q_reg[0]'
INFO: [Synth 8-3886] merging instance 'rf/M_r_q_reg[12]' (FDE) to 'rf/M_r_q_reg[0]'
INFO: [Synth 8-3886] merging instance 'rf/M_r_q_reg[376]' (FDE) to 'rf/M_r_q_reg[0]'
INFO: [Synth 8-3886] merging instance 'rf/M_r_q_reg[360]' (FDE) to 'rf/M_r_q_reg[365]'
INFO: [Synth 8-3886] merging instance 'rf/M_r_q_reg[344]' (FDE) to 'rf/M_r_q_reg[0]'
INFO: [Synth 8-3886] merging instance 'rf/M_r_q_reg[328]' (FDE) to 'rf/M_r_q_reg[0]'
INFO: [Synth 8-3886] merging instance 'rf/M_r_q_reg[312]' (FDE) to 'rf/M_r_q_reg[0]'
INFO: [Synth 8-3886] merging instance 'rf/M_r_q_reg[296]' (FDE) to 'rf/M_r_q_reg[0]'
INFO: [Synth 8-3886] merging instance 'rf/M_r_q_reg[280]' (FDE) to 'rf/M_r_q_reg[0]'
INFO: [Synth 8-3886] merging instance 'rf/M_r_q_reg[264]' (FDE) to 'rf/M_r_q_reg[0]'
INFO: [Synth 8-3886] merging instance 'rf/M_r_q_reg[248]' (FDE) to 'rf/M_r_q_reg[0]'
INFO: [Synth 8-3886] merging instance 'rf/M_r_q_reg[232]' (FDE) to 'rf/M_r_q_reg[0]'
INFO: [Synth 8-3886] merging instance 'rf/M_r_q_reg[216]' (FDE) to 'rf/M_r_q_reg[0]'
INFO: [Synth 8-3886] merging instance 'rf/M_r_q_reg[200]' (FDE) to 'rf/M_r_q_reg[0]'
INFO: [Synth 8-3886] merging instance 'rf/M_r_q_reg[184]' (FDE) to 'rf/M_r_q_reg[0]'
INFO: [Synth 8-3886] merging instance 'rf/M_r_q_reg[168]' (FDE) to 'rf/M_r_q_reg[0]'
INFO: [Synth 8-3886] merging instance 'rf/M_r_q_reg[152]' (FDE) to 'rf/M_r_q_reg[0]'
INFO: [Synth 8-3886] merging instance 'rf/M_r_q_reg[136]' (FDE) to 'rf/M_r_q_reg[0]'
INFO: [Synth 8-3886] merging instance 'rf/M_r_q_reg[120]' (FDE) to 'rf/M_r_q_reg[0]'
INFO: [Synth 8-3886] merging instance 'rf/M_r_q_reg[104]' (FDE) to 'rf/M_r_q_reg[0]'
INFO: [Synth 8-3886] merging instance 'rf/M_r_q_reg[88]' (FDE) to 'rf/M_r_q_reg[0]'
INFO: [Synth 8-3886] merging instance 'rf/M_r_q_reg[72]' (FDE) to 'rf/M_r_q_reg[0]'
INFO: [Synth 8-3886] merging instance 'rf/M_r_q_reg[56]' (FDE) to 'rf/M_r_q_reg[0]'
INFO: [Synth 8-3886] merging instance 'rf/M_r_q_reg[40]' (FDE) to 'rf/M_r_q_reg[0]'
INFO: [Synth 8-3886] merging instance 'rf/M_r_q_reg[24]' (FDE) to 'rf/M_r_q_reg[0]'
INFO: [Synth 8-3886] merging instance 'rf/M_r_q_reg[8]' (FDE) to 'rf/M_r_q_reg[0]'
INFO: [Synth 8-3886] merging instance 'rf/M_r_q_reg[381]' (FDE) to 'rf/M_r_q_reg[0]'
INFO: [Synth 8-3886] merging instance 'rf/M_r_q_reg[365]' (FDE) to 'rf/M_r_q_reg[361]'
INFO: [Synth 8-3886] merging instance 'rf/M_r_q_reg[349]' (FDE) to 'rf/M_r_q_reg[0]'
INFO: [Synth 8-3886] merging instance 'rf/M_r_q_reg[333]' (FDE) to 'rf/M_r_q_reg[0]'
INFO: [Common 17-14] Message 'Synth 8-3886' appears 100 times and further instances of the messages will be disabled. Use the Tcl command set_msg_config to change the current settings.
INFO: [Synth 8-3333] propagating constant 0 across sequential element (rf/\M_r_q_reg[359] )
INFO: [Synth 8-3333] propagating constant 0 across sequential element (rf/\M_r_q_reg[7] )
---------------------------------------------------------------------------------
Finished Cross Boundary and Area Optimization : Time (s): cpu = 00:00:20 ; elapsed = 00:00:21 . Memory (MB): peak = 893.172 ; gain = 398.047
---------------------------------------------------------------------------------
---------------------------------------------------------------------------------
Start ROM, RAM, DSP and Shift Register Reporting
---------------------------------------------------------------------------------

Block RAM: Preliminary Mapping  Report (see note below)
+---------------+------------+------------------------+---+---+------------------------+---+---+------------------+--------+--------+
|Module Name    | RTL Object | PORT A (Depth x Width) | W | R | PORT B (Depth x Width) | W | R | Ports driving FF | RAMB18 | RAMB36 | 
+---------------+------------+------------------------+---+---+------------------------+---+---+------------------+--------+--------+
|simple_ram_24: | ram_reg    | 256 x 16(READ_FIRST)   | W | R |                        |   |   | Port A           | 1      | 0      | 
+---------------+------------+------------------------+---+---+------------------------+---+---+------------------+--------+--------+

Note: The table above is a preliminary report that shows the Block RAMs at the current stage of the synthesis flow. Some Block RAMs may be reimplemented as non Block RAM primitives later in the synthesis flow. Multiple instantiated Block RAMs are reported only once. 
---------------------------------------------------------------------------------
Finished ROM, RAM, DSP and Shift Register Reporting
---------------------------------------------------------------------------------
INFO: [Synth 8-6837] The timing for the instance i_1/data/ram/ram_reg (implemented as a Block RAM) might be sub-optimal as no optional output register could be merged into the block ram. Providing additional output register may help in improving timing.

Report RTL Partitions: 
+-+--------------+------------+----------+
| |RTL Partition |Replication |Instances |
+-+--------------+------------+----------+
+-+--------------+------------+----------+
---------------------------------------------------------------------------------
Start Applying XDC Timing Constraints
---------------------------------------------------------------------------------
---------------------------------------------------------------------------------
Finished Applying XDC Timing Constraints : Time (s): cpu = 00:00:27 ; elapsed = 00:00:28 . Memory (MB): peak = 893.172 ; gain = 398.047
---------------------------------------------------------------------------------
---------------------------------------------------------------------------------
Start Timing Optimization
---------------------------------------------------------------------------------
---------------------------------------------------------------------------------
Finished Timing Optimization : Time (s): cpu = 00:00:27 ; elapsed = 00:00:29 . Memory (MB): peak = 893.172 ; gain = 398.047
---------------------------------------------------------------------------------
---------------------------------------------------------------------------------
Start ROM, RAM, DSP and Shift Register Reporting
---------------------------------------------------------------------------------

Block RAM: Final Mapping  Report
+---------------+------------+------------------------+---+---+------------------------+---+---+------------------+--------+--------+
|Module Name    | RTL Object | PORT A (Depth x Width) | W | R | PORT B (Depth x Width) | W | R | Ports driving FF | RAMB18 | RAMB36 | 
+---------------+------------+------------------------+---+---+------------------------+---+---+------------------+--------+--------+
|simple_ram_24: | ram_reg    | 256 x 16(READ_FIRST)   | W | R |                        |   |   | Port A           | 1      | 0      | 
+---------------+------------+------------------------+---+---+------------------------+---+---+------------------+--------+--------+

---------------------------------------------------------------------------------
Finished ROM, RAM, DSP and Shift Register Reporting
---------------------------------------------------------------------------------

Report RTL Partitions: 
+-+--------------+------------+----------+
| |RTL Partition |Replication |Instances |
+-+--------------+------------+----------+
+-+--------------+------------+----------+
---------------------------------------------------------------------------------
Start Technology Mapping
---------------------------------------------------------------------------------
INFO: [Synth 8-6837] The timing for the instance data/ram/ram_reg (implemented as a Block RAM) might be sub-optimal as no optional output register could be merged into the block ram. Providing additional output register may help in improving timing.
---------------------------------------------------------------------------------
Finished Technology Mapping : Time (s): cpu = 00:00:28 ; elapsed = 00:00:29 . Memory (MB): peak = 893.172 ; gain = 398.047
---------------------------------------------------------------------------------

Report RTL Partitions: 
+-+--------------+------------+----------+
| |RTL Partition |Replication |Instances |
+-+--------------+------------+----------+
+-+--------------+------------+----------+
---------------------------------------------------------------------------------
Start IO Insertion
---------------------------------------------------------------------------------
---------------------------------------------------------------------------------
Start Flattening Before IO Insertion
---------------------------------------------------------------------------------
---------------------------------------------------------------------------------
Finished Flattening Before IO Insertion
---------------------------------------------------------------------------------
---------------------------------------------------------------------------------
Start Final Netlist Cleanup
---------------------------------------------------------------------------------
---------------------------------------------------------------------------------
Finished Final Netlist Cleanup
---------------------------------------------------------------------------------
---------------------------------------------------------------------------------
Finished IO Insertion : Time (s): cpu = 00:00:29 ; elapsed = 00:00:31 . Memory (MB): peak = 893.172 ; gain = 398.047
---------------------------------------------------------------------------------

Report Check Netlist: 
+------+------------------+-------+---------+-------+------------------+
|      |Item              |Errors |Warnings |Status |Description       |
+------+------------------+-------+---------+-------+------------------+
|1     |multi_driven_nets |      0|        0|Passed |Multi driven nets |
+------+------------------+-------+---------+-------+------------------+
---------------------------------------------------------------------------------
Start Renaming Generated Instances
---------------------------------------------------------------------------------
---------------------------------------------------------------------------------
Finished Renaming Generated Instances : Time (s): cpu = 00:00:29 ; elapsed = 00:00:31 . Memory (MB): peak = 893.172 ; gain = 398.047
---------------------------------------------------------------------------------

Report RTL Partitions: 
+-+--------------+------------+----------+
| |RTL Partition |Replication |Instances |
+-+--------------+------------+----------+
+-+--------------+------------+----------+
---------------------------------------------------------------------------------
Start Rebuilding User Hierarchy
---------------------------------------------------------------------------------
---------------------------------------------------------------------------------
Finished Rebuilding User Hierarchy : Time (s): cpu = 00:00:29 ; elapsed = 00:00:31 . Memory (MB): peak = 893.172 ; gain = 398.047
---------------------------------------------------------------------------------
---------------------------------------------------------------------------------
Start Renaming Generated Ports
---------------------------------------------------------------------------------
---------------------------------------------------------------------------------
Finished Renaming Generated Ports : Time (s): cpu = 00:00:29 ; elapsed = 00:00:31 . Memory (MB): peak = 893.172 ; gain = 398.047
---------------------------------------------------------------------------------
---------------------------------------------------------------------------------
Start Handling Custom Attributes
---------------------------------------------------------------------------------
---------------------------------------------------------------------------------
Finished Handling Custom Attributes : Time (s): cpu = 00:00:29 ; elapsed = 00:00:31 . Memory (MB): peak = 893.172 ; gain = 398.047
---------------------------------------------------------------------------------
---------------------------------------------------------------------------------
Start Renaming Generated Nets
---------------------------------------------------------------------------------
---------------------------------------------------------------------------------
Finished Renaming Generated Nets : Time (s): cpu = 00:00:29 ; elapsed = 00:00:31 . Memory (MB): peak = 893.172 ; gain = 398.047
---------------------------------------------------------------------------------
---------------------------------------------------------------------------------
Start Writing Synthesis Report
---------------------------------------------------------------------------------

Report BlackBoxes: 
+-+--------------+----------+
| |BlackBox name |Instances |
+-+--------------+----------+
+-+--------------+----------+

Report Cell Usage: 
+------+---------+------+
|      |Cell     |Count |
+------+---------+------+
|1     |BUFG     |     1|
|2     |CARRY4   |    48|
|3     |LUT1     |     9|
|4     |LUT2     |    84|
|5     |LUT3     |    70|
|6     |LUT4     |    59|
|7     |LUT5     |    64|
|8     |LUT6     |   124|
|9     |RAMB18E1 |     1|
|10    |FDRE     |   122|
|11    |FDSE     |     4|
|12    |IBUF     |     5|
|13    |OBUF     |    45|
+------+---------+------+

Report Instance Areas: 
+------+---------------------------+-----------------------+------+
|      |Instance                   |Module                 |Cells |
+------+---------------------------+-----------------------+------+
|1     |top                        |                       |   636|
|2     |  cnt                      |counter_12             |    36|
|3     |  data                     |data_mem_9             |     9|
|4     |    ram                    |simple_ram_24          |     9|
|5     |  dip_cnd                  |button_conditioner_6   |    34|
|6     |    sync                   |pipeline_17_1          |     3|
|7     |  io_cnd                   |button_conditioner_6_0 |    34|
|8     |    sync                   |pipeline_17            |     3|
|9     |  pc                       |pc_unit_10             |   385|
|10    |  reset_cond               |reset_conditioner_4    |     5|
|11    |  rf                       |regfile_8              |     8|
|12    |  slow_clock_edge_detector |edge_detector_11       |     1|
|13    |  ss_sel                   |counter_13             |    49|
+------+---------------------------+-----------------------+------+
---------------------------------------------------------------------------------
Finished Writing Synthesis Report : Time (s): cpu = 00:00:29 ; elapsed = 00:00:31 . Memory (MB): peak = 893.172 ; gain = 398.047
---------------------------------------------------------------------------------
Synthesis finished with 0 errors, 0 critical warnings and 27 warnings.
Synthesis Optimization Runtime : Time (s): cpu = 00:00:23 ; elapsed = 00:00:28 . Memory (MB): peak = 893.172 ; gain = 243.059
Synthesis Optimization Complete : Time (s): cpu = 00:00:30 ; elapsed = 00:00:31 . Memory (MB): peak = 893.172 ; gain = 398.047
INFO: [Project 1-571] Translating synthesized netlist
INFO: [Netlist 29-17] Analyzing 49 Unisim elements for replacement
INFO: [Netlist 29-28] Unisim Transformation completed in 0 CPU seconds
INFO: [Project 1-570] Preparing netlist for logic optimization
INFO: [Opt 31-138] Pushed 0 inverter(s) to 0 load pin(s).
Netlist sorting complete. Time (s): cpu = 00:00:00 ; elapsed = 00:00:00 . Memory (MB): peak = 906.863 ; gain = 0.000
INFO: [Project 1-111] Unisim Transformation Summary:
No Unisim elements were transformed.

INFO: [Common 17-83] Releasing license: Synthesis
182 Infos, 54 Warnings, 0 Critical Warnings and 0 Errors encountered.
synth_design completed successfully
synth_design: Time (s): cpu = 00:00:35 ; elapsed = 00:00:36 . Memory (MB): peak = 906.863 ; gain = 615.949
Netlist sorting complete. Time (s): cpu = 00:00:00 ; elapsed = 00:00:00 . Memory (MB): peak = 906.863 ; gain = 0.000
WARNING: [Constraints 18-5210] No constraints selected for write.
Resolution: This message can indicate that there are no constraints for the design, or it can indicate that the used_in flags are set such that the constraints are ignored. This later case is used when running synth_design to not write synthesis constraints to the resulting checkpoint. Instead, project constraints are read when the synthesized design is opened.
INFO: [Common 17-1381] The checkpoint 'C:/Users/Razer/Documents/alchitry/1D_CPU/work/vivado/1D_CPU/1D_CPU.runs/synth_1/au_top_0.dcp' has been generated.
INFO: [runtcl-4] Executing : report_utilization -file au_top_0_utilization_synth.rpt -pb au_top_0_utilization_synth.pb
INFO: [Common 17-206] Exiting Vivado at Sun Mar 27 22:15:16 2022...
[Sun Mar 27 22:15:19 2022] synth_1 finished
wait_on_run: Time (s): cpu = 00:00:00 ; elapsed = 00:00:46 . Memory (MB): peak = 286.887 ; gain = 0.000
# launch_runs impl_1 -to_step write_bitstream -jobs 12
[Sun Mar 27 22:15:19 2022] Launched impl_1...
Run output will be captured here: C:/Users/Razer/Documents/alchitry/1D_CPU/work/vivado/1D_CPU/1D_CPU.runs/impl_1/runme.log
# wait_on_run impl_1
[Sun Mar 27 22:15:19 2022] Waiting for impl_1 to finish...

*** Running vivado
    with args -log au_top_0.vdi -applog -m64 -product Vivado -messageDb vivado.pb -mode batch -source au_top_0.tcl -notrace


****** Vivado v2019.1 (64-bit)
  **** SW Build 2552052 on Fri May 24 14:49:42 MDT 2019
  **** IP Build 2548770 on Fri May 24 18:01:18 MDT 2019
    ** Copyright 1986-2019 Xilinx, Inc. All Rights Reserved.

source au_top_0.tcl -notrace
Command: link_design -top au_top_0 -part xc7a35tftg256-1
Design is defaulting to srcset: sources_1
Design is defaulting to constrset: constrs_1
INFO: [Device 21-403] Loading part xc7a35tftg256-1
INFO: [Netlist 29-17] Analyzing 49 Unisim elements for replacement
INFO: [Netlist 29-28] Unisim Transformation completed in 0 CPU seconds
INFO: [Project 1-479] Netlist was created with Vivado 2019.1
INFO: [Project 1-570] Preparing netlist for logic optimization
Parsing XDC File [C:/Users/Razer/Documents/alchitry/1D_CPU/work/constraint/alchitry.xdc]
Finished Parsing XDC File [C:/Users/Razer/Documents/alchitry/1D_CPU/work/constraint/alchitry.xdc]
Parsing XDC File [C:/Users/Razer/Documents/alchitry/1D_CPU/work/constraint/io.xdc]
Finished Parsing XDC File [C:/Users/Razer/Documents/alchitry/1D_CPU/work/constraint/io.xdc]
Parsing XDC File [C:/Program Files/Alchitry/Alchitry Labs/library/components/au.xdc]
Finished Parsing XDC File [C:/Program Files/Alchitry/Alchitry Labs/library/components/au.xdc]
INFO: [Opt 31-138] Pushed 0 inverter(s) to 0 load pin(s).
Netlist sorting complete. Time (s): cpu = 00:00:00 ; elapsed = 00:00:00.001 . Memory (MB): peak = 623.039 ; gain = 0.000
INFO: [Project 1-111] Unisim Transformation Summary:
No Unisim elements were transformed.

7 Infos, 0 Warnings, 0 Critical Warnings and 0 Errors encountered.
link_design completed successfully
link_design: Time (s): cpu = 00:00:06 ; elapsed = 00:00:07 . Memory (MB): peak = 627.043 ; gain = 336.344
Command: opt_design
Attempting to get a license for feature 'Implementation' and/or device 'xc7a35t'
INFO: [Common 17-349] Got license for feature 'Implementation' and/or device 'xc7a35t'
Running DRC as a precondition to command opt_design

Starting DRC Task
INFO: [DRC 23-27] Running DRC with 2 threads
INFO: [Project 1-461] DRC finished with 0 Errors
INFO: [Project 1-462] Please refer to the DRC report (report_drc) for more information.

Time (s): cpu = 00:00:01 ; elapsed = 00:00:00.603 . Memory (MB): peak = 644.625 ; gain = 17.582

Starting Cache Timing Information Task
INFO: [Timing 38-35] Done setting XDC timing constraints.
Ending Cache Timing Information Task | Checksum: 1a8eb6c02

Time (s): cpu = 00:00:08 ; elapsed = 00:00:08 . Memory (MB): peak = 1183.617 ; gain = 538.992

Starting Logic Optimization Task

Phase 1 Retarget
INFO: [Opt 31-138] Pushed 0 inverter(s) to 0 load pin(s).
INFO: [Opt 31-49] Retargeted 0 cell(s).
Phase 1 Retarget | Checksum: 1a8eb6c02

Time (s): cpu = 00:00:00 ; elapsed = 00:00:00.038 . Memory (MB): peak = 1325.000 ; gain = 0.000
INFO: [Opt 31-389] Phase Retarget created 0 cells and removed 0 cells

Phase 2 Constant propagation
INFO: [Opt 31-138] Pushed 0 inverter(s) to 0 load pin(s).
Phase 2 Constant propagation | Checksum: 1a6eac5ba

Time (s): cpu = 00:00:00 ; elapsed = 00:00:00.044 . Memory (MB): peak = 1325.000 ; gain = 0.000
INFO: [Opt 31-389] Phase Constant propagation created 0 cells and removed 0 cells

Phase 3 Sweep
Phase 3 Sweep | Checksum: 2264ebddd

Time (s): cpu = 00:00:00 ; elapsed = 00:00:00.063 . Memory (MB): peak = 1325.000 ; gain = 0.000
INFO: [Opt 31-389] Phase Sweep created 0 cells and removed 0 cells

Phase 4 BUFG optimization
Phase 4 BUFG optimization | Checksum: 2264ebddd

Time (s): cpu = 00:00:00 ; elapsed = 00:00:00.075 . Memory (MB): peak = 1325.000 ; gain = 0.000
INFO: [Opt 31-662] Phase BUFG optimization created 0 cells of which 0 are BUFGs and removed 0 cells.

Phase 5 Shift Register Optimization
INFO: [Opt 31-1064] SRL Remap converted 0 SRLs to 0 registers and converted 0 registers of register chains to 0 SRLs
Phase 5 Shift Register Optimization | Checksum: 2264ebddd

Time (s): cpu = 00:00:00 ; elapsed = 00:00:00.083 . Memory (MB): peak = 1325.000 ; gain = 0.000
INFO: [Opt 31-389] Phase Shift Register Optimization created 0 cells and removed 0 cells

Phase 6 Post Processing Netlist
Phase 6 Post Processing Netlist | Checksum: 2264ebddd

Time (s): cpu = 00:00:00 ; elapsed = 00:00:00.086 . Memory (MB): peak = 1325.000 ; gain = 0.000
INFO: [Opt 31-389] Phase Post Processing Netlist created 0 cells and removed 0 cells
Opt_design Change Summary
=========================


-------------------------------------------------------------------------------------------------------------------------
|  Phase                        |  #Cells created  |  #Cells Removed  |  #Constrained objects preventing optimizations  |
-------------------------------------------------------------------------------------------------------------------------
|  Retarget                     |               0  |               0  |                                              0  |
|  Constant propagation         |               0  |               0  |                                              0  |
|  Sweep                        |               0  |               0  |                                              0  |
|  BUFG optimization            |               0  |               0  |                                              0  |
|  Shift Register Optimization  |               0  |               0  |                                              0  |
|  Post Processing Netlist      |               0  |               0  |                                              0  |
-------------------------------------------------------------------------------------------------------------------------



Starting Connectivity Check Task

Time (s): cpu = 00:00:00 ; elapsed = 00:00:00.001 . Memory (MB): peak = 1325.000 ; gain = 0.000
Ending Logic Optimization Task | Checksum: 18ca258b7

Time (s): cpu = 00:00:00 ; elapsed = 00:00:00.111 . Memory (MB): peak = 1325.000 ; gain = 0.000

Starting Power Optimization Task
INFO: [Pwropt 34-132] Skipping clock gating for clocks with a period < 2.00 ns.
INFO: [Timing 38-35] Done setting XDC timing constraints.
INFO: [Pwropt 34-9] Applying IDT optimizations ...
INFO: [Pwropt 34-10] Applying ODC optimizations ...
INFO: [Physopt 32-619] Estimated Timing Summary | WNS=4.620 | TNS=0.000 |
Running Vector-less Activity Propagation...

Finished Running Vector-less Activity Propagation


Starting PowerOpt Patch Enables Task
INFO: [Pwropt 34-162] WRITE_MODE attribute of 0 BRAM(s) out of a total of 1 has been updated to save power. Run report_power_opt to get a complete listing of the BRAMs updated.
INFO: [Pwropt 34-201] Structural ODC has moved 0 WE to EN ports
Number of BRAM Ports augmented: 0 newly gated: 0 Total Ports: 2
Ending PowerOpt Patch Enables Task | Checksum: 18ca258b7

Time (s): cpu = 00:00:00 ; elapsed = 00:00:00.007 . Memory (MB): peak = 1459.281 ; gain = 0.000
Ending Power Optimization Task | Checksum: 18ca258b7

Time (s): cpu = 00:00:01 ; elapsed = 00:00:00.580 . Memory (MB): peak = 1459.281 ; gain = 134.281

Starting Final Cleanup Task
Ending Final Cleanup Task | Checksum: 18ca258b7

Time (s): cpu = 00:00:00 ; elapsed = 00:00:00 . Memory (MB): peak = 1459.281 ; gain = 0.000

Starting Netlist Obfuscation Task
Netlist sorting complete. Time (s): cpu = 00:00:00 ; elapsed = 00:00:00.001 . Memory (MB): peak = 1459.281 ; gain = 0.000
Ending Netlist Obfuscation Task | Checksum: 18ca258b7

Time (s): cpu = 00:00:00 ; elapsed = 00:00:00.001 . Memory (MB): peak = 1459.281 ; gain = 0.000
INFO: [Common 17-83] Releasing license: Implementation
30 Infos, 0 Warnings, 0 Critical Warnings and 0 Errors encountered.
opt_design completed successfully
opt_design: Time (s): cpu = 00:00:12 ; elapsed = 00:00:11 . Memory (MB): peak = 1459.281 ; gain = 832.238
Netlist sorting complete. Time (s): cpu = 00:00:00 ; elapsed = 00:00:00.001 . Memory (MB): peak = 1459.281 ; gain = 0.000
INFO: [Timing 38-480] Writing timing data to binary archive.
Writing placer database...
Writing XDEF routing.
Writing XDEF routing logical nets.
Writing XDEF routing special nets.
Write XDEF Complete: Time (s): cpu = 00:00:00 ; elapsed = 00:00:00.072 . Memory (MB): peak = 1459.281 ; gain = 0.000
INFO: [Common 17-1381] The checkpoint 'C:/Users/Razer/Documents/alchitry/1D_CPU/work/vivado/1D_CPU/1D_CPU.runs/impl_1/au_top_0_opt.dcp' has been generated.
INFO: [runtcl-4] Executing : report_drc -file au_top_0_drc_opted.rpt -pb au_top_0_drc_opted.pb -rpx au_top_0_drc_opted.rpx
Command: report_drc -file au_top_0_drc_opted.rpt -pb au_top_0_drc_opted.pb -rpx au_top_0_drc_opted.rpx
INFO: [IP_Flow 19-234] Refreshing IP repositories
INFO: [IP_Flow 19-1704] No user IP repositories specified
INFO: [IP_Flow 19-2313] Loaded Vivado IP repository 'C:/Xilinx/Vivado/2019.1/data/ip'.
INFO: [DRC 23-27] Running DRC with 2 threads
INFO: [Coretcl 2-168] The results of DRC are in file C:/Users/Razer/Documents/alchitry/1D_CPU/work/vivado/1D_CPU/1D_CPU.runs/impl_1/au_top_0_drc_opted.rpt.
report_drc completed successfully
Command: place_design
Attempting to get a license for feature 'Implementation' and/or device 'xc7a35t'
INFO: [Common 17-349] Got license for feature 'Implementation' and/or device 'xc7a35t'
INFO: [DRC 23-27] Running DRC with 2 threads
INFO: [Vivado_Tcl 4-198] DRC finished with 0 Errors
INFO: [Vivado_Tcl 4-199] Please refer to the DRC report (report_drc) for more information.
Running DRC as a precondition to command place_design
INFO: [DRC 23-27] Running DRC with 2 threads
INFO: [Vivado_Tcl 4-198] DRC finished with 0 Errors
INFO: [Vivado_Tcl 4-199] Please refer to the DRC report (report_drc) for more information.

Starting Placer Task
INFO: [Place 30-611] Multithreading enabled for place_design using a maximum of 2 CPUs

Phase 1 Placer Initialization

Phase 1.1 Placer Initialization Netlist Sorting
Netlist sorting complete. Time (s): cpu = 00:00:00 ; elapsed = 00:00:00 . Memory (MB): peak = 1459.281 ; gain = 0.000
Phase 1.1 Placer Initialization Netlist Sorting | Checksum: e17246a8

Time (s): cpu = 00:00:00 ; elapsed = 00:00:00.006 . Memory (MB): peak = 1459.281 ; gain = 0.000
Netlist sorting complete. Time (s): cpu = 00:00:00 ; elapsed = 00:00:00 . Memory (MB): peak = 1459.281 ; gain = 0.000

Phase 1.2 IO Placement/ Clock Placement/ Build Placer Device
INFO: [Timing 38-35] Done setting XDC timing constraints.
Phase 1.2 IO Placement/ Clock Placement/ Build Placer Device | Checksum: 1d898dfeb

Time (s): cpu = 00:00:01 ; elapsed = 00:00:00.707 . Memory (MB): peak = 1459.281 ; gain = 0.000

Phase 1.3 Build Placer Netlist Model
Phase 1.3 Build Placer Netlist Model | Checksum: 290753f32

Time (s): cpu = 00:00:01 ; elapsed = 00:00:00.955 . Memory (MB): peak = 1459.281 ; gain = 0.000

Phase 1.4 Constrain Clocks/Macros
Phase 1.4 Constrain Clocks/Macros | Checksum: 290753f32

Time (s): cpu = 00:00:01 ; elapsed = 00:00:00.960 . Memory (MB): peak = 1459.281 ; gain = 0.000
Phase 1 Placer Initialization | Checksum: 290753f32

Time (s): cpu = 00:00:01 ; elapsed = 00:00:00.963 . Memory (MB): peak = 1459.281 ; gain = 0.000

Phase 2 Global Placement

Phase 2.1 Floorplanning
Phase 2.1 Floorplanning | Checksum: 23568fe85

Time (s): cpu = 00:00:02 ; elapsed = 00:00:01 . Memory (MB): peak = 1459.281 ; gain = 0.000

Phase 2.2 Global Placement Core

Phase 2.2.1 Physical Synthesis In Placer
INFO: [Physopt 32-65] No nets found for high-fanout optimization.
INFO: [Physopt 32-232] Optimized 0 net. Created 0 new instance.
INFO: [Physopt 32-775] End 1 Pass. Optimized 0 net or cell. Created 0 new cell, deleted 0 existing cell and moved 0 existing cell
INFO: [Physopt 32-670] No setup violation found.  DSP Register Optimization was not performed.
INFO: [Physopt 32-670] No setup violation found.  Shift Register Optimization was not performed.
INFO: [Physopt 32-670] No setup violation found.  BRAM Register Optimization was not performed.
INFO: [Physopt 32-949] No candidate nets found for HD net replication
INFO: [Physopt 32-775] End 1 Pass. Optimized 0 net or cell. Created 0 new cell, deleted 0 existing cell and moved 0 existing cell
Netlist sorting complete. Time (s): cpu = 00:00:00 ; elapsed = 00:00:00 . Memory (MB): peak = 1459.281 ; gain = 0.000

Summary of Physical Synthesis Optimizations
============================================


----------------------------------------------------------------------------------------------------------------------------------------
|  Optimization                  |  Added Cells  |  Removed Cells  |  Optimized Cells/Nets  |  Dont Touch  |  Iterations  |  Elapsed   |
----------------------------------------------------------------------------------------------------------------------------------------
|  Very High Fanout              |            0  |              0  |                     0  |           0  |           1  |  00:00:00  |
|  DSP Register                  |            0  |              0  |                     0  |           0  |           0  |  00:00:00  |
|  Shift Register                |            0  |              0  |                     0  |           0  |           0  |  00:00:00  |
|  BRAM Register                 |            0  |              0  |                     0  |           0  |           0  |  00:00:00  |
|  HD Interface Net Replication  |            0  |              0  |                     0  |           0  |           1  |  00:00:00  |
|  Total                         |            0  |              0  |                     0  |           0  |           2  |  00:00:00  |
----------------------------------------------------------------------------------------------------------------------------------------


Phase 2.2.1 Physical Synthesis In Placer | Checksum: 18ef6b2d5

Time (s): cpu = 00:00:05 ; elapsed = 00:00:03 . Memory (MB): peak = 1459.281 ; gain = 0.000
Phase 2.2 Global Placement Core | Checksum: 23f1a7871

Time (s): cpu = 00:00:05 ; elapsed = 00:00:03 . Memory (MB): peak = 1459.281 ; gain = 0.000
Phase 2 Global Placement | Checksum: 23f1a7871

Time (s): cpu = 00:00:05 ; elapsed = 00:00:03 . Memory (MB): peak = 1459.281 ; gain = 0.000

Phase 3 Detail Placement

Phase 3.1 Commit Multi Column Macros
Phase 3.1 Commit Multi Column Macros | Checksum: 22b42bcca

Time (s): cpu = 00:00:05 ; elapsed = 00:00:03 . Memory (MB): peak = 1459.281 ; gain = 0.000

Phase 3.2 Commit Most Macros & LUTRAMs
Phase 3.2 Commit Most Macros & LUTRAMs | Checksum: 2147fe473

Time (s): cpu = 00:00:05 ; elapsed = 00:00:03 . Memory (MB): peak = 1459.281 ; gain = 0.000

Phase 3.3 Area Swap Optimization
Phase 3.3 Area Swap Optimization | Checksum: 2afd0d492

Time (s): cpu = 00:00:05 ; elapsed = 00:00:03 . Memory (MB): peak = 1459.281 ; gain = 0.000

Phase 3.4 Pipeline Register Optimization
Phase 3.4 Pipeline Register Optimization | Checksum: 27d7b5ada

Time (s): cpu = 00:00:05 ; elapsed = 00:00:03 . Memory (MB): peak = 1459.281 ; gain = 0.000

Phase 3.5 Small Shape Detail Placement
Phase 3.5 Small Shape Detail Placement | Checksum: 170fd618b

Time (s): cpu = 00:00:05 ; elapsed = 00:00:03 . Memory (MB): peak = 1459.281 ; gain = 0.000

Phase 3.6 Re-assign LUT pins
Phase 3.6 Re-assign LUT pins | Checksum: 1a27b4cc8

Time (s): cpu = 00:00:05 ; elapsed = 00:00:03 . Memory (MB): peak = 1459.281 ; gain = 0.000

Phase 3.7 Pipeline Register Optimization
Phase 3.7 Pipeline Register Optimization | Checksum: 1e1926cd8

Time (s): cpu = 00:00:05 ; elapsed = 00:00:03 . Memory (MB): peak = 1459.281 ; gain = 0.000
Phase 3 Detail Placement | Checksum: 1e1926cd8

Time (s): cpu = 00:00:05 ; elapsed = 00:00:03 . Memory (MB): peak = 1459.281 ; gain = 0.000

Phase 4 Post Placement Optimization and Clean-Up

Phase 4.1 Post Commit Optimization
INFO: [Timing 38-35] Done setting XDC timing constraints.

Phase 4.1.1 Post Placement Optimization
Post Placement Optimization Initialization | Checksum: 25900d185

Phase 4.1.1.1 BUFG Insertion
INFO: [Place 46-56] BUFG insertion identified 0 candidate nets. Inserted BUFG: 0, Replicated BUFG Driver: 0, Skipped due to Placement/Routing Conflicts: 0, Skipped due to Timing Degradation: 0, Skipped due to Illegal Netlist: 0.
Phase 4.1.1.1 BUFG Insertion | Checksum: 25900d185

Time (s): cpu = 00:00:06 ; elapsed = 00:00:03 . Memory (MB): peak = 1459.281 ; gain = 0.000
INFO: [Place 30-746] Post Placement Timing Summary WNS=4.179. For the most accurate timing information please run report_timing.
Phase 4.1.1 Post Placement Optimization | Checksum: 1c08882dc

Time (s): cpu = 00:00:06 ; elapsed = 00:00:03 . Memory (MB): peak = 1459.281 ; gain = 0.000
Phase 4.1 Post Commit Optimization | Checksum: 1c08882dc

Time (s): cpu = 00:00:06 ; elapsed = 00:00:03 . Memory (MB): peak = 1459.281 ; gain = 0.000

Phase 4.2 Post Placement Cleanup
Phase 4.2 Post Placement Cleanup | Checksum: 1c08882dc

Time (s): cpu = 00:00:06 ; elapsed = 00:00:03 . Memory (MB): peak = 1459.281 ; gain = 0.000

Phase 4.3 Placer Reporting
Phase 4.3 Placer Reporting | Checksum: 1c08882dc

Time (s): cpu = 00:00:06 ; elapsed = 00:00:03 . Memory (MB): peak = 1459.281 ; gain = 0.000

Phase 4.4 Final Placement Cleanup
Netlist sorting complete. Time (s): cpu = 00:00:00 ; elapsed = 00:00:00.001 . Memory (MB): peak = 1459.281 ; gain = 0.000
Phase 4.4 Final Placement Cleanup | Checksum: 1d285821c

Time (s): cpu = 00:00:06 ; elapsed = 00:00:03 . Memory (MB): peak = 1459.281 ; gain = 0.000
Phase 4 Post Placement Optimization and Clean-Up | Checksum: 1d285821c

Time (s): cpu = 00:00:06 ; elapsed = 00:00:03 . Memory (MB): peak = 1459.281 ; gain = 0.000
Ending Placer Task | Checksum: 18c321d77

Time (s): cpu = 00:00:06 ; elapsed = 00:00:03 . Memory (MB): peak = 1459.281 ; gain = 0.000
INFO: [Common 17-83] Releasing license: Implementation
59 Infos, 0 Warnings, 0 Critical Warnings and 0 Errors encountered.
place_design completed successfully
Netlist sorting complete. Time (s): cpu = 00:00:00 ; elapsed = 00:00:00 . Memory (MB): peak = 1459.281 ; gain = 0.000
INFO: [Timing 38-480] Writing timing data to binary archive.
Writing placer database...
Writing XDEF routing.
Writing XDEF routing logical nets.
Writing XDEF routing special nets.
Write XDEF Complete: Time (s): cpu = 00:00:00 ; elapsed = 00:00:00.124 . Memory (MB): peak = 1459.281 ; gain = 0.000
INFO: [Common 17-1381] The checkpoint 'C:/Users/Razer/Documents/alchitry/1D_CPU/work/vivado/1D_CPU/1D_CPU.runs/impl_1/au_top_0_placed.dcp' has been generated.
INFO: [runtcl-4] Executing : report_io -file au_top_0_io_placed.rpt
report_io: Time (s): cpu = 00:00:00 ; elapsed = 00:00:00.059 . Memory (MB): peak = 1459.281 ; gain = 0.000
INFO: [runtcl-4] Executing : report_utilization -file au_top_0_utilization_placed.rpt -pb au_top_0_utilization_placed.pb
INFO: [runtcl-4] Executing : report_control_sets -verbose -file au_top_0_control_sets_placed.rpt
report_control_sets: Time (s): cpu = 00:00:00 ; elapsed = 00:00:00.006 . Memory (MB): peak = 1459.281 ; gain = 0.000
Command: route_design
Attempting to get a license for feature 'Implementation' and/or device 'xc7a35t'
INFO: [Common 17-349] Got license for feature 'Implementation' and/or device 'xc7a35t'
Running DRC as a precondition to command route_design
INFO: [DRC 23-27] Running DRC with 2 threads
INFO: [Vivado_Tcl 4-198] DRC finished with 0 Errors
INFO: [Vivado_Tcl 4-199] Please refer to the DRC report (report_drc) for more information.


Starting Routing Task
INFO: [Route 35-254] Multithreading enabled for route_design using a maximum of 2 CPUs
Checksum: PlaceDB: c812578a ConstDB: 0 ShapeSum: c41fc5ed RouteDB: 0

Phase 1 Build RT Design
Phase 1 Build RT Design | Checksum: 10633e416

Time (s): cpu = 00:00:22 ; elapsed = 00:00:20 . Memory (MB): peak = 1459.281 ; gain = 0.000
Post Restoration Checksum: NetGraph: 89d34f3f NumContArr: 7c6094d7 Constraints: 0 Timing: 0

Phase 2 Router Initialization

Phase 2.1 Create Timer
Phase 2.1 Create Timer | Checksum: 10633e416

Time (s): cpu = 00:00:22 ; elapsed = 00:00:20 . Memory (MB): peak = 1472.191 ; gain = 12.910

Phase 2.2 Fix Topology Constraints
Phase 2.2 Fix Topology Constraints | Checksum: 10633e416

Time (s): cpu = 00:00:22 ; elapsed = 00:00:20 . Memory (MB): peak = 1478.195 ; gain = 18.914

Phase 2.3 Pre Route Cleanup
Phase 2.3 Pre Route Cleanup | Checksum: 10633e416

Time (s): cpu = 00:00:22 ; elapsed = 00:00:20 . Memory (MB): peak = 1478.195 ; gain = 18.914
 Number of Nodes with overlaps = 0

Phase 2.4 Update Timing
Phase 2.4 Update Timing | Checksum: efef13f2

Time (s): cpu = 00:00:22 ; elapsed = 00:00:20 . Memory (MB): peak = 1486.461 ; gain = 27.180
INFO: [Route 35-416] Intermediate Timing Summary | WNS=4.294  | TNS=0.000  | WHS=-0.091 | THS=-1.467 |

Phase 2 Router Initialization | Checksum: d6374825

Time (s): cpu = 00:00:22 ; elapsed = 00:00:20 . Memory (MB): peak = 1486.461 ; gain = 27.180

Router Utilization Summary
  Global Vertical Routing Utilization    = 0 %
  Global Horizontal Routing Utilization  = 0 %
  Routable Net Status*
  *Does not include unroutable nets such as driverless and loadless.
  Run report_route_status for detailed report.
  Number of Failed Nets               = 542
    (Failed Nets is the sum of unrouted and partially routed nets)
  Number of Unrouted Nets             = 542
  Number of Partially Routed Nets     = 0
  Number of Node Overlaps             = 0


Phase 3 Initial Routing
Phase 3 Initial Routing | Checksum: 1ceeb5e20

Time (s): cpu = 00:00:23 ; elapsed = 00:00:20 . Memory (MB): peak = 1486.461 ; gain = 27.180

Phase 4 Rip-up And Reroute

Phase 4.1 Global Iteration 0
 Number of Nodes with overlaps = 53
 Number of Nodes with overlaps = 0
INFO: [Route 35-416] Intermediate Timing Summary | WNS=3.632  | TNS=0.000  | WHS=N/A    | THS=N/A    |

Phase 4.1 Global Iteration 0 | Checksum: 1b7c24d58

Time (s): cpu = 00:00:23 ; elapsed = 00:00:20 . Memory (MB): peak = 1486.461 ; gain = 27.180
Phase 4 Rip-up And Reroute | Checksum: 1b7c24d58

Time (s): cpu = 00:00:23 ; elapsed = 00:00:20 . Memory (MB): peak = 1486.461 ; gain = 27.180

Phase 5 Delay and Skew Optimization

Phase 5.1 Delay CleanUp

Phase 5.1.1 Update Timing
Phase 5.1.1 Update Timing | Checksum: 2080582f6

Time (s): cpu = 00:00:23 ; elapsed = 00:00:20 . Memory (MB): peak = 1486.461 ; gain = 27.180
INFO: [Route 35-416] Intermediate Timing Summary | WNS=3.632  | TNS=0.000  | WHS=N/A    | THS=N/A    |

Phase 5.1 Delay CleanUp | Checksum: 2080582f6

Time (s): cpu = 00:00:23 ; elapsed = 00:00:20 . Memory (MB): peak = 1486.461 ; gain = 27.180

Phase 5.2 Clock Skew Optimization
Phase 5.2 Clock Skew Optimization | Checksum: 2080582f6

Time (s): cpu = 00:00:23 ; elapsed = 00:00:20 . Memory (MB): peak = 1486.461 ; gain = 27.180
Phase 5 Delay and Skew Optimization | Checksum: 2080582f6

Time (s): cpu = 00:00:23 ; elapsed = 00:00:20 . Memory (MB): peak = 1486.461 ; gain = 27.180

Phase 6 Post Hold Fix

Phase 6.1 Hold Fix Iter

Phase 6.1.1 Update Timing
Phase 6.1.1 Update Timing | Checksum: 187fbd22b

Time (s): cpu = 00:00:23 ; elapsed = 00:00:20 . Memory (MB): peak = 1486.461 ; gain = 27.180
INFO: [Route 35-416] Intermediate Timing Summary | WNS=3.632  | TNS=0.000  | WHS=0.184  | THS=0.000  |

Phase 6.1 Hold Fix Iter | Checksum: 16346d702

Time (s): cpu = 00:00:23 ; elapsed = 00:00:20 . Memory (MB): peak = 1486.461 ; gain = 27.180
Phase 6 Post Hold Fix | Checksum: 16346d702

Time (s): cpu = 00:00:23 ; elapsed = 00:00:20 . Memory (MB): peak = 1486.461 ; gain = 27.180

Phase 7 Route finalize

Router Utilization Summary
  Global Vertical Routing Utilization    = 0.144463 %
  Global Horizontal Routing Utilization  = 0.146799 %
  Routable Net Status*
  *Does not include unroutable nets such as driverless and loadless.
  Run report_route_status for detailed report.
  Number of Failed Nets               = 0
    (Failed Nets is the sum of unrouted and partially routed nets)
  Number of Unrouted Nets             = 0
  Number of Partially Routed Nets     = 0
  Number of Node Overlaps             = 0

Phase 7 Route finalize | Checksum: 1b01bcd99

Time (s): cpu = 00:00:23 ; elapsed = 00:00:20 . Memory (MB): peak = 1486.461 ; gain = 27.180

Phase 8 Verifying routed nets

 Verification completed successfully
Phase 8 Verifying routed nets | Checksum: 1b01bcd99

Time (s): cpu = 00:00:23 ; elapsed = 00:00:20 . Memory (MB): peak = 1486.613 ; gain = 27.332

Phase 9 Depositing Routes
Phase 9 Depositing Routes | Checksum: f1786412

Time (s): cpu = 00:00:23 ; elapsed = 00:00:21 . Memory (MB): peak = 1486.613 ; gain = 27.332

Phase 10 Post Router Timing
INFO: [Route 35-57] Estimated Timing Summary | WNS=3.632  | TNS=0.000  | WHS=0.184  | THS=0.000  |

INFO: [Route 35-327] The final timing numbers are based on the router estimated timing analysis. For a complete and accurate timing signoff, please run report_timing_summary.
Phase 10 Post Router Timing | Checksum: f1786412

Time (s): cpu = 00:00:23 ; elapsed = 00:00:21 . Memory (MB): peak = 1486.613 ; gain = 27.332
INFO: [Route 35-16] Router Completed Successfully

Time (s): cpu = 00:00:23 ; elapsed = 00:00:21 . Memory (MB): peak = 1486.613 ; gain = 27.332

Routing Is Done.
INFO: [Common 17-83] Releasing license: Implementation
77 Infos, 0 Warnings, 0 Critical Warnings and 0 Errors encountered.
route_design completed successfully
route_design: Time (s): cpu = 00:00:25 ; elapsed = 00:00:22 . Memory (MB): peak = 1486.613 ; gain = 27.332
Netlist sorting complete. Time (s): cpu = 00:00:00 ; elapsed = 00:00:00 . Memory (MB): peak = 1486.613 ; gain = 0.000
INFO: [Timing 38-480] Writing timing data to binary archive.
Writing placer database...
Writing XDEF routing.
Writing XDEF routing logical nets.
Writing XDEF routing special nets.
Write XDEF Complete: Time (s): cpu = 00:00:00 ; elapsed = 00:00:00.120 . Memory (MB): peak = 1496.473 ; gain = 9.859
INFO: [Common 17-1381] The checkpoint 'C:/Users/Razer/Documents/alchitry/1D_CPU/work/vivado/1D_CPU/1D_CPU.runs/impl_1/au_top_0_routed.dcp' has been generated.
INFO: [runtcl-4] Executing : report_drc -file au_top_0_drc_routed.rpt -pb au_top_0_drc_routed.pb -rpx au_top_0_drc_routed.rpx
Command: report_drc -file au_top_0_drc_routed.rpt -pb au_top_0_drc_routed.pb -rpx au_top_0_drc_routed.rpx
INFO: [IP_Flow 19-1839] IP Catalog is up to date.
INFO: [DRC 23-27] Running DRC with 2 threads
INFO: [Coretcl 2-168] The results of DRC are in file C:/Users/Razer/Documents/alchitry/1D_CPU/work/vivado/1D_CPU/1D_CPU.runs/impl_1/au_top_0_drc_routed.rpt.
report_drc completed successfully
INFO: [runtcl-4] Executing : report_methodology -file au_top_0_methodology_drc_routed.rpt -pb au_top_0_methodology_drc_routed.pb -rpx au_top_0_methodology_drc_routed.rpx
Command: report_methodology -file au_top_0_methodology_drc_routed.rpt -pb au_top_0_methodology_drc_routed.pb -rpx au_top_0_methodology_drc_routed.rpx
INFO: [Timing 38-35] Done setting XDC timing constraints.
INFO: [DRC 23-133] Running Methodology with 2 threads
INFO: [Coretcl 2-1520] The results of Report Methodology are in file C:/Users/Razer/Documents/alchitry/1D_CPU/work/vivado/1D_CPU/1D_CPU.runs/impl_1/au_top_0_methodology_drc_routed.rpt.
report_methodology completed successfully
INFO: [runtcl-4] Executing : report_power -file au_top_0_power_routed.rpt -pb au_top_0_power_summary_routed.pb -rpx au_top_0_power_routed.rpx
Command: report_power -file au_top_0_power_routed.rpt -pb au_top_0_power_summary_routed.pb -rpx au_top_0_power_routed.rpx
INFO: [Timing 38-35] Done setting XDC timing constraints.
Running Vector-less Activity Propagation...

Finished Running Vector-less Activity Propagation
89 Infos, 0 Warnings, 0 Critical Warnings and 0 Errors encountered.
report_power completed successfully
INFO: [runtcl-4] Executing : report_route_status -file au_top_0_route_status.rpt -pb au_top_0_route_status.pb
INFO: [runtcl-4] Executing : report_timing_summary -max_paths 10 -file au_top_0_timing_summary_routed.rpt -pb au_top_0_timing_summary_routed.pb -rpx au_top_0_timing_summary_routed.rpx -warn_on_violation 
INFO: [Timing 38-91] UpdateTimingParams: Speed grade: -1, Delay Type: min_max.
INFO: [Timing 38-191] Multithreading enabled for timing update using a maximum of 2 CPUs
INFO: [runtcl-4] Executing : report_incremental_reuse -file au_top_0_incremental_reuse_routed.rpt
INFO: [Vivado_Tcl 4-1062] Incremental flow is disabled. No incremental reuse Info to report.
INFO: [runtcl-4] Executing : report_clock_utilization -file au_top_0_clock_utilization_routed.rpt
INFO: [runtcl-4] Executing : report_bus_skew -warn_on_violation -file au_top_0_bus_skew_routed.rpt -pb au_top_0_bus_skew_routed.pb -rpx au_top_0_bus_skew_routed.rpx
INFO: [Timing 38-91] UpdateTimingParams: Speed grade: -1, Delay Type: min_max.
INFO: [Timing 38-191] Multithreading enabled for timing update using a maximum of 2 CPUs
Command: write_bitstream -force au_top_0.bit -bin_file
Attempting to get a license for feature 'Implementation' and/or device 'xc7a35t'
INFO: [Common 17-349] Got license for feature 'Implementation' and/or device 'xc7a35t'
Running DRC as a precondition to command write_bitstream
INFO: [IP_Flow 19-1839] IP Catalog is up to date.
INFO: [DRC 23-27] Running DRC with 2 threads
INFO: [Vivado 12-3199] DRC finished with 0 Errors
INFO: [Vivado 12-3200] Please refer to the DRC report (report_drc) for more information.
INFO: [Designutils 20-2272] Running write_bitstream with 2 threads.
Loading data files...
Loading site data...
Loading route data...
Processing options...
Creating bitmap...
Creating bitstream...
Bitstream compression saved 14117664 bits.
Writing bitstream ./au_top_0.bit...
Writing bitstream ./au_top_0.bin...
INFO: [Vivado 12-1842] Bitgen Completed Successfully.
INFO: [Project 1-120] WebTalk data collection is mandatory when using a WebPACK part without a full Vivado license. To see the specific WebTalk data collected for your design, open the usage_statistics_webtalk.html or usage_statistics_webtalk.xml file in the implementation directory.
INFO: [Common 17-186] 'C:/Users/Razer/Documents/alchitry/1D_CPU/work/vivado/1D_CPU/1D_CPU.runs/impl_1/usage_statistics_webtalk.xml' has been successfully sent to Xilinx on Sun Mar 27 22:16:34 2022. For additional details about this file, please refer to the WebTalk help file at C:/Xilinx/Vivado/2019.1/doc/webtalk_introduction.html.
INFO: [Common 17-83] Releasing license: Implementation
109 Infos, 0 Warnings, 0 Critical Warnings and 0 Errors encountered.
write_bitstream completed successfully
write_bitstream: Time (s): cpu = 00:00:12 ; elapsed = 00:00:14 . Memory (MB): peak = 1943.059 ; gain = 423.191
INFO: [Common 17-206] Exiting Vivado at Sun Mar 27 22:16:34 2022...
[Sun Mar 27 22:16:35 2022] impl_1 finished
wait_on_run: Time (s): cpu = 00:00:01 ; elapsed = 00:01:16 . Memory (MB): peak = 286.887 ; gain = 0.000
INFO: [Common 17-206] Exiting Vivado at Sun Mar 27 22:16:35 2022...
Vivado exited.

Finished building project.
